{"/home/sukipon/ETNA/idv-web/group-950231/authentication/app.js": {"path":"/home/sukipon/ETNA/idv-web/group-950231/authentication/app.js","statementMap":{"0":{"start":{"line":1,"column":16},"end":{"line":1,"column":34}},"1":{"start":{"line":2,"column":12},"end":{"line":2,"column":38}},"2":{"start":{"line":3,"column":20},"end":{"line":3,"column":51}},"3":{"start":{"line":4,"column":13},"end":{"line":4,"column":37}},"4":{"start":{"line":5,"column":40},"end":{"line":5,"column":70}},"5":{"start":{"line":6,"column":13},"end":{"line":6,"column":28}},"6":{"start":{"line":7,"column":17},"end":{"line":7,"column":50}},"7":{"start":{"line":14,"column":0},"end":{"line":22,"column":1}},"8":{"start":{"line":15,"column":4},"end":{"line":15,"column":21}},"9":{"start":{"line":16,"column":4},"end":{"line":16,"column":32}},"10":{"start":{"line":17,"column":4},"end":{"line":17,"column":17}},"11":{"start":{"line":18,"column":7},"end":{"line":22,"column":1}},"12":{"start":{"line":19,"column":4},"end":{"line":19,"column":22}},"13":{"start":{"line":20,"column":4},"end":{"line":20,"column":36}},"14":{"start":{"line":21,"column":4},"end":{"line":21,"column":16}},"15":{"start":{"line":33,"column":0},"end":{"line":33,"column":26}},"16":{"start":{"line":60,"column":12},"end":{"line":60,"column":21}},"17":{"start":{"line":62,"column":18},"end":{"line":62,"column":42}},"18":{"start":{"line":63,"column":18},"end":{"line":63,"column":42}},"19":{"start":{"line":64,"column":25},"end":{"line":64,"column":56}},"20":{"start":{"line":66,"column":0},"end":{"line":66,"column":24}},"21":{"start":{"line":67,"column":0},"end":{"line":67,"column":16}},"22":{"start":{"line":68,"column":0},"end":{"line":68,"column":28}},"23":{"start":{"line":69,"column":0},"end":{"line":69,"column":28}},"24":{"start":{"line":70,"column":0},"end":{"line":70,"column":35}},"25":{"start":{"line":72,"column":0},"end":{"line":72,"column":21}}},"fnMap":{},"branchMap":{"0":{"loc":{"start":{"line":14,"column":0},"end":{"line":22,"column":1}},"type":"if","locations":[{"start":{"line":14,"column":0},"end":{"line":22,"column":1}},{"start":{"line":18,"column":7},"end":{"line":22,"column":1}}],"line":14},"1":{"loc":{"start":{"line":18,"column":7},"end":{"line":22,"column":1}},"type":"if","locations":[{"start":{"line":18,"column":7},"end":{"line":22,"column":1}},{"start":{},"end":{}}],"line":18}},"s":{"0":3,"1":3,"2":3,"3":3,"4":3,"5":3,"6":3,"7":3,"8":0,"9":0,"10":0,"11":3,"12":3,"13":3,"14":3,"15":3,"16":3,"17":3,"18":3,"19":3,"20":3,"21":3,"22":3,"23":3,"24":3,"25":3},"f":{},"b":{"0":[0,3],"1":[3,0]},"_coverageSchema":"1a1c01bbd47fc00a2c39e90264f33305004495a9","hash":"e56fea412e7bc5c99b0469cbe72ff0eb55744a44"}
,"/home/sukipon/ETNA/idv-web/group-950231/authentication/middlewares/security.js": {"path":"/home/sukipon/ETNA/idv-web/group-950231/authentication/middlewares/security.js","statementMap":{"0":{"start":{"line":1,"column":12},"end":{"line":1,"column":35}},"1":{"start":{"line":2,"column":17},"end":{"line":2,"column":37}},"2":{"start":{"line":3,"column":13},"end":{"line":3,"column":38}},"3":{"start":{"line":5,"column":19},"end":{"line":38,"column":1}},"4":{"start":{"line":7,"column":4},"end":{"line":37,"column":5}},"5":{"start":{"line":8,"column":8},"end":{"line":12,"column":9}},"6":{"start":{"line":9,"column":12},"end":{"line":9,"column":50}},"7":{"start":{"line":10,"column":15},"end":{"line":12,"column":9}},"8":{"start":{"line":11,"column":12},"end":{"line":11,"column":55}},"9":{"start":{"line":13,"column":8},"end":{"line":31,"column":9}},"10":{"start":{"line":14,"column":26},"end":{"line":14,"column":46}},"11":{"start":{"line":15,"column":12},"end":{"line":15,"column":31}},"12":{"start":{"line":16,"column":12},"end":{"line":28,"column":14}},"13":{"start":{"line":17,"column":16},"end":{"line":27,"column":17}},"14":{"start":{"line":18,"column":20},"end":{"line":22,"column":21}},"15":{"start":{"line":19,"column":24},"end":{"line":19,"column":94}},"16":{"start":{"line":21,"column":24},"end":{"line":21,"column":90}},"17":{"start":{"line":25,"column":20},"end":{"line":25,"column":40}},"18":{"start":{"line":26,"column":20},"end":{"line":26,"column":27}},"19":{"start":{"line":30,"column":12},"end":{"line":30,"column":77}},"20":{"start":{"line":33,"column":8},"end":{"line":35,"column":11}},"21":{"start":{"line":40,"column":28},"end":{"line":58,"column":1}},"22":{"start":{"line":41,"column":4},"end":{"line":57,"column":5}},"23":{"start":{"line":42,"column":25},"end":{"line":42,"column":61}},"24":{"start":{"line":43,"column":8},"end":{"line":45,"column":9}},"25":{"start":{"line":44,"column":12},"end":{"line":44,"column":78}},"26":{"start":{"line":46,"column":34},"end":{"line":46,"column":102}},"27":{"start":{"line":47,"column":33},"end":{"line":47,"column":78}},"28":{"start":{"line":48,"column":8},"end":{"line":52,"column":9}},"29":{"start":{"line":49,"column":12},"end":{"line":49,"column":19}},"30":{"start":{"line":51,"column":12},"end":{"line":51,"column":80}},"31":{"start":{"line":54,"column":8},"end":{"line":56,"column":11}},"32":{"start":{"line":59,"column":33},"end":{"line":81,"column":1}},"33":{"start":{"line":60,"column":4},"end":{"line":80,"column":5}},"34":{"start":{"line":61,"column":25},"end":{"line":61,"column":61}},"35":{"start":{"line":62,"column":8},"end":{"line":64,"column":9}},"36":{"start":{"line":63,"column":12},"end":{"line":63,"column":78}},"37":{"start":{"line":65,"column":8},"end":{"line":75,"column":9}},"38":{"start":{"line":66,"column":38},"end":{"line":66,"column":106}},"39":{"start":{"line":67,"column":37},"end":{"line":67,"column":82}},"40":{"start":{"line":68,"column":12},"end":{"line":72,"column":13}},"41":{"start":{"line":69,"column":16},"end":{"line":69,"column":23}},"42":{"start":{"line":71,"column":16},"end":{"line":71,"column":84}},"43":{"start":{"line":74,"column":12},"end":{"line":74,"column":77}},"44":{"start":{"line":77,"column":8},"end":{"line":79,"column":11}},"45":{"start":{"line":84,"column":31},"end":{"line":98,"column":1}},"46":{"start":{"line":85,"column":21},"end":{"line":87,"column":6}},"47":{"start":{"line":88,"column":4},"end":{"line":90,"column":5}},"48":{"start":{"line":89,"column":8},"end":{"line":89,"column":74}},"49":{"start":{"line":91,"column":30},"end":{"line":91,"column":98}},"50":{"start":{"line":92,"column":29},"end":{"line":92,"column":74}},"51":{"start":{"line":93,"column":4},"end":{"line":97,"column":5}},"52":{"start":{"line":94,"column":8},"end":{"line":94,"column":15}},"53":{"start":{"line":96,"column":8},"end":{"line":96,"column":76}},"54":{"start":{"line":112,"column":0},"end":{"line":112,"column":103}}},"fnMap":{"0":{"name":"(anonymous_0)","decl":{"start":{"line":5,"column":19},"end":{"line":5,"column":20}},"loc":{"start":{"line":5,"column":48},"end":{"line":38,"column":1}},"line":5},"1":{"name":"(anonymous_1)","decl":{"start":{"line":16,"column":54},"end":{"line":16,"column":55}},"loc":{"start":{"line":16,"column":71},"end":{"line":28,"column":13}},"line":16},"2":{"name":"(anonymous_2)","decl":{"start":{"line":40,"column":28},"end":{"line":40,"column":29}},"loc":{"start":{"line":40,"column":63},"end":{"line":58,"column":1}},"line":40},"3":{"name":"(anonymous_3)","decl":{"start":{"line":59,"column":33},"end":{"line":59,"column":34}},"loc":{"start":{"line":59,"column":68},"end":{"line":81,"column":1}},"line":59},"4":{"name":"(anonymous_4)","decl":{"start":{"line":84,"column":31},"end":{"line":84,"column":32}},"loc":{"start":{"line":84,"column":66},"end":{"line":98,"column":1}},"line":84}},"branchMap":{"0":{"loc":{"start":{"line":8,"column":8},"end":{"line":12,"column":9}},"type":"if","locations":[{"start":{"line":8,"column":8},"end":{"line":12,"column":9}},{"start":{"line":10,"column":15},"end":{"line":12,"column":9}}],"line":8},"1":{"loc":{"start":{"line":10,"column":15},"end":{"line":12,"column":9}},"type":"if","locations":[{"start":{"line":10,"column":15},"end":{"line":12,"column":9}},{"start":{},"end":{}}],"line":10},"2":{"loc":{"start":{"line":13,"column":8},"end":{"line":31,"column":9}},"type":"if","locations":[{"start":{"line":13,"column":8},"end":{"line":31,"column":9}},{"start":{"line":29,"column":15},"end":{"line":31,"column":9}}],"line":13},"3":{"loc":{"start":{"line":17,"column":16},"end":{"line":27,"column":17}},"type":"if","locations":[{"start":{"line":17,"column":16},"end":{"line":27,"column":17}},{"start":{"line":24,"column":21},"end":{"line":27,"column":17}}],"line":17},"4":{"loc":{"start":{"line":18,"column":20},"end":{"line":22,"column":21}},"type":"if","locations":[{"start":{"line":18,"column":20},"end":{"line":22,"column":21}},{"start":{"line":20,"column":27},"end":{"line":22,"column":21}}],"line":18},"5":{"loc":{"start":{"line":43,"column":8},"end":{"line":45,"column":9}},"type":"if","locations":[{"start":{"line":43,"column":8},"end":{"line":45,"column":9}},{"start":{},"end":{}}],"line":43},"6":{"loc":{"start":{"line":48,"column":8},"end":{"line":52,"column":9}},"type":"if","locations":[{"start":{"line":48,"column":8},"end":{"line":52,"column":9}},{"start":{"line":50,"column":15},"end":{"line":52,"column":9}}],"line":48},"7":{"loc":{"start":{"line":62,"column":8},"end":{"line":64,"column":9}},"type":"if","locations":[{"start":{"line":62,"column":8},"end":{"line":64,"column":9}},{"start":{},"end":{}}],"line":62},"8":{"loc":{"start":{"line":65,"column":8},"end":{"line":75,"column":9}},"type":"if","locations":[{"start":{"line":65,"column":8},"end":{"line":75,"column":9}},{"start":{"line":73,"column":15},"end":{"line":75,"column":9}}],"line":65},"9":{"loc":{"start":{"line":68,"column":12},"end":{"line":72,"column":13}},"type":"if","locations":[{"start":{"line":68,"column":12},"end":{"line":72,"column":13}},{"start":{"line":70,"column":19},"end":{"line":72,"column":13}}],"line":68},"10":{"loc":{"start":{"line":88,"column":4},"end":{"line":90,"column":5}},"type":"if","locations":[{"start":{"line":88,"column":4},"end":{"line":90,"column":5}},{"start":{},"end":{}}],"line":88},"11":{"loc":{"start":{"line":93,"column":4},"end":{"line":97,"column":5}},"type":"if","locations":[{"start":{"line":93,"column":4},"end":{"line":97,"column":5}},{"start":{"line":95,"column":11},"end":{"line":97,"column":5}}],"line":93}},"s":{"0":3,"1":3,"2":3,"3":3,"4":0,"5":0,"6":0,"7":0,"8":0,"9":0,"10":0,"11":0,"12":0,"13":0,"14":0,"15":0,"16":0,"17":0,"18":0,"19":0,"20":0,"21":3,"22":0,"23":0,"24":0,"25":0,"26":0,"27":0,"28":0,"29":0,"30":0,"31":0,"32":3,"33":0,"34":0,"35":0,"36":0,"37":0,"38":0,"39":0,"40":0,"41":0,"42":0,"43":0,"44":0,"45":3,"46":0,"47":0,"48":0,"49":0,"50":0,"51":0,"52":0,"53":0,"54":3},"f":{"0":0,"1":0,"2":0,"3":0,"4":0},"b":{"0":[0,0],"1":[0,0],"2":[0,0],"3":[0,0],"4":[0,0],"5":[0,0],"6":[0,0],"7":[0,0],"8":[0,0],"9":[0,0],"10":[0,0],"11":[0,0]},"_coverageSchema":"1a1c01bbd47fc00a2c39e90264f33305004495a9","hash":"882dddb294824c7b6758acf0ef523e9b66a4e164"}
,"/home/sukipon/ETNA/idv-web/group-950231/authentication/models/user.js": {"path":"/home/sukipon/ETNA/idv-web/group-950231/authentication/models/user.js","statementMap":{"0":{"start":{"line":1,"column":9},"end":{"line":1,"column":40}},"1":{"start":{"line":2,"column":22},"end":{"line":2,"column":42}},"2":{"start":{"line":3,"column":14},"end":{"line":3,"column":42}},"3":{"start":{"line":4,"column":0},"end":{"line":4,"column":76}},"4":{"start":{"line":6,"column":13},"end":{"line":45,"column":2}},"5":{"start":{"line":48,"column":0},"end":{"line":48,"column":22}}},"fnMap":{},"branchMap":{"0":{"loc":{"start":{"line":4,"column":0},"end":{"line":4,"column":76}},"type":"cond-expr","locations":[{"start":{"line":4,"column":32},"end":{"line":4,"column":52}},{"start":{"line":4,"column":55},"end":{"line":4,"column":76}}],"line":4}},"s":{"0":3,"1":3,"2":3,"3":3,"4":3,"5":3},"f":{},"b":{"0":[0,3]},"_coverageSchema":"1a1c01bbd47fc00a2c39e90264f33305004495a9","hash":"3aae24fe5231cd543fe716fbda49530c7f9d00ab"}
,"/home/sukipon/ETNA/idv-web/group-950231/authentication/models/userAddress.js": {"path":"/home/sukipon/ETNA/idv-web/group-950231/authentication/models/userAddress.js","statementMap":{"0":{"start":{"line":1,"column":9},"end":{"line":1,"column":40}},"1":{"start":{"line":2,"column":22},"end":{"line":2,"column":42}},"2":{"start":{"line":3,"column":0},"end":{"line":3,"column":76}},"3":{"start":{"line":5,"column":20},"end":{"line":35,"column":2}},"4":{"start":{"line":37,"column":0},"end":{"line":37,"column":29}}},"fnMap":{},"branchMap":{"0":{"loc":{"start":{"line":3,"column":0},"end":{"line":3,"column":76}},"type":"cond-expr","locations":[{"start":{"line":3,"column":32},"end":{"line":3,"column":52}},{"start":{"line":3,"column":55},"end":{"line":3,"column":76}}],"line":3}},"s":{"0":3,"1":3,"2":3,"3":3,"4":3},"f":{},"b":{"0":[0,3]},"_coverageSchema":"1a1c01bbd47fc00a2c39e90264f33305004495a9","hash":"d10880b8933c277ab2e3b1b4c68f6481db667781"}
,"/home/sukipon/ETNA/idv-web/group-950231/authentication/routes/auth.js": {"path":"/home/sukipon/ETNA/idv-web/group-950231/authentication/routes/auth.js","statementMap":{"0":{"start":{"line":1,"column":15},"end":{"line":1,"column":42}},"1":{"start":{"line":2,"column":13},"end":{"line":2,"column":38}},"2":{"start":{"line":3,"column":17},"end":{"line":3,"column":37}},"3":{"start":{"line":4,"column":12},"end":{"line":4,"column":35}},"4":{"start":{"line":5,"column":47},"end":{"line":5,"column":81}},"5":{"start":{"line":8,"column":0},"end":{"line":19,"column":2}},"6":{"start":{"line":9,"column":4},"end":{"line":18,"column":5}},"7":{"start":{"line":10,"column":8},"end":{"line":12,"column":11}},"8":{"start":{"line":14,"column":8},"end":{"line":14,"column":26}},"9":{"start":{"line":15,"column":8},"end":{"line":17,"column":11}},"10":{"start":{"line":23,"column":0},"end":{"line":55,"column":3}},"11":{"start":{"line":24,"column":4},"end":{"line":54,"column":5}},"12":{"start":{"line":25,"column":19},"end":{"line":25,"column":29}},"13":{"start":{"line":26,"column":8},"end":{"line":26,"column":45}},"14":{"start":{"line":27,"column":8},"end":{"line":27,"column":53}},"15":{"start":{"line":28,"column":24},"end":{"line":38,"column":10}},"16":{"start":{"line":39,"column":8},"end":{"line":39,"column":29}},"17":{"start":{"line":40,"column":8},"end":{"line":42,"column":11}},"18":{"start":{"line":44,"column":8},"end":{"line":44,"column":26}},"19":{"start":{"line":45,"column":8},"end":{"line":53,"column":9}},"20":{"start":{"line":46,"column":12},"end":{"line":48,"column":15}},"21":{"start":{"line":49,"column":15},"end":{"line":53,"column":9}},"22":{"start":{"line":50,"column":12},"end":{"line":52,"column":15}},"23":{"start":{"line":58,"column":0},"end":{"line":90,"column":3}},"24":{"start":{"line":59,"column":4},"end":{"line":63,"column":5}},"25":{"start":{"line":60,"column":8},"end":{"line":62,"column":11}},"26":{"start":{"line":64,"column":4},"end":{"line":89,"column":5}},"27":{"start":{"line":65,"column":21},"end":{"line":69,"column":10}},"28":{"start":{"line":70,"column":8},"end":{"line":72,"column":9}},"29":{"start":{"line":71,"column":12},"end":{"line":71,"column":77}},"30":{"start":{"line":73,"column":28},"end":{"line":79,"column":10}},"31":{"start":{"line":81,"column":8},"end":{"line":84,"column":11}},"32":{"start":{"line":86,"column":8},"end":{"line":88,"column":11}},"33":{"start":{"line":92,"column":0},"end":{"line":92,"column":24}}},"fnMap":{"0":{"name":"(anonymous_0)","decl":{"start":{"line":8,"column":38},"end":{"line":8,"column":39}},"loc":{"start":{"line":8,"column":67},"end":{"line":19,"column":1}},"line":8},"1":{"name":"(anonymous_1)","decl":{"start":{"line":23,"column":25},"end":{"line":23,"column":26}},"loc":{"start":{"line":23,"column":54},"end":{"line":55,"column":1}},"line":23},"2":{"name":"(anonymous_2)","decl":{"start":{"line":58,"column":46},"end":{"line":58,"column":47}},"loc":{"start":{"line":58,"column":75},"end":{"line":90,"column":1}},"line":58}},"branchMap":{"0":{"loc":{"start":{"line":45,"column":8},"end":{"line":53,"column":9}},"type":"if","locations":[{"start":{"line":45,"column":8},"end":{"line":53,"column":9}},{"start":{"line":49,"column":15},"end":{"line":53,"column":9}}],"line":45},"1":{"loc":{"start":{"line":49,"column":15},"end":{"line":53,"column":9}},"type":"if","locations":[{"start":{"line":49,"column":15},"end":{"line":53,"column":9}},{"start":{},"end":{}}],"line":49},"2":{"loc":{"start":{"line":59,"column":4},"end":{"line":63,"column":5}},"type":"if","locations":[{"start":{"line":59,"column":4},"end":{"line":63,"column":5}},{"start":{},"end":{}}],"line":59},"3":{"loc":{"start":{"line":59,"column":8},"end":{"line":59,"column":53}},"type":"binary-expr","locations":[{"start":{"line":59,"column":8},"end":{"line":59,"column":27}},{"start":{"line":59,"column":31},"end":{"line":59,"column":53}}],"line":59},"4":{"loc":{"start":{"line":70,"column":8},"end":{"line":72,"column":9}},"type":"if","locations":[{"start":{"line":70,"column":8},"end":{"line":72,"column":9}},{"start":{},"end":{}}],"line":70}},"s":{"0":3,"1":3,"2":3,"3":3,"4":3,"5":3,"6":0,"7":0,"8":0,"9":0,"10":3,"11":2,"12":2,"13":2,"14":2,"15":2,"16":2,"17":2,"18":0,"19":0,"20":0,"21":0,"22":0,"23":3,"24":0,"25":0,"26":0,"27":0,"28":0,"29":0,"30":0,"31":0,"32":0,"33":3},"f":{"0":0,"1":2,"2":0},"b":{"0":[0,0],"1":[0,0],"2":[0,0],"3":[0,0],"4":[0,0]},"_coverageSchema":"1a1c01bbd47fc00a2c39e90264f33305004495a9","hash":"709140ebde4a3939de38f435a508b0bedb3e1879"}
,"/home/sukipon/ETNA/idv-web/group-950231/authentication/routes/user.js": {"path":"/home/sukipon/ETNA/idv-web/group-950231/authentication/routes/user.js","statementMap":{"0":{"start":{"line":1,"column":15},"end":{"line":1,"column":42}},"1":{"start":{"line":2,"column":13},"end":{"line":2,"column":38}},"2":{"start":{"line":3,"column":103},"end":{"line":3,"column":137}},"3":{"start":{"line":4,"column":18},"end":{"line":4,"column":38}},"4":{"start":{"line":5,"column":11},"end":{"line":5,"column":23}},"5":{"start":{"line":9,"column":0},"end":{"line":44,"column":3}},"6":{"start":{"line":10,"column":4},"end":{"line":43,"column":5}},"7":{"start":{"line":12,"column":8},"end":{"line":29,"column":9}},"8":{"start":{"line":13,"column":12},"end":{"line":13,"column":25}},"9":{"start":{"line":14,"column":12},"end":{"line":21,"column":15}},"10":{"start":{"line":15,"column":27},"end":{"line":19,"column":18}},"11":{"start":{"line":20,"column":16},"end":{"line":20,"column":35}},"12":{"start":{"line":24,"column":12},"end":{"line":28,"column":14}},"13":{"start":{"line":30,"column":8},"end":{"line":34,"column":9}},"14":{"start":{"line":31,"column":12},"end":{"line":33,"column":15}},"15":{"start":{"line":35,"column":8},"end":{"line":37,"column":11}},"16":{"start":{"line":39,"column":8},"end":{"line":39,"column":26}},"17":{"start":{"line":40,"column":8},"end":{"line":42,"column":11}},"18":{"start":{"line":47,"column":0},"end":{"line":70,"column":2}},"19":{"start":{"line":48,"column":4},"end":{"line":69,"column":5}},"20":{"start":{"line":49,"column":30},"end":{"line":53,"column":9}},"21":{"start":{"line":54,"column":8},"end":{"line":58,"column":9}},"22":{"start":{"line":55,"column":12},"end":{"line":57,"column":15}},"23":{"start":{"line":59,"column":8},"end":{"line":61,"column":9}},"24":{"start":{"line":62,"column":8},"end":{"line":64,"column":11}},"25":{"start":{"line":66,"column":8},"end":{"line":68,"column":11}},"26":{"start":{"line":73,"column":0},"end":{"line":105,"column":3}},"27":{"start":{"line":74,"column":4},"end":{"line":104,"column":5}},"28":{"start":{"line":75,"column":23},"end":{"line":75,"column":38}},"29":{"start":{"line":76,"column":25},"end":{"line":76,"column":42}},"30":{"start":{"line":77,"column":30},"end":{"line":77,"column":57}},"31":{"start":{"line":78,"column":8},"end":{"line":82,"column":9}},"32":{"start":{"line":79,"column":12},"end":{"line":81,"column":15}},"33":{"start":{"line":83,"column":33},"end":{"line":83,"column":60}},"34":{"start":{"line":84,"column":8},"end":{"line":88,"column":9}},"35":{"start":{"line":85,"column":12},"end":{"line":87,"column":15}},"36":{"start":{"line":89,"column":8},"end":{"line":91,"column":11}},"37":{"start":{"line":92,"column":8},"end":{"line":92,"column":38}},"38":{"start":{"line":93,"column":8},"end":{"line":93,"column":57}},"39":{"start":{"line":94,"column":8},"end":{"line":98,"column":11}},"40":{"start":{"line":100,"column":8},"end":{"line":100,"column":26}},"41":{"start":{"line":101,"column":8},"end":{"line":103,"column":11}},"42":{"start":{"line":107,"column":0},"end":{"line":107,"column":24}}},"fnMap":{"0":{"name":"(anonymous_0)","decl":{"start":{"line":9,"column":24},"end":{"line":9,"column":25}},"loc":{"start":{"line":9,"column":53},"end":{"line":44,"column":1}},"line":9},"1":{"name":"(anonymous_1)","decl":{"start":{"line":14,"column":49},"end":{"line":14,"column":50}},"loc":{"start":{"line":14,"column":69},"end":{"line":21,"column":13}},"line":14},"2":{"name":"(anonymous_2)","decl":{"start":{"line":47,"column":63},"end":{"line":47,"column":64}},"loc":{"start":{"line":47,"column":92},"end":{"line":70,"column":1}},"line":47},"3":{"name":"(anonymous_3)","decl":{"start":{"line":73,"column":61},"end":{"line":73,"column":62}},"loc":{"start":{"line":73,"column":90},"end":{"line":105,"column":1}},"line":73}},"branchMap":{"0":{"loc":{"start":{"line":12,"column":8},"end":{"line":29,"column":9}},"type":"if","locations":[{"start":{"line":12,"column":8},"end":{"line":29,"column":9}},{"start":{"line":23,"column":13},"end":{"line":29,"column":9}}],"line":12},"1":{"loc":{"start":{"line":30,"column":8},"end":{"line":34,"column":9}},"type":"if","locations":[{"start":{"line":30,"column":8},"end":{"line":34,"column":9}},{"start":{},"end":{}}],"line":30},"2":{"loc":{"start":{"line":30,"column":12},"end":{"line":30,"column":45}},"type":"binary-expr","locations":[{"start":{"line":30,"column":12},"end":{"line":30,"column":21}},{"start":{"line":30,"column":25},"end":{"line":30,"column":45}}],"line":30},"3":{"loc":{"start":{"line":54,"column":8},"end":{"line":58,"column":9}},"type":"if","locations":[{"start":{"line":54,"column":8},"end":{"line":58,"column":9}},{"start":{},"end":{}}],"line":54},"4":{"loc":{"start":{"line":78,"column":8},"end":{"line":82,"column":9}},"type":"if","locations":[{"start":{"line":78,"column":8},"end":{"line":82,"column":9}},{"start":{},"end":{}}],"line":78},"5":{"loc":{"start":{"line":84,"column":8},"end":{"line":88,"column":9}},"type":"if","locations":[{"start":{"line":84,"column":8},"end":{"line":88,"column":9}},{"start":{},"end":{}}],"line":84}},"s":{"0":3,"1":3,"2":3,"3":3,"4":3,"5":3,"6":0,"7":0,"8":0,"9":0,"10":0,"11":0,"12":0,"13":0,"14":0,"15":0,"16":0,"17":0,"18":3,"19":0,"20":0,"21":0,"22":0,"23":0,"24":0,"25":0,"26":3,"27":0,"28":0,"29":0,"30":0,"31":0,"32":0,"33":0,"34":0,"35":0,"36":0,"37":0,"38":0,"39":0,"40":0,"41":0,"42":3},"f":{"0":0,"1":0,"2":0,"3":0},"b":{"0":[0,0],"1":[0,0],"2":[0,0],"3":[0,0],"4":[0,0],"5":[0,0]},"_coverageSchema":"1a1c01bbd47fc00a2c39e90264f33305004495a9","hash":"28d05c4d112c38359e3f9f3524c6bbab1d56f183"}
,"/home/sukipon/ETNA/idv-web/group-950231/authentication/routes/userAddress.js": {"path":"/home/sukipon/ETNA/idv-web/group-950231/authentication/routes/userAddress.js","statementMap":{"0":{"start":{"line":1,"column":15},"end":{"line":1,"column":42}},"1":{"start":{"line":2,"column":20},"end":{"line":2,"column":52}},"2":{"start":{"line":3,"column":23},"end":{"line":3,"column":57}},"3":{"start":{"line":5,"column":18},"end":{"line":5,"column":38}},"4":{"start":{"line":6,"column":11},"end":{"line":6,"column":23}},"5":{"start":{"line":10,"column":0},"end":{"line":38,"column":3}},"6":{"start":{"line":11,"column":4},"end":{"line":37,"column":5}},"7":{"start":{"line":12,"column":23},"end":{"line":12,"column":38}},"8":{"start":{"line":13,"column":25},"end":{"line":13,"column":42}},"9":{"start":{"line":14,"column":8},"end":{"line":32,"column":9}},"10":{"start":{"line":15,"column":30},"end":{"line":19,"column":14}},"11":{"start":{"line":20,"column":12},"end":{"line":29,"column":13}},"12":{"start":{"line":21,"column":16},"end":{"line":23,"column":19}},"13":{"start":{"line":25,"column":16},"end":{"line":28,"column":19}},"14":{"start":{"line":31,"column":12},"end":{"line":31,"column":77}},"15":{"start":{"line":34,"column":8},"end":{"line":36,"column":11}},"16":{"start":{"line":41,"column":0},"end":{"line":74,"column":3}},"17":{"start":{"line":42,"column":4},"end":{"line":73,"column":5}},"18":{"start":{"line":43,"column":8},"end":{"line":43,"column":60}},"19":{"start":{"line":44,"column":23},"end":{"line":44,"column":38}},"20":{"start":{"line":45,"column":25},"end":{"line":45,"column":42}},"21":{"start":{"line":46,"column":8},"end":{"line":66,"column":9}},"22":{"start":{"line":47,"column":28},"end":{"line":52,"column":14}},"23":{"start":{"line":53,"column":12},"end":{"line":63,"column":13}},"24":{"start":{"line":54,"column":16},"end":{"line":56,"column":19}},"25":{"start":{"line":58,"column":16},"end":{"line":62,"column":19}},"26":{"start":{"line":65,"column":12},"end":{"line":65,"column":77}},"27":{"start":{"line":68,"column":8},"end":{"line":68,"column":26}},"28":{"start":{"line":69,"column":8},"end":{"line":71,"column":11}},"29":{"start":{"line":77,"column":0},"end":{"line":120,"column":3}},"30":{"start":{"line":78,"column":4},"end":{"line":119,"column":5}},"31":{"start":{"line":79,"column":23},"end":{"line":79,"column":38}},"32":{"start":{"line":80,"column":25},"end":{"line":80,"column":42}},"33":{"start":{"line":81,"column":8},"end":{"line":112,"column":9}},"34":{"start":{"line":82,"column":40},"end":{"line":89,"column":14}},"35":{"start":{"line":90,"column":12},"end":{"line":109,"column":13}},"36":{"start":{"line":91,"column":39},"end":{"line":100,"column":18}},"37":{"start":{"line":101,"column":16},"end":{"line":101,"column":44}},"38":{"start":{"line":102,"column":16},"end":{"line":104,"column":19}},"39":{"start":{"line":106,"column":16},"end":{"line":108,"column":19}},"40":{"start":{"line":111,"column":12},"end":{"line":111,"column":77}},"41":{"start":{"line":115,"column":8},"end":{"line":115,"column":26}},"42":{"start":{"line":116,"column":8},"end":{"line":118,"column":11}},"43":{"start":{"line":123,"column":0},"end":{"line":161,"column":3}},"44":{"start":{"line":124,"column":4},"end":{"line":160,"column":5}},"45":{"start":{"line":125,"column":23},"end":{"line":125,"column":38}},"46":{"start":{"line":126,"column":25},"end":{"line":126,"column":42}},"47":{"start":{"line":127,"column":8},"end":{"line":155,"column":9}},"48":{"start":{"line":128,"column":40},"end":{"line":133,"column":14}},"49":{"start":{"line":134,"column":12},"end":{"line":152,"column":13}},"50":{"start":{"line":135,"column":16},"end":{"line":137,"column":19}},"51":{"start":{"line":139,"column":16},"end":{"line":147,"column":19}},"52":{"start":{"line":148,"column":16},"end":{"line":148,"column":49}},"53":{"start":{"line":149,"column":16},"end":{"line":151,"column":19}},"54":{"start":{"line":154,"column":12},"end":{"line":154,"column":77}},"55":{"start":{"line":157,"column":8},"end":{"line":159,"column":11}},"56":{"start":{"line":165,"column":0},"end":{"line":194,"column":3}},"57":{"start":{"line":166,"column":4},"end":{"line":193,"column":5}},"58":{"start":{"line":167,"column":23},"end":{"line":167,"column":38}},"59":{"start":{"line":168,"column":25},"end":{"line":168,"column":42}},"60":{"start":{"line":169,"column":8},"end":{"line":188,"column":9}},"61":{"start":{"line":170,"column":40},"end":{"line":175,"column":14}},"62":{"start":{"line":176,"column":12},"end":{"line":185,"column":13}},"63":{"start":{"line":177,"column":16},"end":{"line":179,"column":19}},"64":{"start":{"line":181,"column":16},"end":{"line":181,"column":51}},"65":{"start":{"line":182,"column":16},"end":{"line":184,"column":19}},"66":{"start":{"line":187,"column":12},"end":{"line":187,"column":77}},"67":{"start":{"line":190,"column":8},"end":{"line":192,"column":11}},"68":{"start":{"line":198,"column":0},"end":{"line":198,"column":24}}},"fnMap":{"0":{"name":"(anonymous_0)","decl":{"start":{"line":10,"column":41},"end":{"line":10,"column":42}},"loc":{"start":{"line":10,"column":70},"end":{"line":38,"column":1}},"line":10},"1":{"name":"(anonymous_1)","decl":{"start":{"line":41,"column":39},"end":{"line":41,"column":40}},"loc":{"start":{"line":41,"column":68},"end":{"line":74,"column":1}},"line":41},"2":{"name":"(anonymous_2)","decl":{"start":{"line":77,"column":40},"end":{"line":77,"column":41}},"loc":{"start":{"line":77,"column":69},"end":{"line":120,"column":1}},"line":77},"3":{"name":"(anonymous_3)","decl":{"start":{"line":123,"column":39},"end":{"line":123,"column":40}},"loc":{"start":{"line":123,"column":68},"end":{"line":161,"column":1}},"line":123},"4":{"name":"(anonymous_4)","decl":{"start":{"line":165,"column":42},"end":{"line":165,"column":43}},"loc":{"start":{"line":165,"column":71},"end":{"line":194,"column":1}},"line":165}},"branchMap":{"0":{"loc":{"start":{"line":14,"column":8},"end":{"line":32,"column":9}},"type":"if","locations":[{"start":{"line":14,"column":8},"end":{"line":32,"column":9}},{"start":{"line":30,"column":15},"end":{"line":32,"column":9}}],"line":14},"1":{"loc":{"start":{"line":20,"column":12},"end":{"line":29,"column":13}},"type":"if","locations":[{"start":{"line":20,"column":12},"end":{"line":29,"column":13}},{"start":{"line":24,"column":19},"end":{"line":29,"column":13}}],"line":20},"2":{"loc":{"start":{"line":46,"column":8},"end":{"line":66,"column":9}},"type":"if","locations":[{"start":{"line":46,"column":8},"end":{"line":66,"column":9}},{"start":{"line":64,"column":15},"end":{"line":66,"column":9}}],"line":46},"3":{"loc":{"start":{"line":53,"column":12},"end":{"line":63,"column":13}},"type":"if","locations":[{"start":{"line":53,"column":12},"end":{"line":63,"column":13}},{"start":{"line":57,"column":19},"end":{"line":63,"column":13}}],"line":53},"4":{"loc":{"start":{"line":81,"column":8},"end":{"line":112,"column":9}},"type":"if","locations":[{"start":{"line":81,"column":8},"end":{"line":112,"column":9}},{"start":{"line":110,"column":15},"end":{"line":112,"column":9}}],"line":81},"5":{"loc":{"start":{"line":86,"column":30},"end":{"line":86,"column":96}},"type":"cond-expr","locations":[{"start":{"line":86,"column":68},"end":{"line":86,"column":89}},{"start":{"line":86,"column":92},"end":{"line":86,"column":96}}],"line":86},"6":{"loc":{"start":{"line":90,"column":12},"end":{"line":109,"column":13}},"type":"if","locations":[{"start":{"line":90,"column":12},"end":{"line":109,"column":13}},{"start":{"line":105,"column":19},"end":{"line":109,"column":13}}],"line":90},"7":{"loc":{"start":{"line":94,"column":30},"end":{"line":94,"column":96}},"type":"cond-expr","locations":[{"start":{"line":94,"column":68},"end":{"line":94,"column":89}},{"start":{"line":94,"column":92},"end":{"line":94,"column":96}}],"line":94},"8":{"loc":{"start":{"line":127,"column":8},"end":{"line":155,"column":9}},"type":"if","locations":[{"start":{"line":127,"column":8},"end":{"line":155,"column":9}},{"start":{"line":153,"column":15},"end":{"line":155,"column":9}}],"line":127},"9":{"loc":{"start":{"line":134,"column":12},"end":{"line":152,"column":13}},"type":"if","locations":[{"start":{"line":134,"column":12},"end":{"line":152,"column":13}},{"start":{"line":138,"column":19},"end":{"line":152,"column":13}}],"line":134},"10":{"loc":{"start":{"line":140,"column":30},"end":{"line":140,"column":126}},"type":"cond-expr","locations":[{"start":{"line":140,"column":71},"end":{"line":140,"column":95}},{"start":{"line":140,"column":98},"end":{"line":140,"column":126}}],"line":140},"11":{"loc":{"start":{"line":141,"column":30},"end":{"line":141,"column":120}},"type":"cond-expr","locations":[{"start":{"line":141,"column":68},"end":{"line":141,"column":89}},{"start":{"line":141,"column":92},"end":{"line":141,"column":120}}],"line":141},"12":{"loc":{"start":{"line":142,"column":30},"end":{"line":142,"column":120}},"type":"cond-expr","locations":[{"start":{"line":142,"column":68},"end":{"line":142,"column":89}},{"start":{"line":142,"column":92},"end":{"line":142,"column":120}}],"line":142},"13":{"loc":{"start":{"line":143,"column":26},"end":{"line":143,"column":104}},"type":"cond-expr","locations":[{"start":{"line":143,"column":60},"end":{"line":143,"column":77}},{"start":{"line":143,"column":80},"end":{"line":143,"column":104}}],"line":143},"14":{"loc":{"start":{"line":144,"column":28},"end":{"line":144,"column":112}},"type":"cond-expr","locations":[{"start":{"line":144,"column":64},"end":{"line":144,"column":83}},{"start":{"line":144,"column":86},"end":{"line":144,"column":112}}],"line":144},"15":{"loc":{"start":{"line":145,"column":29},"end":{"line":145,"column":116}},"type":"cond-expr","locations":[{"start":{"line":145,"column":66},"end":{"line":145,"column":86}},{"start":{"line":145,"column":89},"end":{"line":145,"column":116}}],"line":145},"16":{"loc":{"start":{"line":146,"column":32},"end":{"line":146,"column":128}},"type":"cond-expr","locations":[{"start":{"line":146,"column":72},"end":{"line":146,"column":95}},{"start":{"line":146,"column":98},"end":{"line":146,"column":128}}],"line":146},"17":{"loc":{"start":{"line":169,"column":8},"end":{"line":188,"column":9}},"type":"if","locations":[{"start":{"line":169,"column":8},"end":{"line":188,"column":9}},{"start":{"line":186,"column":15},"end":{"line":188,"column":9}}],"line":169},"18":{"loc":{"start":{"line":176,"column":12},"end":{"line":185,"column":13}},"type":"if","locations":[{"start":{"line":176,"column":12},"end":{"line":185,"column":13}},{"start":{"line":180,"column":19},"end":{"line":185,"column":13}}],"line":176}},"s":{"0":3,"1":3,"2":3,"3":3,"4":3,"5":3,"6":0,"7":0,"8":0,"9":0,"10":0,"11":0,"12":0,"13":0,"14":0,"15":0,"16":3,"17":0,"18":0,"19":0,"20":0,"21":0,"22":0,"23":0,"24":0,"25":0,"26":0,"27":0,"28":0,"29":3,"30":0,"31":0,"32":0,"33":0,"34":0,"35":0,"36":0,"37":0,"38":0,"39":0,"40":0,"41":0,"42":0,"43":3,"44":0,"45":0,"46":0,"47":0,"48":0,"49":0,"50":0,"51":0,"52":0,"53":0,"54":0,"55":0,"56":3,"57":0,"58":0,"59":0,"60":0,"61":0,"62":0,"63":0,"64":0,"65":0,"66":0,"67":0,"68":3},"f":{"0":0,"1":0,"2":0,"3":0,"4":0},"b":{"0":[0,0],"1":[0,0],"2":[0,0],"3":[0,0],"4":[0,0],"5":[0,0],"6":[0,0],"7":[0,0],"8":[0,0],"9":[0,0],"10":[0,0],"11":[0,0],"12":[0,0],"13":[0,0],"14":[0,0],"15":[0,0],"16":[0,0],"17":[0,0],"18":[0,0]},"_coverageSchema":"1a1c01bbd47fc00a2c39e90264f33305004495a9","hash":"bec9f57af54199ff637d7d31b68c26112a1bd6f4"}
,"/home/sukipon/ETNA/idv-web/group-950231/authentication/settings/database.js": {"path":"/home/sukipon/ETNA/idv-web/group-950231/authentication/settings/database.js","statementMap":{"0":{"start":{"line":1,"column":22},"end":{"line":1,"column":42}},"1":{"start":{"line":3,"column":19},"end":{"line":10,"column":2}},"2":{"start":{"line":12,"column":20},"end":{"line":20,"column":2}},"3":{"start":{"line":21,"column":0},"end":{"line":21,"column":49}}},"fnMap":{},"branchMap":{},"s":{"0":3,"1":3,"2":3,"3":3},"f":{},"b":{},"_coverageSchema":"1a1c01bbd47fc00a2c39e90264f33305004495a9","hash":"ba99bb225d6bb8ccfb8d1008d287b8b3c07ecb59"}
,"/home/sukipon/ETNA/idv-web/group-950231/authentication/utils/utils.js": {"path":"/home/sukipon/ETNA/idv-web/group-950231/authentication/utils/utils.js","statementMap":{"0":{"start":{"line":1,"column":18},"end":{"line":5,"column":1}},"1":{"start":{"line":2,"column":15},"end":{"line":2,"column":47}},"2":{"start":{"line":3,"column":4},"end":{"line":3,"column":49}},"3":{"start":{"line":4,"column":4},"end":{"line":4,"column":16}},"4":{"start":{"line":9,"column":0},"end":{"line":9,"column":26}}},"fnMap":{"0":{"name":"(anonymous_0)","decl":{"start":{"line":1,"column":18},"end":{"line":1,"column":19}},"loc":{"start":{"line":1,"column":31},"end":{"line":5,"column":1}},"line":1}},"branchMap":{},"s":{"0":2,"1":11,"2":11,"3":11,"4":2},"f":{"0":11},"b":{},"_coverageSchema":"1a1c01bbd47fc00a2c39e90264f33305004495a9","hash":"46c3db3711e2abb9752569d12806652ad38d392d"}
}
