{"/home/sukipon/ETNA/idv-web/group-950231/authentication/utils/utils.js": {"path":"/home/sukipon/ETNA/idv-web/group-950231/authentication/utils/utils.js","statementMap":{"0":{"start":{"line":1,"column":18},"end":{"line":5,"column":1}},"1":{"start":{"line":2,"column":15},"end":{"line":2,"column":47}},"2":{"start":{"line":3,"column":4},"end":{"line":3,"column":49}},"3":{"start":{"line":4,"column":4},"end":{"line":4,"column":16}},"4":{"start":{"line":9,"column":0},"end":{"line":9,"column":26}}},"fnMap":{"0":{"name":"(anonymous_0)","decl":{"start":{"line":1,"column":18},"end":{"line":1,"column":19}},"loc":{"start":{"line":1,"column":31},"end":{"line":5,"column":1}},"line":1}},"branchMap":{},"s":{"0":1,"1":0,"2":0,"3":0,"4":1},"f":{"0":0},"b":{},"_coverageSchema":"1a1c01bbd47fc00a2c39e90264f33305004495a9","hash":"46c3db3711e2abb9752569d12806652ad38d392d"}
}
