TN:
SF:app.js
FN:24,(anonymous_0)
FN:25,(anonymous_1)
FN:28,(anonymous_2)
FN:35,(anonymous_3)
FNF:4
FNH:2
FNDA:0,(anonymous_0)
FNDA:3,(anonymous_1)
FNDA:0,(anonymous_2)
FNDA:3,(anonymous_3)
DA:1,3
DA:2,3
DA:3,3
DA:4,3
DA:5,3
DA:6,3
DA:7,3
DA:16,3
DA:18,3
DA:19,3
DA:20,3
DA:21,3
DA:23,3
DA:24,0
DA:25,3
DA:26,3
DA:29,0
DA:30,0
DA:35,3
DA:40,3
DA:42,3
DA:43,3
DA:44,3
DA:46,3
DA:47,3
DA:48,3
DA:49,3
DA:50,3
DA:52,3
LF:29
LH:26
BRDA:18,0,0,3
BRDA:18,0,1,0
BRF:2
BRH:1
end_of_record
TN:
SF:middlewares/security.js
FN:5,(anonymous_0)
FN:15,(anonymous_1)
FN:40,(anonymous_2)
FN:59,(anonymous_3)
FN:84,(anonymous_4)
FNF:5
FNH:0
FNDA:0,(anonymous_0)
FNDA:0,(anonymous_1)
FNDA:0,(anonymous_2)
FNDA:0,(anonymous_3)
FNDA:0,(anonymous_4)
DA:1,3
DA:2,3
DA:3,3
DA:5,3
DA:7,0
DA:8,0
DA:9,0
DA:10,0
DA:11,0
DA:13,0
DA:14,0
DA:15,0
DA:16,0
DA:17,0
DA:18,0
DA:19,0
DA:21,0
DA:25,0
DA:26,0
DA:30,0
DA:33,0
DA:40,3
DA:41,0
DA:42,0
DA:43,0
DA:44,0
DA:46,0
DA:47,0
DA:48,0
DA:49,0
DA:51,0
DA:54,0
DA:59,3
DA:60,0
DA:61,0
DA:62,0
DA:63,0
DA:65,0
DA:66,0
DA:67,0
DA:68,0
DA:69,0
DA:71,0
DA:74,0
DA:77,0
DA:84,3
DA:85,0
DA:88,0
DA:89,0
DA:91,0
DA:92,0
DA:93,0
DA:94,0
DA:96,0
DA:112,3
LF:55
LH:8
BRDA:8,0,0,0
BRDA:8,0,1,0
BRDA:10,1,0,0
BRDA:10,1,1,0
BRDA:13,2,0,0
BRDA:13,2,1,0
BRDA:16,3,0,0
BRDA:16,3,1,0
BRDA:17,4,0,0
BRDA:17,4,1,0
BRDA:43,5,0,0
BRDA:43,5,1,0
BRDA:48,6,0,0
BRDA:48,6,1,0
BRDA:62,7,0,0
BRDA:62,7,1,0
BRDA:65,8,0,0
BRDA:65,8,1,0
BRDA:68,9,0,0
BRDA:68,9,1,0
BRDA:88,10,0,0
BRDA:88,10,1,0
BRDA:93,11,0,0
BRDA:93,11,1,0
BRF:24
BRH:0
end_of_record
TN:
SF:models/user.js
FNF:0
FNH:0
DA:1,3
DA:2,3
DA:3,3
DA:4,3
DA:6,3
DA:44,3
LF:6
LH:6
BRDA:4,0,0,3
BRDA:4,0,1,0
BRF:2
BRH:1
end_of_record
TN:
SF:models/userAddress.js
FNF:0
FNH:0
DA:1,3
DA:2,3
DA:3,3
DA:5,3
DA:39,3
LF:5
LH:5
BRDA:3,0,0,3
BRDA:3,0,1,0
BRF:2
BRH:1
end_of_record
TN:
SF:routes/auth.js
FN:8,(anonymous_0)
FN:23,(anonymous_1)
FN:58,(anonymous_2)
FN:81,(anonymous_3)
FNF:4
FNH:0
FNDA:0,(anonymous_0)
FNDA:0,(anonymous_1)
FNDA:0,(anonymous_2)
FNDA:0,(anonymous_3)
DA:1,3
DA:2,3
DA:3,3
DA:4,3
DA:5,3
DA:8,3
DA:9,0
DA:10,0
DA:14,0
DA:15,0
DA:23,3
DA:24,0
DA:25,0
DA:26,0
DA:27,0
DA:28,0
DA:39,0
DA:40,0
DA:44,0
DA:45,0
DA:46,0
DA:49,0
DA:50,0
DA:58,3
DA:59,0
DA:60,0
DA:64,0
DA:66,0
DA:71,0
DA:72,0
DA:74,0
DA:81,0
DA:82,0
DA:84,0
DA:91,0
DA:97,3
LF:36
LH:9
BRDA:45,0,0,0
BRDA:45,0,1,0
BRDA:49,1,0,0
BRDA:49,1,1,0
BRDA:59,2,0,0
BRDA:59,2,1,0
BRDA:59,3,0,0
BRDA:59,3,1,0
BRDA:71,4,0,0
BRDA:71,4,1,0
BRF:10
BRH:0
end_of_record
TN:
SF:routes/user.js
FN:9,(anonymous_0)
FN:64,(anonymous_1)
FN:90,(anonymous_2)
FN:128,(anonymous_3)
FN:149,(anonymous_4)
FNF:5
FNH:0
FNDA:0,(anonymous_0)
FNDA:0,(anonymous_1)
FNDA:0,(anonymous_2)
FNDA:0,(anonymous_3)
FNDA:0,(anonymous_4)
DA:1,3
DA:2,3
DA:3,3
DA:4,3
DA:5,3
DA:9,3
DA:10,0
DA:12,0
DA:13,0
DA:18,0
DA:19,0
DA:23,0
DA:27,0
DA:28,0
DA:29,0
DA:30,0
DA:35,0
DA:36,0
DA:41,0
DA:47,0
DA:48,0
DA:52,0
DA:56,0
DA:57,0
DA:64,3
DA:65,0
DA:66,0
DA:71,0
DA:72,0
DA:76,0
DA:79,0
DA:83,0
DA:90,3
DA:91,0
DA:92,0
DA:93,0
DA:94,0
DA:95,0
DA:97,0
DA:98,0
DA:99,0
DA:103,0
DA:104,0
DA:105,0
DA:109,0
DA:112,0
DA:113,0
DA:114,0
DA:120,0
DA:121,0
DA:128,3
DA:129,0
DA:130,0
DA:131,0
DA:132,0
DA:133,0
DA:134,0
DA:135,0
DA:136,0
DA:137,0
DA:138,0
DA:142,0
DA:149,3
DA:150,0
DA:151,0
DA:156,0
DA:160,0
DA:161,0
DA:167,3
LF:69
LH:11
BRDA:12,0,0,0
BRDA:12,0,1,0
BRDA:18,1,0,0
BRDA:18,1,1,0
BRDA:27,2,0,0
BRDA:27,2,1,0
BRDA:35,3,0,0
BRDA:35,3,1,0
BRDA:47,4,0,0
BRDA:47,4,1,0
BRDA:47,5,0,0
BRDA:47,5,1,0
BRDA:71,6,0,0
BRDA:71,6,1,0
BRDA:98,7,0,0
BRDA:98,7,1,0
BRDA:104,8,0,0
BRDA:104,8,1,0
BRF:18
BRH:0
end_of_record
TN:
SF:routes/userAddress.js
FN:10,(anonymous_0)
FN:41,(anonymous_1)
FN:79,(anonymous_2)
FN:103,(anonymous_3)
FN:149,(anonymous_4)
FN:192,(anonymous_5)
FNF:6
FNH:0
FNDA:0,(anonymous_0)
FNDA:0,(anonymous_1)
FNDA:0,(anonymous_2)
FNDA:0,(anonymous_3)
FNDA:0,(anonymous_4)
FNDA:0,(anonymous_5)
DA:1,3
DA:2,3
DA:3,3
DA:5,3
DA:6,3
DA:10,3
DA:11,0
DA:12,0
DA:13,0
DA:14,0
DA:15,0
DA:20,0
DA:21,0
DA:25,0
DA:31,0
DA:34,0
DA:41,3
DA:42,0
DA:43,0
DA:44,0
DA:45,0
DA:46,0
DA:47,0
DA:55,0
DA:56,0
DA:60,0
DA:67,0
DA:70,0
DA:71,0
DA:79,3
DA:80,0
DA:81,0
DA:86,0
DA:95,0
DA:96,0
DA:103,3
DA:104,0
DA:105,0
DA:106,0
DA:107,0
DA:108,0
DA:116,0
DA:117,0
DA:127,0
DA:128,0
DA:132,0
DA:137,0
DA:141,0
DA:142,0
DA:149,3
DA:150,0
DA:151,0
DA:152,0
DA:153,0
DA:154,0
DA:161,0
DA:162,0
DA:166,0
DA:175,0
DA:176,0
DA:181,0
DA:184,0
DA:192,3
DA:193,0
DA:194,0
DA:195,0
DA:196,0
DA:197,0
DA:204,0
DA:205,0
DA:209,0
DA:210,0
DA:215,0
DA:218,0
DA:226,3
LF:75
LH:12
BRDA:14,0,0,0
BRDA:14,0,1,0
BRDA:20,1,0,0
BRDA:20,1,1,0
BRDA:46,2,0,0
BRDA:46,2,1,0
BRDA:55,3,0,0
BRDA:55,3,1,0
BRDA:107,4,0,0
BRDA:107,4,1,0
BRDA:112,5,0,0
BRDA:112,5,1,0
BRDA:116,6,0,0
BRDA:116,6,1,0
BRDA:120,7,0,0
BRDA:120,7,1,0
BRDA:153,8,0,0
BRDA:153,8,1,0
BRDA:161,9,0,0
BRDA:161,9,1,0
BRDA:167,10,0,0
BRDA:167,10,1,0
BRDA:168,11,0,0
BRDA:168,11,1,0
BRDA:169,12,0,0
BRDA:169,12,1,0
BRDA:170,13,0,0
BRDA:170,13,1,0
BRDA:171,14,0,0
BRDA:171,14,1,0
BRDA:172,15,0,0
BRDA:172,15,1,0
BRDA:173,16,0,0
BRDA:173,16,1,0
BRDA:196,17,0,0
BRDA:196,17,1,0
BRDA:204,18,0,0
BRDA:204,18,1,0
BRF:38
BRH:0
end_of_record
TN:
SF:settings/database.js
FNF:0
FNH:0
DA:1,3
DA:3,3
DA:12,3
DA:21,3
LF:4
LH:4
BRF:0
BRH:0
end_of_record
TN:
SF:utils/utils.js
FN:1,(anonymous_0)
FNF:1
FNH:0
FNDA:0,(anonymous_0)
DA:1,2
DA:2,0
DA:3,0
DA:4,0
DA:9,2
LF:5
LH:2
BRF:0
BRH:0
end_of_record
