{"/orders/app.js": {"path":"/orders/app.js","statementMap":{"0":{"start":{"line":1,"column":16},"end":{"line":1,"column":34}},"1":{"start":{"line":2,"column":12},"end":{"line":2,"column":38}},"2":{"start":{"line":3,"column":14},"end":{"line":3,"column":39}},"3":{"start":{"line":4,"column":21},"end":{"line":4,"column":53}},"4":{"start":{"line":5,"column":25},"end":{"line":5,"column":61}},"5":{"start":{"line":6,"column":40},"end":{"line":6,"column":70}},"6":{"start":{"line":13,"column":0},"end":{"line":32,"column":1}},"7":{"start":{"line":14,"column":4},"end":{"line":14,"column":21}},"8":{"start":{"line":15,"column":4},"end":{"line":15,"column":32}},"9":{"start":{"line":16,"column":4},"end":{"line":16,"column":17}},"10":{"start":{"line":18,"column":4},"end":{"line":20,"column":42}},"11":{"start":{"line":19,"column":15},"end":{"line":19,"column":65}},"12":{"start":{"line":20,"column":22},"end":{"line":20,"column":40}},"13":{"start":{"line":21,"column":4},"end":{"line":29,"column":46}},"14":{"start":{"line":24,"column":16},"end":{"line":24,"column":57}},"15":{"start":{"line":29,"column":26},"end":{"line":29,"column":44}},"16":{"start":{"line":38,"column":12},"end":{"line":38,"column":21}},"17":{"start":{"line":41,"column":22},"end":{"line":41,"column":54}},"18":{"start":{"line":42,"column":0},"end":{"line":42,"column":24}},"19":{"start":{"line":43,"column":0},"end":{"line":43,"column":32}},"20":{"start":{"line":46,"column":0},"end":{"line":46,"column":21}}},"fnMap":{"0":{"name":"(anonymous_0)","decl":{"start":{"line":19,"column":9},"end":{"line":19,"column":10}},"loc":{"start":{"line":19,"column":15},"end":{"line":19,"column":65}},"line":19},"1":{"name":"(anonymous_1)","decl":{"start":{"line":20,"column":11},"end":{"line":20,"column":12}},"loc":{"start":{"line":20,"column":22},"end":{"line":20,"column":40}},"line":20},"2":{"name":"(anonymous_2)","decl":{"start":{"line":23,"column":12},"end":{"line":23,"column":13}},"loc":{"start":{"line":23,"column":18},"end":{"line":25,"column":13}},"line":23},"3":{"name":"(anonymous_3)","decl":{"start":{"line":29,"column":15},"end":{"line":29,"column":16}},"loc":{"start":{"line":29,"column":26},"end":{"line":29,"column":44}},"line":29}},"branchMap":{"0":{"loc":{"start":{"line":13,"column":0},"end":{"line":32,"column":1}},"type":"if","locations":[{"start":{"line":13,"column":0},"end":{"line":32,"column":1}},{"start":{},"end":{}}],"line":13}},"s":{"0":3,"1":3,"2":3,"3":3,"4":3,"5":3,"6":3,"7":3,"8":3,"9":3,"10":3,"11":3,"12":0,"13":3,"14":0,"15":0,"16":3,"17":3,"18":3,"19":3,"20":3},"f":{"0":3,"1":0,"2":0,"3":0},"b":{"0":[3,0]},"_coverageSchema":"1a1c01bbd47fc00a2c39e90264f33305004495a9","hash":"1c039078b4a4b182f7096269e2ef3fe1814ad1be"}
,"/orders/models/order.js": {"path":"/orders/models/order.js","statementMap":{"0":{"start":{"line":1,"column":9},"end":{"line":1,"column":40}},"1":{"start":{"line":2,"column":22},"end":{"line":2,"column":42}},"2":{"start":{"line":3,"column":0},"end":{"line":3,"column":85}},"3":{"start":{"line":5,"column":14},"end":{"line":26,"column":1}},"4":{"start":{"line":28,"column":0},"end":{"line":28,"column":23}}},"fnMap":{},"branchMap":{"0":{"loc":{"start":{"line":3,"column":0},"end":{"line":3,"column":85}},"type":"cond-expr","locations":[{"start":{"line":3,"column":41},"end":{"line":3,"column":61}},{"start":{"line":3,"column":64},"end":{"line":3,"column":85}}],"line":3}},"s":{"0":3,"1":3,"2":3,"3":3,"4":3},"f":{},"b":{"0":[3,0]},"_coverageSchema":"1a1c01bbd47fc00a2c39e90264f33305004495a9","hash":"3625bcadfa0b421823f9059f2a147411b2b3c3e4"}
,"/orders/models/orderProduct.js": {"path":"/orders/models/orderProduct.js","statementMap":{"0":{"start":{"line":1,"column":9},"end":{"line":1,"column":40}},"1":{"start":{"line":2,"column":22},"end":{"line":2,"column":42}},"2":{"start":{"line":3,"column":0},"end":{"line":3,"column":85}},"3":{"start":{"line":5,"column":37},"end":{"line":5,"column":38}},"4":{"start":{"line":6,"column":17},"end":{"line":6,"column":91}},"5":{"start":{"line":7,"column":23},"end":{"line":7,"column":61}},"6":{"start":{"line":9,"column":21},"end":{"line":38,"column":2}},"7":{"start":{"line":40,"column":0},"end":{"line":40,"column":30}}},"fnMap":{},"branchMap":{"0":{"loc":{"start":{"line":3,"column":0},"end":{"line":3,"column":85}},"type":"cond-expr","locations":[{"start":{"line":3,"column":41},"end":{"line":3,"column":61}},{"start":{"line":3,"column":64},"end":{"line":3,"column":85}}],"line":3}},"s":{"0":3,"1":3,"2":3,"3":3,"4":3,"5":3,"6":3,"7":3},"f":{},"b":{"0":[3,0]},"_coverageSchema":"1a1c01bbd47fc00a2c39e90264f33305004495a9","hash":"62bc2564c0cf1d5f39d426f394839016e5d94a31"}
,"/orders/models/quotationProduct.js": {"path":"/orders/models/quotationProduct.js","statementMap":{"0":{"start":{"line":1,"column":9},"end":{"line":1,"column":40}},"1":{"start":{"line":2,"column":22},"end":{"line":2,"column":42}},"2":{"start":{"line":3,"column":0},"end":{"line":3,"column":85}},"3":{"start":{"line":5,"column":25},"end":{"line":29,"column":6}},"4":{"start":{"line":31,"column":0},"end":{"line":31,"column":34}}},"fnMap":{},"branchMap":{"0":{"loc":{"start":{"line":3,"column":0},"end":{"line":3,"column":85}},"type":"cond-expr","locations":[{"start":{"line":3,"column":41},"end":{"line":3,"column":61}},{"start":{"line":3,"column":64},"end":{"line":3,"column":85}}],"line":3}},"s":{"0":3,"1":3,"2":3,"3":3,"4":3},"f":{},"b":{"0":[3,0]},"_coverageSchema":"1a1c01bbd47fc00a2c39e90264f33305004495a9","hash":"166d2a68e190c2db042b4af55afc5e20ad8b9bad"}
,"/orders/routes/orderProduct.js": {"path":"/orders/routes/orderProduct.js","statementMap":{"0":{"start":{"line":1,"column":15},"end":{"line":1,"column":42}},"1":{"start":{"line":2,"column":18},"end":{"line":2,"column":38}},"2":{"start":{"line":3,"column":21},"end":{"line":3,"column":54}},"3":{"start":{"line":4,"column":11},"end":{"line":4,"column":23}},"4":{"start":{"line":7,"column":0},"end":{"line":26,"column":3}},"5":{"start":{"line":8,"column":4},"end":{"line":25,"column":5}},"6":{"start":{"line":9,"column":8},"end":{"line":9,"column":58}},"7":{"start":{"line":10,"column":30},"end":{"line":16,"column":10}},"8":{"start":{"line":17,"column":8},"end":{"line":19,"column":11}},"9":{"start":{"line":21,"column":8},"end":{"line":21,"column":26}},"10":{"start":{"line":22,"column":8},"end":{"line":24,"column":11}},"11":{"start":{"line":29,"column":0},"end":{"line":49,"column":3}},"12":{"start":{"line":30,"column":4},"end":{"line":48,"column":5}},"13":{"start":{"line":31,"column":8},"end":{"line":31,"column":58}},"14":{"start":{"line":32,"column":30},"end":{"line":39,"column":10}},"15":{"start":{"line":40,"column":8},"end":{"line":42,"column":11}},"16":{"start":{"line":44,"column":8},"end":{"line":44,"column":26}},"17":{"start":{"line":45,"column":8},"end":{"line":47,"column":11}},"18":{"start":{"line":53,"column":0},"end":{"line":78,"column":3}},"19":{"start":{"line":54,"column":4},"end":{"line":77,"column":5}},"20":{"start":{"line":55,"column":29},"end":{"line":55,"column":31}},"21":{"start":{"line":56,"column":8},"end":{"line":68,"column":11}},"22":{"start":{"line":57,"column":12},"end":{"line":57,"column":36}},"23":{"start":{"line":58,"column":31},"end":{"line":63,"column":14}},"24":{"start":{"line":64,"column":12},"end":{"line":64,"column":37}},"25":{"start":{"line":65,"column":12},"end":{"line":65,"column":42}},"26":{"start":{"line":66,"column":12},"end":{"line":66,"column":46}},"27":{"start":{"line":67,"column":12},"end":{"line":67,"column":39}},"28":{"start":{"line":69,"column":8},"end":{"line":71,"column":11}},"29":{"start":{"line":73,"column":8},"end":{"line":73,"column":26}},"30":{"start":{"line":74,"column":8},"end":{"line":76,"column":11}},"31":{"start":{"line":80,"column":0},"end":{"line":100,"column":3}},"32":{"start":{"line":81,"column":26},"end":{"line":87,"column":6}},"33":{"start":{"line":88,"column":4},"end":{"line":92,"column":5}},"34":{"start":{"line":89,"column":8},"end":{"line":91,"column":11}},"35":{"start":{"line":93,"column":4},"end":{"line":96,"column":7}},"36":{"start":{"line":97,"column":4},"end":{"line":99,"column":7}},"37":{"start":{"line":102,"column":0},"end":{"line":102,"column":24}}},"fnMap":{"0":{"name":"(anonymous_0)","decl":{"start":{"line":7,"column":36},"end":{"line":7,"column":37}},"loc":{"start":{"line":7,"column":65},"end":{"line":26,"column":1}},"line":7},"1":{"name":"(anonymous_1)","decl":{"start":{"line":29,"column":35},"end":{"line":29,"column":36}},"loc":{"start":{"line":29,"column":64},"end":{"line":49,"column":1}},"line":29},"2":{"name":"(anonymous_2)","decl":{"start":{"line":53,"column":30},"end":{"line":53,"column":31}},"loc":{"start":{"line":53,"column":59},"end":{"line":78,"column":1}},"line":53},"3":{"name":"(anonymous_3)","decl":{"start":{"line":56,"column":46},"end":{"line":56,"column":47}},"loc":{"start":{"line":56,"column":69},"end":{"line":68,"column":9}},"line":56},"4":{"name":"(anonymous_4)","decl":{"start":{"line":80,"column":35},"end":{"line":80,"column":36}},"loc":{"start":{"line":80,"column":64},"end":{"line":100,"column":1}},"line":80}},"branchMap":{"0":{"loc":{"start":{"line":35,"column":27},"end":{"line":35,"column":110}},"type":"cond-expr","locations":[{"start":{"line":35,"column":67},"end":{"line":35,"column":90}},{"start":{"line":35,"column":93},"end":{"line":35,"column":110}}],"line":35},"1":{"loc":{"start":{"line":37,"column":25},"end":{"line":37,"column":112}},"type":"cond-expr","locations":[{"start":{"line":37,"column":67},"end":{"line":37,"column":92}},{"start":{"line":37,"column":95},"end":{"line":37,"column":112}}],"line":37},"2":{"loc":{"start":{"line":88,"column":4},"end":{"line":92,"column":5}},"type":"if","locations":[{"start":{"line":88,"column":4},"end":{"line":92,"column":5}},{"start":{},"end":{}}],"line":88}},"s":{"0":3,"1":3,"2":3,"3":3,"4":3,"5":0,"6":0,"7":0,"8":0,"9":0,"10":0,"11":3,"12":0,"13":0,"14":0,"15":0,"16":0,"17":0,"18":3,"19":0,"20":0,"21":0,"22":0,"23":0,"24":0,"25":0,"26":0,"27":0,"28":0,"29":0,"30":0,"31":3,"32":0,"33":0,"34":0,"35":0,"36":0,"37":3},"f":{"0":0,"1":0,"2":0,"3":0,"4":0},"b":{"0":[0,0],"1":[0,0],"2":[0,0]},"_coverageSchema":"1a1c01bbd47fc00a2c39e90264f33305004495a9","hash":"6a10549c8e3231aca2654cab1a3f5473cdc7b167"}
,"/orders/settings/database.js": {"path":"/orders/settings/database.js","statementMap":{"0":{"start":{"line":1,"column":22},"end":{"line":1,"column":42}},"1":{"start":{"line":3,"column":19},"end":{"line":10,"column":2}},"2":{"start":{"line":12,"column":20},"end":{"line":20,"column":2}},"3":{"start":{"line":21,"column":0},"end":{"line":21,"column":49}}},"fnMap":{},"branchMap":{},"s":{"0":3,"1":3,"2":3,"3":3},"f":{},"b":{},"_coverageSchema":"1a1c01bbd47fc00a2c39e90264f33305004495a9","hash":"e549d98d3c39ec0db7a86aab699a055366994a5d"}
}
