{"/inventory/app.js": {"path":"/inventory/app.js","statementMap":{"0":{"start":{"line":1,"column":16},"end":{"line":1,"column":34}},"1":{"start":{"line":2,"column":12},"end":{"line":2,"column":38}},"2":{"start":{"line":3,"column":13},"end":{"line":3,"column":28}},"3":{"start":{"line":4,"column":24},"end":{"line":4,"column":59}},"4":{"start":{"line":5,"column":19},"end":{"line":5,"column":49}},"5":{"start":{"line":6,"column":16},"end":{"line":6,"column":43}},"6":{"start":{"line":7,"column":40},"end":{"line":7,"column":70}},"7":{"start":{"line":8,"column":17},"end":{"line":8,"column":50}},"8":{"start":{"line":21,"column":0},"end":{"line":21,"column":33}},"9":{"start":{"line":22,"column":0},"end":{"line":22,"column":28}},"10":{"start":{"line":25,"column":0},"end":{"line":54,"column":1}},"11":{"start":{"line":26,"column":4},"end":{"line":26,"column":21}},"12":{"start":{"line":27,"column":4},"end":{"line":27,"column":32}},"13":{"start":{"line":28,"column":4},"end":{"line":28,"column":17}},"14":{"start":{"line":30,"column":4},"end":{"line":34,"column":42}},"15":{"start":{"line":32,"column":8},"end":{"line":32,"column":58}},"16":{"start":{"line":34,"column":22},"end":{"line":34,"column":40}},"17":{"start":{"line":37,"column":4},"end":{"line":48,"column":42}},"18":{"start":{"line":40,"column":12},"end":{"line":40,"column":53}},"19":{"start":{"line":41,"column":12},"end":{"line":45,"column":13}},"20":{"start":{"line":42,"column":16},"end":{"line":42,"column":112}},"21":{"start":{"line":48,"column":22},"end":{"line":48,"column":40}},"22":{"start":{"line":50,"column":7},"end":{"line":54,"column":1}},"23":{"start":{"line":51,"column":4},"end":{"line":51,"column":22}},"24":{"start":{"line":52,"column":4},"end":{"line":52,"column":36}},"25":{"start":{"line":53,"column":4},"end":{"line":53,"column":16}},"26":{"start":{"line":65,"column":12},"end":{"line":65,"column":21}},"27":{"start":{"line":68,"column":21},"end":{"line":68,"column":48}},"28":{"start":{"line":69,"column":25},"end":{"line":69,"column":56}},"29":{"start":{"line":70,"column":0},"end":{"line":70,"column":24}},"30":{"start":{"line":71,"column":0},"end":{"line":71,"column":16}},"31":{"start":{"line":72,"column":0},"end":{"line":72,"column":31}},"32":{"start":{"line":73,"column":0},"end":{"line":73,"column":35}},"33":{"start":{"line":77,"column":0},"end":{"line":77,"column":21}}},"fnMap":{"0":{"name":"(anonymous_0)","decl":{"start":{"line":31,"column":9},"end":{"line":31,"column":10}},"loc":{"start":{"line":31,"column":15},"end":{"line":33,"column":5}},"line":31},"1":{"name":"(anonymous_1)","decl":{"start":{"line":34,"column":11},"end":{"line":34,"column":12}},"loc":{"start":{"line":34,"column":22},"end":{"line":34,"column":40}},"line":34},"2":{"name":"(anonymous_2)","decl":{"start":{"line":39,"column":8},"end":{"line":39,"column":9}},"loc":{"start":{"line":39,"column":14},"end":{"line":46,"column":9}},"line":39},"3":{"name":"(anonymous_3)","decl":{"start":{"line":48,"column":11},"end":{"line":48,"column":12}},"loc":{"start":{"line":48,"column":22},"end":{"line":48,"column":40}},"line":48}},"branchMap":{"0":{"loc":{"start":{"line":25,"column":0},"end":{"line":54,"column":1}},"type":"if","locations":[{"start":{"line":25,"column":0},"end":{"line":54,"column":1}},{"start":{"line":50,"column":7},"end":{"line":54,"column":1}}],"line":25},"1":{"loc":{"start":{"line":50,"column":7},"end":{"line":54,"column":1}},"type":"if","locations":[{"start":{"line":50,"column":7},"end":{"line":54,"column":1}},{"start":{},"end":{}}],"line":50}},"s":{"0":1,"1":1,"2":1,"3":1,"4":1,"5":1,"6":1,"7":1,"8":1,"9":1,"10":1,"11":1,"12":1,"13":1,"14":1,"15":1,"16":0,"17":1,"18":1,"19":1,"20":1,"21":0,"22":0,"23":0,"24":0,"25":0,"26":1,"27":1,"28":1,"29":1,"30":1,"31":1,"32":1,"33":1},"f":{"0":1,"1":0,"2":1,"3":0},"b":{"0":[1,0],"1":[0,0]},"_coverageSchema":"1a1c01bbd47fc00a2c39e90264f33305004495a9","hash":"788067b842b1506a1f38799cfb84f81bceceb36a"}
,"/inventory/models/cartProduct.js": {"path":"/inventory/models/cartProduct.js","statementMap":{"0":{"start":{"line":1,"column":9},"end":{"line":1,"column":40}},"1":{"start":{"line":2,"column":22},"end":{"line":2,"column":42}},"2":{"start":{"line":3,"column":0},"end":{"line":3,"column":85}},"3":{"start":{"line":5,"column":20},"end":{"line":25,"column":2}},"4":{"start":{"line":27,"column":0},"end":{"line":27,"column":29}}},"fnMap":{},"branchMap":{"0":{"loc":{"start":{"line":3,"column":0},"end":{"line":3,"column":85}},"type":"cond-expr","locations":[{"start":{"line":3,"column":41},"end":{"line":3,"column":61}},{"start":{"line":3,"column":64},"end":{"line":3,"column":85}}],"line":3}},"s":{"0":1,"1":1,"2":1,"3":1,"4":1},"f":{},"b":{"0":[1,0]},"_coverageSchema":"1a1c01bbd47fc00a2c39e90264f33305004495a9","hash":"f4d7ea9b368352f285581f15e052629c1e153037"}
,"/inventory/models/product.js": {"path":"/inventory/models/product.js","statementMap":{"0":{"start":{"line":1,"column":9},"end":{"line":1,"column":40}},"1":{"start":{"line":2,"column":22},"end":{"line":2,"column":42}},"2":{"start":{"line":3,"column":18},"end":{"line":3,"column":50}},"3":{"start":{"line":4,"column":0},"end":{"line":4,"column":85}},"4":{"start":{"line":6,"column":16},"end":{"line":42,"column":6}},"5":{"start":{"line":44,"column":0},"end":{"line":44,"column":25}}},"fnMap":{},"branchMap":{"0":{"loc":{"start":{"line":4,"column":0},"end":{"line":4,"column":85}},"type":"cond-expr","locations":[{"start":{"line":4,"column":41},"end":{"line":4,"column":61}},{"start":{"line":4,"column":64},"end":{"line":4,"column":85}}],"line":4}},"s":{"0":1,"1":1,"2":1,"3":1,"4":1,"5":1},"f":{},"b":{"0":[1,0]},"_coverageSchema":"1a1c01bbd47fc00a2c39e90264f33305004495a9","hash":"93e5da14b4e99c426d099a7df025495054901905"}
,"/inventory/models/productCategory.js": {"path":"/inventory/models/productCategory.js","statementMap":{"0":{"start":{"line":1,"column":9},"end":{"line":1,"column":40}},"1":{"start":{"line":2,"column":22},"end":{"line":2,"column":42}},"2":{"start":{"line":3,"column":0},"end":{"line":3,"column":85}},"3":{"start":{"line":5,"column":24},"end":{"line":21,"column":1}},"4":{"start":{"line":22,"column":0},"end":{"line":22,"column":33}}},"fnMap":{},"branchMap":{"0":{"loc":{"start":{"line":3,"column":0},"end":{"line":3,"column":85}},"type":"cond-expr","locations":[{"start":{"line":3,"column":41},"end":{"line":3,"column":61}},{"start":{"line":3,"column":64},"end":{"line":3,"column":85}}],"line":3}},"s":{"0":1,"1":1,"2":1,"3":1,"4":1},"f":{},"b":{"0":[1,0]},"_coverageSchema":"1a1c01bbd47fc00a2c39e90264f33305004495a9","hash":"6b4ff87d30294e543b29bc2b6e38da896457ffb1"}
,"/inventory/models/productTag.js": {"path":"/inventory/models/productTag.js","statementMap":{"0":{"start":{"line":1,"column":9},"end":{"line":1,"column":40}},"1":{"start":{"line":2,"column":22},"end":{"line":2,"column":42}},"2":{"start":{"line":3,"column":0},"end":{"line":3,"column":85}},"3":{"start":{"line":5,"column":19},"end":{"line":22,"column":1}},"4":{"start":{"line":24,"column":0},"end":{"line":24,"column":28}}},"fnMap":{},"branchMap":{"0":{"loc":{"start":{"line":3,"column":0},"end":{"line":3,"column":85}},"type":"cond-expr","locations":[{"start":{"line":3,"column":41},"end":{"line":3,"column":61}},{"start":{"line":3,"column":64},"end":{"line":3,"column":85}}],"line":3}},"s":{"0":1,"1":1,"2":1,"3":1,"4":1},"f":{},"b":{"0":[1,0]},"_coverageSchema":"1a1c01bbd47fc00a2c39e90264f33305004495a9","hash":"c6ebe090493c0034735ec7d17597126e491736ba"}
,"/inventory/routes/cartProduct.js": {"path":"/inventory/routes/cartProduct.js","statementMap":{"0":{"start":{"line":1,"column":15},"end":{"line":1,"column":42}},"1":{"start":{"line":2,"column":20},"end":{"line":2,"column":52}},"2":{"start":{"line":3,"column":18},"end":{"line":3,"column":38}},"3":{"start":{"line":4,"column":16},"end":{"line":4,"column":44}},"4":{"start":{"line":5,"column":11},"end":{"line":5,"column":23}},"5":{"start":{"line":7,"column":0},"end":{"line":43,"column":3}},"6":{"start":{"line":8,"column":4},"end":{"line":42,"column":5}},"7":{"start":{"line":10,"column":8},"end":{"line":14,"column":9}},"8":{"start":{"line":11,"column":12},"end":{"line":13,"column":15}},"9":{"start":{"line":15,"column":29},"end":{"line":19,"column":10}},"10":{"start":{"line":35,"column":8},"end":{"line":37,"column":11}},"11":{"start":{"line":39,"column":8},"end":{"line":41,"column":11}},"12":{"start":{"line":47,"column":0},"end":{"line":108,"column":3}},"13":{"start":{"line":48,"column":4},"end":{"line":107,"column":5}},"14":{"start":{"line":49,"column":33},"end":{"line":58,"column":9}},"15":{"start":{"line":59,"column":8},"end":{"line":63,"column":9}},"16":{"start":{"line":60,"column":12},"end":{"line":62,"column":15}},"17":{"start":{"line":64,"column":37},"end":{"line":78,"column":10}},"18":{"start":{"line":79,"column":8},"end":{"line":96,"column":9}},"19":{"start":{"line":80,"column":35},"end":{"line":84,"column":14}},"20":{"start":{"line":85,"column":12},"end":{"line":85,"column":40}},"21":{"start":{"line":86,"column":12},"end":{"line":88,"column":14}},"22":{"start":{"line":89,"column":12},"end":{"line":91,"column":15}},"23":{"start":{"line":93,"column":12},"end":{"line":95,"column":15}},"24":{"start":{"line":98,"column":8},"end":{"line":98,"column":26}},"25":{"start":{"line":99,"column":8},"end":{"line":103,"column":9}},"26":{"start":{"line":100,"column":12},"end":{"line":102,"column":15}},"27":{"start":{"line":104,"column":8},"end":{"line":106,"column":11}},"28":{"start":{"line":110,"column":0},"end":{"line":150,"column":3}},"29":{"start":{"line":111,"column":4},"end":{"line":149,"column":42}},"30":{"start":{"line":112,"column":33},"end":{"line":118,"column":10}},"31":{"start":{"line":119,"column":8},"end":{"line":123,"column":9}},"32":{"start":{"line":120,"column":12},"end":{"line":122,"column":15}},"33":{"start":{"line":129,"column":30},"end":{"line":134,"column":10}},"34":{"start":{"line":135,"column":8},"end":{"line":139,"column":9}},"35":{"start":{"line":136,"column":12},"end":{"line":138,"column":15}},"36":{"start":{"line":140,"column":8},"end":{"line":142,"column":10}},"37":{"start":{"line":143,"column":8},"end":{"line":145,"column":10}},"38":{"start":{"line":146,"column":8},"end":{"line":148,"column":10}},"39":{"start":{"line":149,"column":22},"end":{"line":149,"column":40}},"40":{"start":{"line":152,"column":0},"end":{"line":182,"column":3}},"41":{"start":{"line":153,"column":4},"end":{"line":153,"column":29}},"42":{"start":{"line":154,"column":20},"end":{"line":159,"column":6}},"43":{"start":{"line":160,"column":4},"end":{"line":164,"column":5}},"44":{"start":{"line":161,"column":8},"end":{"line":163,"column":11}},"45":{"start":{"line":165,"column":34},"end":{"line":170,"column":6}},"46":{"start":{"line":171,"column":4},"end":{"line":171,"column":32}},"47":{"start":{"line":172,"column":4},"end":{"line":172,"column":38}},"48":{"start":{"line":173,"column":4},"end":{"line":177,"column":5}},"49":{"start":{"line":174,"column":8},"end":{"line":176,"column":11}},"50":{"start":{"line":178,"column":4},"end":{"line":178,"column":42}},"51":{"start":{"line":179,"column":4},"end":{"line":181,"column":7}},"52":{"start":{"line":184,"column":0},"end":{"line":204,"column":2}},"53":{"start":{"line":185,"column":4},"end":{"line":203,"column":5}},"54":{"start":{"line":186,"column":8},"end":{"line":186,"column":43}},"55":{"start":{"line":187,"column":8},"end":{"line":194,"column":10}},"56":{"start":{"line":188,"column":12},"end":{"line":188,"column":63}},"57":{"start":{"line":189,"column":12},"end":{"line":189,"column":61}},"58":{"start":{"line":191,"column":38},"end":{"line":191,"column":82}},"59":{"start":{"line":192,"column":12},"end":{"line":192,"column":58}},"60":{"start":{"line":193,"column":12},"end":{"line":193,"column":41}},"61":{"start":{"line":195,"column":8},"end":{"line":197,"column":11}},"62":{"start":{"line":199,"column":8},"end":{"line":199,"column":26}},"63":{"start":{"line":200,"column":8},"end":{"line":202,"column":11}},"64":{"start":{"line":206,"column":0},"end":{"line":206,"column":24}}},"fnMap":{"0":{"name":"(anonymous_0)","decl":{"start":{"line":7,"column":28},"end":{"line":7,"column":29}},"loc":{"start":{"line":7,"column":57},"end":{"line":43,"column":1}},"line":7},"1":{"name":"(anonymous_1)","decl":{"start":{"line":47,"column":28},"end":{"line":47,"column":29}},"loc":{"start":{"line":47,"column":57},"end":{"line":108,"column":1}},"line":47},"2":{"name":"(anonymous_2)","decl":{"start":{"line":110,"column":27},"end":{"line":110,"column":28}},"loc":{"start":{"line":110,"column":56},"end":{"line":150,"column":1}},"line":110},"3":{"name":"(anonymous_3)","decl":{"start":{"line":152,"column":30},"end":{"line":152,"column":31}},"loc":{"start":{"line":152,"column":59},"end":{"line":182,"column":1}},"line":152},"4":{"name":"(anonymous_4)","decl":{"start":{"line":184,"column":31},"end":{"line":184,"column":32}},"loc":{"start":{"line":184,"column":60},"end":{"line":204,"column":1}},"line":184},"5":{"name":"(anonymous_5)","decl":{"start":{"line":187,"column":29},"end":{"line":187,"column":30}},"loc":{"start":{"line":187,"column":54},"end":{"line":194,"column":9}},"line":187}},"branchMap":{"0":{"loc":{"start":{"line":10,"column":8},"end":{"line":14,"column":9}},"type":"if","locations":[{"start":{"line":10,"column":8},"end":{"line":14,"column":9}},{"start":{},"end":{}}],"line":10},"1":{"loc":{"start":{"line":59,"column":8},"end":{"line":63,"column":9}},"type":"if","locations":[{"start":{"line":59,"column":8},"end":{"line":63,"column":9}},{"start":{},"end":{}}],"line":59},"2":{"loc":{"start":{"line":79,"column":8},"end":{"line":96,"column":9}},"type":"if","locations":[{"start":{"line":79,"column":8},"end":{"line":96,"column":9}},{"start":{"line":92,"column":15},"end":{"line":96,"column":9}}],"line":79},"3":{"loc":{"start":{"line":99,"column":8},"end":{"line":103,"column":9}},"type":"if","locations":[{"start":{"line":99,"column":8},"end":{"line":103,"column":9}},{"start":{},"end":{}}],"line":99},"4":{"loc":{"start":{"line":119,"column":8},"end":{"line":123,"column":9}},"type":"if","locations":[{"start":{"line":119,"column":8},"end":{"line":123,"column":9}},{"start":{},"end":{}}],"line":119},"5":{"loc":{"start":{"line":135,"column":8},"end":{"line":139,"column":9}},"type":"if","locations":[{"start":{"line":135,"column":8},"end":{"line":139,"column":9}},{"start":{},"end":{}}],"line":135},"6":{"loc":{"start":{"line":160,"column":4},"end":{"line":164,"column":5}},"type":"if","locations":[{"start":{"line":160,"column":4},"end":{"line":164,"column":5}},{"start":{},"end":{}}],"line":160},"7":{"loc":{"start":{"line":173,"column":4},"end":{"line":177,"column":5}},"type":"if","locations":[{"start":{"line":173,"column":4},"end":{"line":177,"column":5}},{"start":{},"end":{}}],"line":173}},"s":{"0":1,"1":1,"2":1,"3":1,"4":1,"5":1,"6":0,"7":0,"8":0,"9":0,"10":0,"11":0,"12":1,"13":0,"14":0,"15":0,"16":0,"17":0,"18":0,"19":0,"20":0,"21":0,"22":0,"23":0,"24":0,"25":0,"26":0,"27":0,"28":1,"29":0,"30":0,"31":0,"32":0,"33":0,"34":0,"35":0,"36":0,"37":0,"38":0,"39":0,"40":1,"41":0,"42":0,"43":0,"44":0,"45":0,"46":0,"47":0,"48":0,"49":0,"50":0,"51":0,"52":1,"53":0,"54":0,"55":0,"56":0,"57":0,"58":0,"59":0,"60":0,"61":0,"62":0,"63":0,"64":1},"f":{"0":0,"1":0,"2":0,"3":0,"4":0,"5":0},"b":{"0":[0,0],"1":[0,0],"2":[0,0],"3":[0,0],"4":[0,0],"5":[0,0],"6":[0,0],"7":[0,0]},"_coverageSchema":"1a1c01bbd47fc00a2c39e90264f33305004495a9","hash":"ec89276fa26cc79ccfb27111077d4e24ba7962a2"}
,"/inventory/routes/product.js": {"path":"/inventory/routes/product.js","statementMap":{"0":{"start":{"line":1,"column":15},"end":{"line":1,"column":42}},"1":{"start":{"line":2,"column":18},"end":{"line":2,"column":38}},"2":{"start":{"line":3,"column":24},"end":{"line":3,"column":60}},"3":{"start":{"line":4,"column":19},"end":{"line":4,"column":50}},"4":{"start":{"line":5,"column":16},"end":{"line":5,"column":44}},"5":{"start":{"line":6,"column":11},"end":{"line":6,"column":23}},"6":{"start":{"line":9,"column":0},"end":{"line":32,"column":3}},"7":{"start":{"line":10,"column":4},"end":{"line":31,"column":5}},"8":{"start":{"line":11,"column":30},"end":{"line":16,"column":10}},"9":{"start":{"line":17,"column":8},"end":{"line":25,"column":9}},"10":{"start":{"line":18,"column":12},"end":{"line":20,"column":15}},"11":{"start":{"line":22,"column":12},"end":{"line":24,"column":15}},"12":{"start":{"line":27,"column":8},"end":{"line":27,"column":26}},"13":{"start":{"line":28,"column":8},"end":{"line":30,"column":11}},"14":{"start":{"line":35,"column":0},"end":{"line":111,"column":3}},"15":{"start":{"line":36,"column":4},"end":{"line":110,"column":5}},"16":{"start":{"line":37,"column":25},"end":{"line":37,"column":27}},"17":{"start":{"line":40,"column":26},"end":{"line":40,"column":28}},"18":{"start":{"line":41,"column":8},"end":{"line":50,"column":9}},"19":{"start":{"line":42,"column":12},"end":{"line":42,"column":47}},"20":{"start":{"line":43,"column":12},"end":{"line":47,"column":13}},"21":{"start":{"line":45,"column":20},"end":{"line":45,"column":49}},"22":{"start":{"line":49,"column":12},"end":{"line":49,"column":61}},"23":{"start":{"line":51,"column":27},"end":{"line":58,"column":10}},"24":{"start":{"line":59,"column":21},"end":{"line":66,"column":10}},"25":{"start":{"line":67,"column":8},"end":{"line":71,"column":10}},"26":{"start":{"line":69,"column":16},"end":{"line":69,"column":47}},"27":{"start":{"line":72,"column":8},"end":{"line":78,"column":10}},"28":{"start":{"line":74,"column":16},"end":{"line":76,"column":17}},"29":{"start":{"line":75,"column":20},"end":{"line":75,"column":56}},"30":{"start":{"line":79,"column":8},"end":{"line":79,"column":52}},"31":{"start":{"line":80,"column":25},"end":{"line":93,"column":10}},"32":{"start":{"line":94,"column":8},"end":{"line":97,"column":11}},"33":{"start":{"line":99,"column":8},"end":{"line":99,"column":26}},"34":{"start":{"line":100,"column":8},"end":{"line":109,"column":9}},"35":{"start":{"line":101,"column":12},"end":{"line":103,"column":15}},"36":{"start":{"line":106,"column":12},"end":{"line":108,"column":15}},"37":{"start":{"line":114,"column":0},"end":{"line":139,"column":3}},"38":{"start":{"line":115,"column":4},"end":{"line":138,"column":5}},"39":{"start":{"line":116,"column":8},"end":{"line":116,"column":34}},"40":{"start":{"line":117,"column":8},"end":{"line":117,"column":48}},"41":{"start":{"line":118,"column":8},"end":{"line":118,"column":43}},"42":{"start":{"line":119,"column":31},"end":{"line":123,"column":10}},"43":{"start":{"line":124,"column":8},"end":{"line":132,"column":9}},"44":{"start":{"line":125,"column":12},"end":{"line":127,"column":15}},"45":{"start":{"line":129,"column":12},"end":{"line":131,"column":15}},"46":{"start":{"line":134,"column":8},"end":{"line":134,"column":26}},"47":{"start":{"line":135,"column":8},"end":{"line":137,"column":11}},"48":{"start":{"line":142,"column":0},"end":{"line":168,"column":3}},"49":{"start":{"line":143,"column":4},"end":{"line":167,"column":5}},"50":{"start":{"line":144,"column":8},"end":{"line":144,"column":34}},"51":{"start":{"line":145,"column":8},"end":{"line":145,"column":48}},"52":{"start":{"line":146,"column":8},"end":{"line":146,"column":43}},"53":{"start":{"line":147,"column":31},"end":{"line":152,"column":10}},"54":{"start":{"line":153,"column":8},"end":{"line":161,"column":9}},"55":{"start":{"line":154,"column":12},"end":{"line":156,"column":15}},"56":{"start":{"line":158,"column":12},"end":{"line":160,"column":15}},"57":{"start":{"line":163,"column":8},"end":{"line":163,"column":26}},"58":{"start":{"line":164,"column":8},"end":{"line":166,"column":11}},"59":{"start":{"line":171,"column":0},"end":{"line":191,"column":3}},"60":{"start":{"line":172,"column":31},"end":{"line":177,"column":6}},"61":{"start":{"line":178,"column":4},"end":{"line":182,"column":5}},"62":{"start":{"line":179,"column":8},"end":{"line":181,"column":11}},"63":{"start":{"line":183,"column":4},"end":{"line":187,"column":7}},"64":{"start":{"line":184,"column":8},"end":{"line":186,"column":11}},"65":{"start":{"line":188,"column":4},"end":{"line":190,"column":7}},"66":{"start":{"line":194,"column":0},"end":{"line":215,"column":2}},"67":{"start":{"line":195,"column":4},"end":{"line":213,"column":5}},"68":{"start":{"line":196,"column":8},"end":{"line":196,"column":41}},"69":{"start":{"line":197,"column":8},"end":{"line":204,"column":10}},"70":{"start":{"line":198,"column":12},"end":{"line":198,"column":61}},"71":{"start":{"line":199,"column":12},"end":{"line":199,"column":59}},"72":{"start":{"line":200,"column":34},"end":{"line":200,"column":79}},"73":{"start":{"line":201,"column":12},"end":{"line":203,"column":15}},"74":{"start":{"line":205,"column":8},"end":{"line":207,"column":11}},"75":{"start":{"line":209,"column":8},"end":{"line":209,"column":26}},"76":{"start":{"line":210,"column":8},"end":{"line":212,"column":11}},"77":{"start":{"line":219,"column":0},"end":{"line":246,"column":3}},"78":{"start":{"line":220,"column":4},"end":{"line":245,"column":5}},"79":{"start":{"line":221,"column":33},"end":{"line":229,"column":10}},"80":{"start":{"line":230,"column":8},"end":{"line":230,"column":38}},"81":{"start":{"line":231,"column":8},"end":{"line":233,"column":11}},"82":{"start":{"line":235,"column":8},"end":{"line":244,"column":9}},"83":{"start":{"line":236,"column":12},"end":{"line":238,"column":15}},"84":{"start":{"line":240,"column":13},"end":{"line":244,"column":9}},"85":{"start":{"line":241,"column":12},"end":{"line":243,"column":15}},"86":{"start":{"line":249,"column":0},"end":{"line":311,"column":3}},"87":{"start":{"line":250,"column":4},"end":{"line":310,"column":5}},"88":{"start":{"line":251,"column":32},"end":{"line":256,"column":10}},"89":{"start":{"line":257,"column":8},"end":{"line":261,"column":9}},"90":{"start":{"line":258,"column":12},"end":{"line":260,"column":15}},"91":{"start":{"line":262,"column":8},"end":{"line":272,"column":9}},"92":{"start":{"line":263,"column":30},"end":{"line":263,"column":32}},"93":{"start":{"line":264,"column":12},"end":{"line":271,"column":14}},"94":{"start":{"line":265,"column":16},"end":{"line":269,"column":19}},"95":{"start":{"line":270,"column":16},"end":{"line":270,"column":49}},"96":{"start":{"line":273,"column":8},"end":{"line":283,"column":9}},"97":{"start":{"line":274,"column":26},"end":{"line":274,"column":28}},"98":{"start":{"line":275,"column":12},"end":{"line":282,"column":14}},"99":{"start":{"line":276,"column":16},"end":{"line":280,"column":19}},"100":{"start":{"line":281,"column":16},"end":{"line":281,"column":40}},"101":{"start":{"line":284,"column":8},"end":{"line":290,"column":9}},"102":{"start":{"line":285,"column":12},"end":{"line":288,"column":19}},"103":{"start":{"line":286,"column":16},"end":{"line":288,"column":19}},"104":{"start":{"line":289,"column":12},"end":{"line":289,"column":39}},"105":{"start":{"line":291,"column":8},"end":{"line":301,"column":11}},"106":{"start":{"line":302,"column":8},"end":{"line":304,"column":11}},"107":{"start":{"line":306,"column":8},"end":{"line":306,"column":26}},"108":{"start":{"line":307,"column":8},"end":{"line":309,"column":11}},"109":{"start":{"line":314,"column":0},"end":{"line":332,"column":3}},"110":{"start":{"line":315,"column":4},"end":{"line":331,"column":5}},"111":{"start":{"line":316,"column":32},"end":{"line":321,"column":10}},"112":{"start":{"line":322,"column":8},"end":{"line":322,"column":40}},"113":{"start":{"line":323,"column":8},"end":{"line":325,"column":11}},"114":{"start":{"line":327,"column":8},"end":{"line":327,"column":26}},"115":{"start":{"line":328,"column":8},"end":{"line":330,"column":11}},"116":{"start":{"line":335,"column":0},"end":{"line":351,"column":3}},"117":{"start":{"line":336,"column":4},"end":{"line":350,"column":5}},"118":{"start":{"line":337,"column":25},"end":{"line":341,"column":10}},"119":{"start":{"line":342,"column":8},"end":{"line":344,"column":11}},"120":{"start":{"line":346,"column":8},"end":{"line":346,"column":26}},"121":{"start":{"line":347,"column":8},"end":{"line":349,"column":11}},"122":{"start":{"line":354,"column":0},"end":{"line":374,"column":3}},"123":{"start":{"line":355,"column":4},"end":{"line":373,"column":5}},"124":{"start":{"line":356,"column":25},"end":{"line":360,"column":10}},"125":{"start":{"line":361,"column":8},"end":{"line":363,"column":11}},"126":{"start":{"line":369,"column":8},"end":{"line":369,"column":26}},"127":{"start":{"line":370,"column":8},"end":{"line":372,"column":11}},"128":{"start":{"line":376,"column":0},"end":{"line":376,"column":24}}},"fnMap":{"0":{"name":"(anonymous_0)","decl":{"start":{"line":9,"column":29},"end":{"line":9,"column":30}},"loc":{"start":{"line":9,"column":58},"end":{"line":32,"column":1}},"line":9},"1":{"name":"(anonymous_1)","decl":{"start":{"line":35,"column":30},"end":{"line":35,"column":31}},"loc":{"start":{"line":35,"column":59},"end":{"line":111,"column":1}},"line":35},"2":{"name":"(anonymous_2)","decl":{"start":{"line":44,"column":16},"end":{"line":44,"column":17}},"loc":{"start":{"line":44,"column":24},"end":{"line":46,"column":17}},"line":44},"3":{"name":"(anonymous_3)","decl":{"start":{"line":68,"column":12},"end":{"line":68,"column":13}},"loc":{"start":{"line":68,"column":21},"end":{"line":70,"column":13}},"line":68},"4":{"name":"(anonymous_4)","decl":{"start":{"line":73,"column":12},"end":{"line":73,"column":13}},"loc":{"start":{"line":73,"column":26},"end":{"line":77,"column":13}},"line":73},"5":{"name":"(anonymous_5)","decl":{"start":{"line":114,"column":31},"end":{"line":114,"column":32}},"loc":{"start":{"line":114,"column":60},"end":{"line":139,"column":1}},"line":114},"6":{"name":"(anonymous_6)","decl":{"start":{"line":142,"column":30},"end":{"line":142,"column":31}},"loc":{"start":{"line":142,"column":59},"end":{"line":168,"column":1}},"line":142},"7":{"name":"(anonymous_7)","decl":{"start":{"line":171,"column":31},"end":{"line":171,"column":32}},"loc":{"start":{"line":171,"column":60},"end":{"line":191,"column":1}},"line":171},"8":{"name":"(anonymous_8)","decl":{"start":{"line":183,"column":31},"end":{"line":183,"column":32}},"loc":{"start":{"line":183,"column":44},"end":{"line":187,"column":5}},"line":183},"9":{"name":"(anonymous_9)","decl":{"start":{"line":194,"column":24},"end":{"line":194,"column":25}},"loc":{"start":{"line":194,"column":53},"end":{"line":215,"column":1}},"line":194},"10":{"name":"(anonymous_10)","decl":{"start":{"line":197,"column":29},"end":{"line":197,"column":30}},"loc":{"start":{"line":197,"column":52},"end":{"line":204,"column":9}},"line":197},"11":{"name":"(anonymous_11)","decl":{"start":{"line":219,"column":31},"end":{"line":219,"column":32}},"loc":{"start":{"line":219,"column":60},"end":{"line":246,"column":1}},"line":219},"12":{"name":"(anonymous_12)","decl":{"start":{"line":249,"column":30},"end":{"line":249,"column":31}},"loc":{"start":{"line":249,"column":59},"end":{"line":311,"column":1}},"line":249},"13":{"name":"(anonymous_13)","decl":{"start":{"line":264,"column":47},"end":{"line":264,"column":48}},"loc":{"start":{"line":264,"column":71},"end":{"line":271,"column":13}},"line":264},"14":{"name":"(anonymous_14)","decl":{"start":{"line":275,"column":42},"end":{"line":275,"column":43}},"loc":{"start":{"line":275,"column":61},"end":{"line":282,"column":13}},"line":275},"15":{"name":"(anonymous_15)","decl":{"start":{"line":314,"column":33},"end":{"line":314,"column":34}},"loc":{"start":{"line":314,"column":62},"end":{"line":332,"column":1}},"line":314},"16":{"name":"(anonymous_16)","decl":{"start":{"line":335,"column":29},"end":{"line":335,"column":30}},"loc":{"start":{"line":335,"column":58},"end":{"line":351,"column":1}},"line":335},"17":{"name":"(anonymous_17)","decl":{"start":{"line":354,"column":30},"end":{"line":354,"column":31}},"loc":{"start":{"line":354,"column":59},"end":{"line":374,"column":1}},"line":354}},"branchMap":{"0":{"loc":{"start":{"line":17,"column":8},"end":{"line":25,"column":9}},"type":"if","locations":[{"start":{"line":17,"column":8},"end":{"line":25,"column":9}},{"start":{"line":21,"column":15},"end":{"line":25,"column":9}}],"line":17},"1":{"loc":{"start":{"line":41,"column":8},"end":{"line":50,"column":9}},"type":"if","locations":[{"start":{"line":41,"column":8},"end":{"line":50,"column":9}},{"start":{"line":48,"column":15},"end":{"line":50,"column":9}}],"line":41},"2":{"loc":{"start":{"line":74,"column":16},"end":{"line":76,"column":17}},"type":"if","locations":[{"start":{"line":74,"column":16},"end":{"line":76,"column":17}},{"start":{},"end":{}}],"line":74},"3":{"loc":{"start":{"line":83,"column":26},"end":{"line":83,"column":96}},"type":"cond-expr","locations":[{"start":{"line":83,"column":51},"end":{"line":83,"column":75}},{"start":{"line":83,"column":78},"end":{"line":83,"column":96}}],"line":83},"4":{"loc":{"start":{"line":84,"column":28},"end":{"line":84,"column":136}},"type":"cond-expr","locations":[{"start":{"line":84,"column":70},"end":{"line":84,"column":115}},{"start":{"line":84,"column":118},"end":{"line":84,"column":136}}],"line":84},"5":{"loc":{"start":{"line":87,"column":32},"end":{"line":87,"column":115}},"type":"cond-expr","locations":[{"start":{"line":87,"column":71},"end":{"line":87,"column":94}},{"start":{"line":87,"column":97},"end":{"line":87,"column":115}}],"line":87},"6":{"loc":{"start":{"line":89,"column":33},"end":{"line":89,"column":130}},"type":"cond-expr","locations":[{"start":{"line":89,"column":73},"end":{"line":89,"column":109}},{"start":{"line":89,"column":112},"end":{"line":89,"column":130}}],"line":89},"7":{"loc":{"start":{"line":100,"column":8},"end":{"line":109,"column":9}},"type":"if","locations":[{"start":{"line":100,"column":8},"end":{"line":109,"column":9}},{"start":{"line":105,"column":13},"end":{"line":109,"column":9}}],"line":100},"8":{"loc":{"start":{"line":124,"column":8},"end":{"line":132,"column":9}},"type":"if","locations":[{"start":{"line":124,"column":8},"end":{"line":132,"column":9}},{"start":{"line":128,"column":15},"end":{"line":132,"column":9}}],"line":124},"9":{"loc":{"start":{"line":153,"column":8},"end":{"line":161,"column":9}},"type":"if","locations":[{"start":{"line":153,"column":8},"end":{"line":161,"column":9}},{"start":{"line":157,"column":15},"end":{"line":161,"column":9}}],"line":153},"10":{"loc":{"start":{"line":178,"column":4},"end":{"line":182,"column":5}},"type":"if","locations":[{"start":{"line":178,"column":4},"end":{"line":182,"column":5}},{"start":{},"end":{}}],"line":178},"11":{"loc":{"start":{"line":235,"column":8},"end":{"line":244,"column":9}},"type":"if","locations":[{"start":{"line":235,"column":8},"end":{"line":244,"column":9}},{"start":{"line":240,"column":13},"end":{"line":244,"column":9}}],"line":235},"12":{"loc":{"start":{"line":240,"column":13},"end":{"line":244,"column":9}},"type":"if","locations":[{"start":{"line":240,"column":13},"end":{"line":244,"column":9}},{"start":{},"end":{}}],"line":240},"13":{"loc":{"start":{"line":257,"column":8},"end":{"line":261,"column":9}},"type":"if","locations":[{"start":{"line":257,"column":8},"end":{"line":261,"column":9}},{"start":{},"end":{}}],"line":257},"14":{"loc":{"start":{"line":262,"column":8},"end":{"line":272,"column":9}},"type":"if","locations":[{"start":{"line":262,"column":8},"end":{"line":272,"column":9}},{"start":{},"end":{}}],"line":262},"15":{"loc":{"start":{"line":273,"column":8},"end":{"line":283,"column":9}},"type":"if","locations":[{"start":{"line":273,"column":8},"end":{"line":283,"column":9}},{"start":{},"end":{}}],"line":273},"16":{"loc":{"start":{"line":284,"column":8},"end":{"line":290,"column":9}},"type":"if","locations":[{"start":{"line":284,"column":8},"end":{"line":290,"column":9}},{"start":{},"end":{}}],"line":284},"17":{"loc":{"start":{"line":284,"column":12},"end":{"line":284,"column":95}},"type":"binary-expr","locations":[{"start":{"line":284,"column":12},"end":{"line":284,"column":56}},{"start":{"line":284,"column":60},"end":{"line":284,"column":95}}],"line":284},"18":{"loc":{"start":{"line":285,"column":12},"end":{"line":288,"column":19}},"type":"if","locations":[{"start":{"line":285,"column":12},"end":{"line":288,"column":19}},{"start":{},"end":{}}],"line":285},"19":{"loc":{"start":{"line":292,"column":18},"end":{"line":292,"column":98}},"type":"cond-expr","locations":[{"start":{"line":292,"column":55},"end":{"line":292,"column":75}},{"start":{"line":292,"column":78},"end":{"line":292,"column":98}}],"line":292},"20":{"loc":{"start":{"line":293,"column":19},"end":{"line":293,"column":96}},"type":"cond-expr","locations":[{"start":{"line":293,"column":54},"end":{"line":293,"column":72}},{"start":{"line":293,"column":75},"end":{"line":293,"column":96}}],"line":293},"21":{"loc":{"start":{"line":294,"column":23},"end":{"line":294,"column":112}},"type":"cond-expr","locations":[{"start":{"line":294,"column":62},"end":{"line":294,"column":84}},{"start":{"line":294,"column":87},"end":{"line":294,"column":112}}],"line":294},"22":{"loc":{"start":{"line":295,"column":25},"end":{"line":295,"column":120}},"type":"cond-expr","locations":[{"start":{"line":295,"column":66},"end":{"line":295,"column":90}},{"start":{"line":295,"column":93},"end":{"line":295,"column":120}}],"line":295},"23":{"loc":{"start":{"line":296,"column":23},"end":{"line":296,"column":112}},"type":"cond-expr","locations":[{"start":{"line":296,"column":62},"end":{"line":296,"column":84}},{"start":{"line":296,"column":87},"end":{"line":296,"column":112}}],"line":296},"24":{"loc":{"start":{"line":297,"column":31},"end":{"line":297,"column":144}},"type":"cond-expr","locations":[{"start":{"line":297,"column":78},"end":{"line":297,"column":108}},{"start":{"line":297,"column":111},"end":{"line":297,"column":144}}],"line":297},"25":{"loc":{"start":{"line":298,"column":31},"end":{"line":298,"column":106}},"type":"cond-expr","locations":[{"start":{"line":298,"column":59},"end":{"line":298,"column":70}},{"start":{"line":298,"column":73},"end":{"line":298,"column":106}}],"line":298},"26":{"loc":{"start":{"line":299,"column":26},"end":{"line":299,"column":88}},"type":"cond-expr","locations":[{"start":{"line":299,"column":50},"end":{"line":299,"column":57}},{"start":{"line":299,"column":60},"end":{"line":299,"column":88}}],"line":299},"27":{"loc":{"start":{"line":300,"column":20},"end":{"line":300,"column":100}},"type":"cond-expr","locations":[{"start":{"line":300,"column":56},"end":{"line":300,"column":75}},{"start":{"line":300,"column":78},"end":{"line":300,"column":100}}],"line":300}},"s":{"0":1,"1":1,"2":1,"3":1,"4":1,"5":1,"6":1,"7":0,"8":0,"9":0,"10":0,"11":0,"12":0,"13":0,"14":1,"15":0,"16":0,"17":0,"18":0,"19":0,"20":0,"21":0,"22":0,"23":0,"24":0,"25":0,"26":0,"27":0,"28":0,"29":0,"30":0,"31":0,"32":0,"33":0,"34":0,"35":0,"36":0,"37":1,"38":0,"39":0,"40":0,"41":0,"42":0,"43":0,"44":0,"45":0,"46":0,"47":0,"48":1,"49":0,"50":0,"51":0,"52":0,"53":0,"54":0,"55":0,"56":0,"57":0,"58":0,"59":1,"60":0,"61":0,"62":0,"63":0,"64":0,"65":0,"66":1,"67":0,"68":0,"69":0,"70":0,"71":0,"72":0,"73":0,"74":0,"75":0,"76":0,"77":1,"78":0,"79":0,"80":0,"81":0,"82":0,"83":0,"84":0,"85":0,"86":1,"87":0,"88":0,"89":0,"90":0,"91":0,"92":0,"93":0,"94":0,"95":0,"96":0,"97":0,"98":0,"99":0,"100":0,"101":0,"102":0,"103":0,"104":0,"105":0,"106":0,"107":0,"108":0,"109":1,"110":0,"111":0,"112":0,"113":0,"114":0,"115":0,"116":1,"117":0,"118":0,"119":0,"120":0,"121":0,"122":1,"123":0,"124":0,"125":0,"126":0,"127":0,"128":1},"f":{"0":0,"1":0,"2":0,"3":0,"4":0,"5":0,"6":0,"7":0,"8":0,"9":0,"10":0,"11":0,"12":0,"13":0,"14":0,"15":0,"16":0,"17":0},"b":{"0":[0,0],"1":[0,0],"2":[0,0],"3":[0,0],"4":[0,0],"5":[0,0],"6":[0,0],"7":[0,0],"8":[0,0],"9":[0,0],"10":[0,0],"11":[0,0],"12":[0,0],"13":[0,0],"14":[0,0],"15":[0,0],"16":[0,0],"17":[0,0],"18":[0,0],"19":[0,0],"20":[0,0],"21":[0,0],"22":[0,0],"23":[0,0],"24":[0,0],"25":[0,0],"26":[0,0],"27":[0,0]},"_coverageSchema":"1a1c01bbd47fc00a2c39e90264f33305004495a9","hash":"68ec027e9414d107493e8a4b3e81b029f6cf9f0d"}
,"/inventory/settings/database.js": {"path":"/inventory/settings/database.js","statementMap":{"0":{"start":{"line":1,"column":22},"end":{"line":1,"column":42}},"1":{"start":{"line":3,"column":19},"end":{"line":10,"column":2}},"2":{"start":{"line":12,"column":20},"end":{"line":20,"column":2}},"3":{"start":{"line":21,"column":0},"end":{"line":21,"column":49}}},"fnMap":{},"branchMap":{},"s":{"0":1,"1":1,"2":1,"3":1},"f":{},"b":{},"_coverageSchema":"1a1c01bbd47fc00a2c39e90264f33305004495a9","hash":"05c713c27178f3a7ea4d703dd264b8c9ca0d7fdb"}
,"/inventory/utils/utils.js": {"path":"/inventory/utils/utils.js","statementMap":{"0":{"start":{"line":1,"column":21},"end":{"line":5,"column":3}},"1":{"start":{"line":2,"column":4},"end":{"line":2,"column":25}},"2":{"start":{"line":3,"column":4},"end":{"line":3,"column":26}},"3":{"start":{"line":4,"column":4},"end":{"line":4,"column":57}},"4":{"start":{"line":9,"column":0},"end":{"line":9,"column":29}}},"fnMap":{"0":{"name":"(anonymous_0)","decl":{"start":{"line":1,"column":21},"end":{"line":1,"column":22}},"loc":{"start":{"line":1,"column":35},"end":{"line":5,"column":3}},"line":1}},"branchMap":{},"s":{"0":1,"1":39,"2":39,"3":39,"4":1},"f":{"0":39},"b":{},"_coverageSchema":"1a1c01bbd47fc00a2c39e90264f33305004495a9","hash":"5632787caa27a9cbeaea40e0a615b42fde31ce0d"}
}
