{"/inventory/app.js": {"path":"/inventory/app.js","statementMap":{"0":{"start":{"line":1,"column":16},"end":{"line":1,"column":34}},"1":{"start":{"line":2,"column":12},"end":{"line":2,"column":38}},"2":{"start":{"line":3,"column":13},"end":{"line":3,"column":28}},"3":{"start":{"line":4,"column":24},"end":{"line":4,"column":59}},"4":{"start":{"line":5,"column":19},"end":{"line":5,"column":49}},"5":{"start":{"line":6,"column":16},"end":{"line":6,"column":43}},"6":{"start":{"line":7,"column":40},"end":{"line":7,"column":70}},"7":{"start":{"line":8,"column":17},"end":{"line":8,"column":50}},"8":{"start":{"line":16,"column":0},"end":{"line":16,"column":33}},"9":{"start":{"line":17,"column":0},"end":{"line":17,"column":28}},"10":{"start":{"line":20,"column":0},"end":{"line":53,"column":1}},"11":{"start":{"line":21,"column":4},"end":{"line":21,"column":21}},"12":{"start":{"line":22,"column":4},"end":{"line":22,"column":32}},"13":{"start":{"line":23,"column":4},"end":{"line":23,"column":17}},"14":{"start":{"line":25,"column":4},"end":{"line":29,"column":46}},"15":{"start":{"line":27,"column":12},"end":{"line":27,"column":62}},"16":{"start":{"line":29,"column":26},"end":{"line":29,"column":44}},"17":{"start":{"line":32,"column":4},"end":{"line":47,"column":46}},"18":{"start":{"line":35,"column":16},"end":{"line":35,"column":57}},"19":{"start":{"line":36,"column":16},"end":{"line":38,"column":54}},"20":{"start":{"line":37,"column":20},"end":{"line":37,"column":116}},"21":{"start":{"line":38,"column":34},"end":{"line":38,"column":52}},"22":{"start":{"line":39,"column":16},"end":{"line":41,"column":54}},"23":{"start":{"line":40,"column":20},"end":{"line":40,"column":118}},"24":{"start":{"line":41,"column":34},"end":{"line":41,"column":52}},"25":{"start":{"line":42,"column":16},"end":{"line":44,"column":54}},"26":{"start":{"line":43,"column":20},"end":{"line":43,"column":112}},"27":{"start":{"line":44,"column":34},"end":{"line":44,"column":52}},"28":{"start":{"line":47,"column":26},"end":{"line":47,"column":44}},"29":{"start":{"line":49,"column":7},"end":{"line":53,"column":1}},"30":{"start":{"line":50,"column":4},"end":{"line":50,"column":22}},"31":{"start":{"line":51,"column":4},"end":{"line":51,"column":36}},"32":{"start":{"line":52,"column":4},"end":{"line":52,"column":16}},"33":{"start":{"line":55,"column":12},"end":{"line":55,"column":21}},"34":{"start":{"line":58,"column":21},"end":{"line":58,"column":48}},"35":{"start":{"line":59,"column":25},"end":{"line":59,"column":56}},"36":{"start":{"line":60,"column":27},"end":{"line":60,"column":60}},"37":{"start":{"line":61,"column":31},"end":{"line":61,"column":66}},"38":{"start":{"line":62,"column":25},"end":{"line":62,"column":55}},"39":{"start":{"line":63,"column":26},"end":{"line":63,"column":57}},"40":{"start":{"line":65,"column":0},"end":{"line":65,"column":24}},"41":{"start":{"line":66,"column":0},"end":{"line":66,"column":16}},"42":{"start":{"line":67,"column":0},"end":{"line":67,"column":31}},"43":{"start":{"line":68,"column":0},"end":{"line":68,"column":35}},"44":{"start":{"line":69,"column":0},"end":{"line":69,"column":37}},"45":{"start":{"line":70,"column":0},"end":{"line":70,"column":41}},"46":{"start":{"line":71,"column":0},"end":{"line":71,"column":35}},"47":{"start":{"line":72,"column":0},"end":{"line":72,"column":36}},"48":{"start":{"line":74,"column":0},"end":{"line":74,"column":21}}},"fnMap":{"0":{"name":"(anonymous_0)","decl":{"start":{"line":26,"column":13},"end":{"line":26,"column":14}},"loc":{"start":{"line":26,"column":19},"end":{"line":28,"column":9}},"line":26},"1":{"name":"(anonymous_1)","decl":{"start":{"line":29,"column":15},"end":{"line":29,"column":16}},"loc":{"start":{"line":29,"column":26},"end":{"line":29,"column":44}},"line":29},"2":{"name":"(anonymous_2)","decl":{"start":{"line":34,"column":12},"end":{"line":34,"column":13}},"loc":{"start":{"line":34,"column":18},"end":{"line":45,"column":13}},"line":34},"3":{"name":"(anonymous_3)","decl":{"start":{"line":47,"column":15},"end":{"line":47,"column":16}},"loc":{"start":{"line":47,"column":26},"end":{"line":47,"column":44}},"line":47}},"branchMap":{"0":{"loc":{"start":{"line":20,"column":0},"end":{"line":53,"column":1}},"type":"if","locations":[{"start":{"line":20,"column":0},"end":{"line":53,"column":1}},{"start":{"line":49,"column":7},"end":{"line":53,"column":1}}],"line":20},"1":{"loc":{"start":{"line":49,"column":7},"end":{"line":53,"column":1}},"type":"if","locations":[{"start":{"line":49,"column":7},"end":{"line":53,"column":1}},{"start":{},"end":{}}],"line":49}},"s":{"0":1,"1":1,"2":1,"3":1,"4":1,"5":1,"6":1,"7":1,"8":1,"9":1,"10":1,"11":0,"12":0,"13":0,"14":0,"15":0,"16":0,"17":0,"18":0,"19":0,"20":0,"21":0,"22":0,"23":0,"24":0,"25":0,"26":0,"27":0,"28":0,"29":1,"30":1,"31":1,"32":1,"33":1,"34":1,"35":1,"36":1,"37":1,"38":1,"39":1,"40":1,"41":1,"42":1,"43":1,"44":1,"45":1,"46":1,"47":1,"48":1},"f":{"0":0,"1":0,"2":0,"3":0},"b":{"0":[0,1],"1":[1,0]},"_coverageSchema":"1a1c01bbd47fc00a2c39e90264f33305004495a9","hash":"319b102d00d5ce00c72bb26076f0046bc4c30b88"}
,"/inventory/models/cart.js": {"path":"/inventory/models/cart.js","statementMap":{"0":{"start":{"line":1,"column":9},"end":{"line":1,"column":40}},"1":{"start":{"line":2,"column":22},"end":{"line":2,"column":42}},"2":{"start":{"line":3,"column":0},"end":{"line":3,"column":85}},"3":{"start":{"line":5,"column":13},"end":{"line":19,"column":2}},"4":{"start":{"line":21,"column":0},"end":{"line":21,"column":22}}},"fnMap":{},"branchMap":{"0":{"loc":{"start":{"line":3,"column":0},"end":{"line":3,"column":85}},"type":"cond-expr","locations":[{"start":{"line":3,"column":41},"end":{"line":3,"column":61}},{"start":{"line":3,"column":64},"end":{"line":3,"column":85}}],"line":3}},"s":{"0":1,"1":1,"2":1,"3":1,"4":1},"f":{},"b":{"0":[0,1]},"_coverageSchema":"1a1c01bbd47fc00a2c39e90264f33305004495a9","hash":"323201db06f79c7ef495c4821dacf2647dc3908c"}
,"/inventory/models/cartProduct.js": {"path":"/inventory/models/cartProduct.js","statementMap":{"0":{"start":{"line":1,"column":9},"end":{"line":1,"column":40}},"1":{"start":{"line":2,"column":22},"end":{"line":2,"column":42}},"2":{"start":{"line":3,"column":0},"end":{"line":3,"column":85}},"3":{"start":{"line":5,"column":20},"end":{"line":25,"column":2}},"4":{"start":{"line":27,"column":0},"end":{"line":27,"column":29}}},"fnMap":{},"branchMap":{"0":{"loc":{"start":{"line":3,"column":0},"end":{"line":3,"column":85}},"type":"cond-expr","locations":[{"start":{"line":3,"column":41},"end":{"line":3,"column":61}},{"start":{"line":3,"column":64},"end":{"line":3,"column":85}}],"line":3}},"s":{"0":1,"1":1,"2":1,"3":1,"4":1},"f":{},"b":{"0":[0,1]},"_coverageSchema":"1a1c01bbd47fc00a2c39e90264f33305004495a9","hash":"f4d7ea9b368352f285581f15e052629c1e153037"}
,"/inventory/models/product.js": {"path":"/inventory/models/product.js","statementMap":{"0":{"start":{"line":1,"column":9},"end":{"line":1,"column":40}},"1":{"start":{"line":2,"column":22},"end":{"line":2,"column":42}},"2":{"start":{"line":3,"column":18},"end":{"line":3,"column":50}},"3":{"start":{"line":4,"column":0},"end":{"line":4,"column":85}},"4":{"start":{"line":6,"column":16},"end":{"line":45,"column":6}},"5":{"start":{"line":47,"column":0},"end":{"line":47,"column":25}}},"fnMap":{},"branchMap":{"0":{"loc":{"start":{"line":4,"column":0},"end":{"line":4,"column":85}},"type":"cond-expr","locations":[{"start":{"line":4,"column":41},"end":{"line":4,"column":61}},{"start":{"line":4,"column":64},"end":{"line":4,"column":85}}],"line":4}},"s":{"0":1,"1":1,"2":1,"3":1,"4":1,"5":1},"f":{},"b":{"0":[0,1]},"_coverageSchema":"1a1c01bbd47fc00a2c39e90264f33305004495a9","hash":"854a4be007df00f9846edb2ede47b9a998e4d371"}
,"/inventory/models/productCategory.js": {"path":"/inventory/models/productCategory.js","statementMap":{"0":{"start":{"line":1,"column":9},"end":{"line":1,"column":40}},"1":{"start":{"line":2,"column":22},"end":{"line":2,"column":42}},"2":{"start":{"line":3,"column":0},"end":{"line":3,"column":85}},"3":{"start":{"line":5,"column":24},"end":{"line":24,"column":1}},"4":{"start":{"line":25,"column":0},"end":{"line":25,"column":33}}},"fnMap":{},"branchMap":{"0":{"loc":{"start":{"line":3,"column":0},"end":{"line":3,"column":85}},"type":"cond-expr","locations":[{"start":{"line":3,"column":41},"end":{"line":3,"column":61}},{"start":{"line":3,"column":64},"end":{"line":3,"column":85}}],"line":3}},"s":{"0":1,"1":1,"2":1,"3":1,"4":1},"f":{},"b":{"0":[0,1]},"_coverageSchema":"1a1c01bbd47fc00a2c39e90264f33305004495a9","hash":"a6f1a3b6554346d2a06c9302144b2eb1a9a17093"}
,"/inventory/models/productTag.js": {"path":"/inventory/models/productTag.js","statementMap":{"0":{"start":{"line":1,"column":9},"end":{"line":1,"column":40}},"1":{"start":{"line":2,"column":22},"end":{"line":2,"column":42}},"2":{"start":{"line":3,"column":0},"end":{"line":3,"column":85}},"3":{"start":{"line":5,"column":19},"end":{"line":24,"column":1}},"4":{"start":{"line":26,"column":0},"end":{"line":26,"column":28}}},"fnMap":{},"branchMap":{"0":{"loc":{"start":{"line":3,"column":0},"end":{"line":3,"column":85}},"type":"cond-expr","locations":[{"start":{"line":3,"column":41},"end":{"line":3,"column":61}},{"start":{"line":3,"column":64},"end":{"line":3,"column":85}}],"line":3}},"s":{"0":1,"1":1,"2":1,"3":1,"4":1},"f":{},"b":{"0":[0,1]},"_coverageSchema":"1a1c01bbd47fc00a2c39e90264f33305004495a9","hash":"f922df2d85808e69913180ccd8181503c825d194"}
,"/inventory/models/ratingProduct.js": {"path":"/inventory/models/ratingProduct.js","statementMap":{"0":{"start":{"line":1,"column":9},"end":{"line":1,"column":40}},"1":{"start":{"line":2,"column":22},"end":{"line":2,"column":42}},"2":{"start":{"line":3,"column":0},"end":{"line":3,"column":85}},"3":{"start":{"line":5,"column":22},"end":{"line":29,"column":6}},"4":{"start":{"line":31,"column":0},"end":{"line":31,"column":31}}},"fnMap":{},"branchMap":{"0":{"loc":{"start":{"line":3,"column":0},"end":{"line":3,"column":85}},"type":"cond-expr","locations":[{"start":{"line":3,"column":41},"end":{"line":3,"column":61}},{"start":{"line":3,"column":64},"end":{"line":3,"column":85}}],"line":3}},"s":{"0":1,"1":1,"2":1,"3":1,"4":1},"f":{},"b":{"0":[0,1]},"_coverageSchema":"1a1c01bbd47fc00a2c39e90264f33305004495a9","hash":"458c0c559c1e8c543aa19bf077b18f33fa5b0481"}
,"/inventory/models/wishProduct.js": {"path":"/inventory/models/wishProduct.js","statementMap":{"0":{"start":{"line":1,"column":9},"end":{"line":1,"column":40}},"1":{"start":{"line":2,"column":22},"end":{"line":2,"column":42}},"2":{"start":{"line":3,"column":0},"end":{"line":3,"column":85}},"3":{"start":{"line":5,"column":20},"end":{"line":26,"column":6}},"4":{"start":{"line":27,"column":4},"end":{"line":27,"column":33}}},"fnMap":{},"branchMap":{"0":{"loc":{"start":{"line":3,"column":0},"end":{"line":3,"column":85}},"type":"cond-expr","locations":[{"start":{"line":3,"column":41},"end":{"line":3,"column":61}},{"start":{"line":3,"column":64},"end":{"line":3,"column":85}}],"line":3}},"s":{"0":1,"1":1,"2":1,"3":1,"4":1},"f":{},"b":{"0":[0,1]},"_coverageSchema":"1a1c01bbd47fc00a2c39e90264f33305004495a9","hash":"bce4ef98494b034ebc8da13e36c684e818ab9f2d"}
,"/inventory/routes/cartProduct.js": {"path":"/inventory/routes/cartProduct.js","statementMap":{"0":{"start":{"line":1,"column":15},"end":{"line":1,"column":42}},"1":{"start":{"line":2,"column":20},"end":{"line":2,"column":52}},"2":{"start":{"line":3,"column":18},"end":{"line":3,"column":38}},"3":{"start":{"line":4,"column":16},"end":{"line":4,"column":44}},"4":{"start":{"line":5,"column":11},"end":{"line":5,"column":23}},"5":{"start":{"line":7,"column":0},"end":{"line":43,"column":3}},"6":{"start":{"line":8,"column":4},"end":{"line":42,"column":5}},"7":{"start":{"line":10,"column":8},"end":{"line":14,"column":9}},"8":{"start":{"line":11,"column":12},"end":{"line":13,"column":15}},"9":{"start":{"line":15,"column":29},"end":{"line":19,"column":10}},"10":{"start":{"line":35,"column":8},"end":{"line":37,"column":11}},"11":{"start":{"line":39,"column":8},"end":{"line":41,"column":11}},"12":{"start":{"line":47,"column":0},"end":{"line":108,"column":3}},"13":{"start":{"line":48,"column":4},"end":{"line":107,"column":5}},"14":{"start":{"line":49,"column":33},"end":{"line":58,"column":9}},"15":{"start":{"line":59,"column":8},"end":{"line":63,"column":9}},"16":{"start":{"line":60,"column":12},"end":{"line":62,"column":15}},"17":{"start":{"line":64,"column":37},"end":{"line":78,"column":10}},"18":{"start":{"line":79,"column":8},"end":{"line":96,"column":9}},"19":{"start":{"line":80,"column":35},"end":{"line":84,"column":14}},"20":{"start":{"line":85,"column":12},"end":{"line":85,"column":40}},"21":{"start":{"line":86,"column":12},"end":{"line":88,"column":14}},"22":{"start":{"line":89,"column":12},"end":{"line":91,"column":15}},"23":{"start":{"line":93,"column":12},"end":{"line":95,"column":15}},"24":{"start":{"line":98,"column":8},"end":{"line":98,"column":26}},"25":{"start":{"line":99,"column":8},"end":{"line":103,"column":9}},"26":{"start":{"line":100,"column":12},"end":{"line":102,"column":15}},"27":{"start":{"line":104,"column":8},"end":{"line":106,"column":11}},"28":{"start":{"line":110,"column":0},"end":{"line":150,"column":3}},"29":{"start":{"line":111,"column":4},"end":{"line":149,"column":42}},"30":{"start":{"line":112,"column":33},"end":{"line":118,"column":10}},"31":{"start":{"line":119,"column":8},"end":{"line":123,"column":9}},"32":{"start":{"line":120,"column":12},"end":{"line":122,"column":15}},"33":{"start":{"line":129,"column":30},"end":{"line":134,"column":10}},"34":{"start":{"line":135,"column":8},"end":{"line":139,"column":9}},"35":{"start":{"line":136,"column":12},"end":{"line":138,"column":15}},"36":{"start":{"line":140,"column":8},"end":{"line":142,"column":10}},"37":{"start":{"line":143,"column":8},"end":{"line":145,"column":10}},"38":{"start":{"line":146,"column":8},"end":{"line":148,"column":10}},"39":{"start":{"line":149,"column":22},"end":{"line":149,"column":40}},"40":{"start":{"line":152,"column":0},"end":{"line":182,"column":3}},"41":{"start":{"line":153,"column":4},"end":{"line":153,"column":29}},"42":{"start":{"line":154,"column":20},"end":{"line":159,"column":6}},"43":{"start":{"line":160,"column":4},"end":{"line":164,"column":5}},"44":{"start":{"line":161,"column":8},"end":{"line":163,"column":11}},"45":{"start":{"line":165,"column":34},"end":{"line":170,"column":6}},"46":{"start":{"line":171,"column":4},"end":{"line":171,"column":32}},"47":{"start":{"line":172,"column":4},"end":{"line":172,"column":38}},"48":{"start":{"line":173,"column":4},"end":{"line":177,"column":5}},"49":{"start":{"line":174,"column":8},"end":{"line":176,"column":11}},"50":{"start":{"line":178,"column":4},"end":{"line":178,"column":42}},"51":{"start":{"line":179,"column":4},"end":{"line":181,"column":7}},"52":{"start":{"line":184,"column":0},"end":{"line":204,"column":2}},"53":{"start":{"line":185,"column":4},"end":{"line":203,"column":5}},"54":{"start":{"line":186,"column":8},"end":{"line":186,"column":43}},"55":{"start":{"line":187,"column":8},"end":{"line":194,"column":10}},"56":{"start":{"line":188,"column":12},"end":{"line":188,"column":63}},"57":{"start":{"line":189,"column":12},"end":{"line":189,"column":61}},"58":{"start":{"line":191,"column":38},"end":{"line":191,"column":82}},"59":{"start":{"line":192,"column":12},"end":{"line":192,"column":58}},"60":{"start":{"line":193,"column":12},"end":{"line":193,"column":41}},"61":{"start":{"line":195,"column":8},"end":{"line":197,"column":11}},"62":{"start":{"line":199,"column":8},"end":{"line":199,"column":26}},"63":{"start":{"line":200,"column":8},"end":{"line":202,"column":11}},"64":{"start":{"line":206,"column":0},"end":{"line":206,"column":24}}},"fnMap":{"0":{"name":"(anonymous_0)","decl":{"start":{"line":7,"column":28},"end":{"line":7,"column":29}},"loc":{"start":{"line":7,"column":57},"end":{"line":43,"column":1}},"line":7},"1":{"name":"(anonymous_1)","decl":{"start":{"line":47,"column":28},"end":{"line":47,"column":29}},"loc":{"start":{"line":47,"column":57},"end":{"line":108,"column":1}},"line":47},"2":{"name":"(anonymous_2)","decl":{"start":{"line":110,"column":27},"end":{"line":110,"column":28}},"loc":{"start":{"line":110,"column":56},"end":{"line":150,"column":1}},"line":110},"3":{"name":"(anonymous_3)","decl":{"start":{"line":152,"column":30},"end":{"line":152,"column":31}},"loc":{"start":{"line":152,"column":59},"end":{"line":182,"column":1}},"line":152},"4":{"name":"(anonymous_4)","decl":{"start":{"line":184,"column":31},"end":{"line":184,"column":32}},"loc":{"start":{"line":184,"column":60},"end":{"line":204,"column":1}},"line":184},"5":{"name":"(anonymous_5)","decl":{"start":{"line":187,"column":29},"end":{"line":187,"column":30}},"loc":{"start":{"line":187,"column":54},"end":{"line":194,"column":9}},"line":187}},"branchMap":{"0":{"loc":{"start":{"line":10,"column":8},"end":{"line":14,"column":9}},"type":"if","locations":[{"start":{"line":10,"column":8},"end":{"line":14,"column":9}},{"start":{},"end":{}}],"line":10},"1":{"loc":{"start":{"line":59,"column":8},"end":{"line":63,"column":9}},"type":"if","locations":[{"start":{"line":59,"column":8},"end":{"line":63,"column":9}},{"start":{},"end":{}}],"line":59},"2":{"loc":{"start":{"line":79,"column":8},"end":{"line":96,"column":9}},"type":"if","locations":[{"start":{"line":79,"column":8},"end":{"line":96,"column":9}},{"start":{"line":92,"column":15},"end":{"line":96,"column":9}}],"line":79},"3":{"loc":{"start":{"line":99,"column":8},"end":{"line":103,"column":9}},"type":"if","locations":[{"start":{"line":99,"column":8},"end":{"line":103,"column":9}},{"start":{},"end":{}}],"line":99},"4":{"loc":{"start":{"line":119,"column":8},"end":{"line":123,"column":9}},"type":"if","locations":[{"start":{"line":119,"column":8},"end":{"line":123,"column":9}},{"start":{},"end":{}}],"line":119},"5":{"loc":{"start":{"line":135,"column":8},"end":{"line":139,"column":9}},"type":"if","locations":[{"start":{"line":135,"column":8},"end":{"line":139,"column":9}},{"start":{},"end":{}}],"line":135},"6":{"loc":{"start":{"line":160,"column":4},"end":{"line":164,"column":5}},"type":"if","locations":[{"start":{"line":160,"column":4},"end":{"line":164,"column":5}},{"start":{},"end":{}}],"line":160},"7":{"loc":{"start":{"line":173,"column":4},"end":{"line":177,"column":5}},"type":"if","locations":[{"start":{"line":173,"column":4},"end":{"line":177,"column":5}},{"start":{},"end":{}}],"line":173}},"s":{"0":1,"1":1,"2":1,"3":1,"4":1,"5":1,"6":0,"7":0,"8":0,"9":0,"10":0,"11":0,"12":1,"13":0,"14":0,"15":0,"16":0,"17":0,"18":0,"19":0,"20":0,"21":0,"22":0,"23":0,"24":0,"25":0,"26":0,"27":0,"28":1,"29":0,"30":0,"31":0,"32":0,"33":0,"34":0,"35":0,"36":0,"37":0,"38":0,"39":0,"40":1,"41":0,"42":0,"43":0,"44":0,"45":0,"46":0,"47":0,"48":0,"49":0,"50":0,"51":0,"52":1,"53":0,"54":0,"55":0,"56":0,"57":0,"58":0,"59":0,"60":0,"61":0,"62":0,"63":0,"64":1},"f":{"0":0,"1":0,"2":0,"3":0,"4":0,"5":0},"b":{"0":[0,0],"1":[0,0],"2":[0,0],"3":[0,0],"4":[0,0],"5":[0,0],"6":[0,0],"7":[0,0]},"_coverageSchema":"1a1c01bbd47fc00a2c39e90264f33305004495a9","hash":"ec89276fa26cc79ccfb27111077d4e24ba7962a2"}
,"/inventory/routes/product.js": {"path":"/inventory/routes/product.js","statementMap":{"0":{"start":{"line":1,"column":15},"end":{"line":1,"column":42}},"1":{"start":{"line":2,"column":18},"end":{"line":2,"column":38}},"2":{"start":{"line":3,"column":24},"end":{"line":3,"column":60}},"3":{"start":{"line":4,"column":19},"end":{"line":4,"column":50}},"4":{"start":{"line":5,"column":16},"end":{"line":5,"column":44}},"5":{"start":{"line":6,"column":11},"end":{"line":6,"column":23}},"6":{"start":{"line":10,"column":0},"end":{"line":33,"column":3}},"7":{"start":{"line":11,"column":4},"end":{"line":32,"column":5}},"8":{"start":{"line":12,"column":30},"end":{"line":17,"column":10}},"9":{"start":{"line":18,"column":8},"end":{"line":26,"column":9}},"10":{"start":{"line":19,"column":12},"end":{"line":21,"column":15}},"11":{"start":{"line":23,"column":12},"end":{"line":25,"column":15}},"12":{"start":{"line":28,"column":8},"end":{"line":28,"column":26}},"13":{"start":{"line":29,"column":8},"end":{"line":31,"column":11}},"14":{"start":{"line":36,"column":0},"end":{"line":128,"column":3}},"15":{"start":{"line":37,"column":4},"end":{"line":127,"column":5}},"16":{"start":{"line":38,"column":25},"end":{"line":38,"column":27}},"17":{"start":{"line":39,"column":37},"end":{"line":39,"column":39}},"18":{"start":{"line":40,"column":32},"end":{"line":40,"column":34}},"19":{"start":{"line":41,"column":26},"end":{"line":41,"column":28}},"20":{"start":{"line":43,"column":8},"end":{"line":52,"column":9}},"21":{"start":{"line":44,"column":12},"end":{"line":44,"column":47}},"22":{"start":{"line":45,"column":12},"end":{"line":49,"column":13}},"23":{"start":{"line":47,"column":20},"end":{"line":47,"column":49}},"24":{"start":{"line":51,"column":12},"end":{"line":51,"column":61}},"25":{"start":{"line":53,"column":8},"end":{"line":53,"column":45}},"26":{"start":{"line":55,"column":8},"end":{"line":71,"column":9}},"27":{"start":{"line":56,"column":38},"end":{"line":61,"column":14}},"28":{"start":{"line":62,"column":12},"end":{"line":64,"column":13}},"29":{"start":{"line":62,"column":25},"end":{"line":62,"column":26}},"30":{"start":{"line":63,"column":16},"end":{"line":63,"column":75}},"31":{"start":{"line":67,"column":12},"end":{"line":69,"column":13}},"32":{"start":{"line":67,"column":25},"end":{"line":67,"column":26}},"33":{"start":{"line":68,"column":16},"end":{"line":68,"column":59}},"34":{"start":{"line":73,"column":8},"end":{"line":87,"column":9}},"35":{"start":{"line":74,"column":32},"end":{"line":79,"column":14}},"36":{"start":{"line":80,"column":12},"end":{"line":82,"column":13}},"37":{"start":{"line":80,"column":25},"end":{"line":80,"column":26}},"38":{"start":{"line":81,"column":16},"end":{"line":81,"column":64}},"39":{"start":{"line":83,"column":12},"end":{"line":85,"column":13}},"40":{"start":{"line":83,"column":25},"end":{"line":83,"column":26}},"41":{"start":{"line":84,"column":16},"end":{"line":84,"column":54}},"42":{"start":{"line":88,"column":8},"end":{"line":94,"column":9}},"43":{"start":{"line":89,"column":12},"end":{"line":89,"column":102}},"44":{"start":{"line":89,"column":67},"end":{"line":89,"column":100}},"45":{"start":{"line":90,"column":15},"end":{"line":94,"column":9}},"46":{"start":{"line":91,"column":12},"end":{"line":91,"column":48}},"47":{"start":{"line":92,"column":15},"end":{"line":94,"column":9}},"48":{"start":{"line":93,"column":12},"end":{"line":93,"column":43}},"49":{"start":{"line":95,"column":8},"end":{"line":95,"column":92}},"50":{"start":{"line":97,"column":25},"end":{"line":109,"column":10}},"51":{"start":{"line":110,"column":8},"end":{"line":113,"column":11}},"52":{"start":{"line":115,"column":8},"end":{"line":115,"column":26}},"53":{"start":{"line":116,"column":8},"end":{"line":126,"column":9}},"54":{"start":{"line":117,"column":12},"end":{"line":119,"column":15}},"55":{"start":{"line":122,"column":12},"end":{"line":122,"column":30}},"56":{"start":{"line":123,"column":12},"end":{"line":125,"column":15}},"57":{"start":{"line":131,"column":0},"end":{"line":153,"column":3}},"58":{"start":{"line":132,"column":4},"end":{"line":152,"column":5}},"59":{"start":{"line":133,"column":31},"end":{"line":137,"column":10}},"60":{"start":{"line":138,"column":8},"end":{"line":146,"column":9}},"61":{"start":{"line":139,"column":12},"end":{"line":141,"column":15}},"62":{"start":{"line":143,"column":12},"end":{"line":145,"column":15}},"63":{"start":{"line":148,"column":8},"end":{"line":148,"column":26}},"64":{"start":{"line":149,"column":8},"end":{"line":151,"column":11}},"65":{"start":{"line":156,"column":0},"end":{"line":182,"column":3}},"66":{"start":{"line":157,"column":4},"end":{"line":181,"column":5}},"67":{"start":{"line":158,"column":8},"end":{"line":158,"column":34}},"68":{"start":{"line":159,"column":8},"end":{"line":159,"column":48}},"69":{"start":{"line":160,"column":8},"end":{"line":160,"column":43}},"70":{"start":{"line":161,"column":31},"end":{"line":166,"column":10}},"71":{"start":{"line":167,"column":8},"end":{"line":175,"column":9}},"72":{"start":{"line":168,"column":12},"end":{"line":170,"column":15}},"73":{"start":{"line":172,"column":12},"end":{"line":174,"column":15}},"74":{"start":{"line":177,"column":8},"end":{"line":177,"column":26}},"75":{"start":{"line":178,"column":8},"end":{"line":180,"column":11}},"76":{"start":{"line":185,"column":0},"end":{"line":205,"column":3}},"77":{"start":{"line":186,"column":31},"end":{"line":191,"column":6}},"78":{"start":{"line":192,"column":4},"end":{"line":196,"column":5}},"79":{"start":{"line":193,"column":8},"end":{"line":195,"column":11}},"80":{"start":{"line":197,"column":4},"end":{"line":201,"column":7}},"81":{"start":{"line":198,"column":8},"end":{"line":200,"column":11}},"82":{"start":{"line":202,"column":4},"end":{"line":204,"column":7}},"83":{"start":{"line":208,"column":0},"end":{"line":229,"column":2}},"84":{"start":{"line":209,"column":4},"end":{"line":227,"column":5}},"85":{"start":{"line":210,"column":8},"end":{"line":210,"column":41}},"86":{"start":{"line":211,"column":8},"end":{"line":218,"column":10}},"87":{"start":{"line":212,"column":12},"end":{"line":212,"column":61}},"88":{"start":{"line":213,"column":12},"end":{"line":213,"column":59}},"89":{"start":{"line":214,"column":34},"end":{"line":214,"column":79}},"90":{"start":{"line":215,"column":12},"end":{"line":217,"column":15}},"91":{"start":{"line":219,"column":8},"end":{"line":221,"column":11}},"92":{"start":{"line":223,"column":8},"end":{"line":223,"column":26}},"93":{"start":{"line":224,"column":8},"end":{"line":226,"column":11}},"94":{"start":{"line":233,"column":0},"end":{"line":260,"column":3}},"95":{"start":{"line":234,"column":4},"end":{"line":259,"column":5}},"96":{"start":{"line":235,"column":33},"end":{"line":243,"column":10}},"97":{"start":{"line":244,"column":8},"end":{"line":244,"column":38}},"98":{"start":{"line":245,"column":8},"end":{"line":247,"column":11}},"99":{"start":{"line":249,"column":8},"end":{"line":258,"column":9}},"100":{"start":{"line":250,"column":12},"end":{"line":252,"column":15}},"101":{"start":{"line":254,"column":13},"end":{"line":258,"column":9}},"102":{"start":{"line":255,"column":12},"end":{"line":257,"column":15}},"103":{"start":{"line":263,"column":0},"end":{"line":324,"column":3}},"104":{"start":{"line":264,"column":4},"end":{"line":323,"column":5}},"105":{"start":{"line":265,"column":32},"end":{"line":270,"column":10}},"106":{"start":{"line":271,"column":8},"end":{"line":275,"column":9}},"107":{"start":{"line":272,"column":12},"end":{"line":274,"column":15}},"108":{"start":{"line":298,"column":8},"end":{"line":304,"column":9}},"109":{"start":{"line":299,"column":12},"end":{"line":302,"column":19}},"110":{"start":{"line":300,"column":16},"end":{"line":302,"column":19}},"111":{"start":{"line":303,"column":12},"end":{"line":303,"column":39}},"112":{"start":{"line":306,"column":8},"end":{"line":314,"column":11}},"113":{"start":{"line":315,"column":8},"end":{"line":317,"column":11}},"114":{"start":{"line":319,"column":8},"end":{"line":319,"column":26}},"115":{"start":{"line":320,"column":8},"end":{"line":322,"column":11}},"116":{"start":{"line":327,"column":0},"end":{"line":345,"column":3}},"117":{"start":{"line":328,"column":4},"end":{"line":344,"column":5}},"118":{"start":{"line":329,"column":32},"end":{"line":334,"column":10}},"119":{"start":{"line":335,"column":8},"end":{"line":335,"column":40}},"120":{"start":{"line":336,"column":8},"end":{"line":338,"column":11}},"121":{"start":{"line":340,"column":8},"end":{"line":340,"column":26}},"122":{"start":{"line":341,"column":8},"end":{"line":343,"column":11}},"123":{"start":{"line":348,"column":0},"end":{"line":364,"column":3}},"124":{"start":{"line":349,"column":4},"end":{"line":363,"column":5}},"125":{"start":{"line":350,"column":25},"end":{"line":354,"column":10}},"126":{"start":{"line":355,"column":8},"end":{"line":357,"column":11}},"127":{"start":{"line":359,"column":8},"end":{"line":359,"column":26}},"128":{"start":{"line":360,"column":8},"end":{"line":362,"column":11}},"129":{"start":{"line":367,"column":0},"end":{"line":387,"column":3}},"130":{"start":{"line":368,"column":4},"end":{"line":386,"column":5}},"131":{"start":{"line":369,"column":25},"end":{"line":373,"column":10}},"132":{"start":{"line":374,"column":8},"end":{"line":376,"column":11}},"133":{"start":{"line":382,"column":8},"end":{"line":382,"column":26}},"134":{"start":{"line":383,"column":8},"end":{"line":385,"column":11}},"135":{"start":{"line":391,"column":0},"end":{"line":408,"column":3}},"136":{"start":{"line":392,"column":4},"end":{"line":407,"column":5}},"137":{"start":{"line":393,"column":32},"end":{"line":393,"column":78}},"138":{"start":{"line":394,"column":8},"end":{"line":396,"column":11}},"139":{"start":{"line":397,"column":8},"end":{"line":397,"column":37}},"140":{"start":{"line":398,"column":8},"end":{"line":400,"column":11}},"141":{"start":{"line":403,"column":8},"end":{"line":403,"column":26}},"142":{"start":{"line":404,"column":8},"end":{"line":406,"column":11}},"143":{"start":{"line":409,"column":0},"end":{"line":409,"column":24}}},"fnMap":{"0":{"name":"(anonymous_0)","decl":{"start":{"line":10,"column":29},"end":{"line":10,"column":30}},"loc":{"start":{"line":10,"column":58},"end":{"line":33,"column":1}},"line":10},"1":{"name":"(anonymous_1)","decl":{"start":{"line":36,"column":30},"end":{"line":36,"column":31}},"loc":{"start":{"line":36,"column":59},"end":{"line":128,"column":1}},"line":36},"2":{"name":"(anonymous_2)","decl":{"start":{"line":46,"column":16},"end":{"line":46,"column":17}},"loc":{"start":{"line":46,"column":24},"end":{"line":48,"column":17}},"line":46},"3":{"name":"(anonymous_3)","decl":{"start":{"line":89,"column":56},"end":{"line":89,"column":57}},"loc":{"start":{"line":89,"column":67},"end":{"line":89,"column":100}},"line":89},"4":{"name":"(anonymous_4)","decl":{"start":{"line":131,"column":31},"end":{"line":131,"column":32}},"loc":{"start":{"line":131,"column":60},"end":{"line":153,"column":1}},"line":131},"5":{"name":"(anonymous_5)","decl":{"start":{"line":156,"column":30},"end":{"line":156,"column":31}},"loc":{"start":{"line":156,"column":59},"end":{"line":182,"column":1}},"line":156},"6":{"name":"(anonymous_6)","decl":{"start":{"line":185,"column":31},"end":{"line":185,"column":32}},"loc":{"start":{"line":185,"column":60},"end":{"line":205,"column":1}},"line":185},"7":{"name":"(anonymous_7)","decl":{"start":{"line":197,"column":31},"end":{"line":197,"column":32}},"loc":{"start":{"line":197,"column":44},"end":{"line":201,"column":5}},"line":197},"8":{"name":"(anonymous_8)","decl":{"start":{"line":208,"column":24},"end":{"line":208,"column":25}},"loc":{"start":{"line":208,"column":53},"end":{"line":229,"column":1}},"line":208},"9":{"name":"(anonymous_9)","decl":{"start":{"line":211,"column":29},"end":{"line":211,"column":30}},"loc":{"start":{"line":211,"column":52},"end":{"line":218,"column":9}},"line":211},"10":{"name":"(anonymous_10)","decl":{"start":{"line":233,"column":31},"end":{"line":233,"column":32}},"loc":{"start":{"line":233,"column":60},"end":{"line":260,"column":1}},"line":233},"11":{"name":"(anonymous_11)","decl":{"start":{"line":263,"column":30},"end":{"line":263,"column":31}},"loc":{"start":{"line":263,"column":59},"end":{"line":324,"column":1}},"line":263},"12":{"name":"(anonymous_12)","decl":{"start":{"line":327,"column":33},"end":{"line":327,"column":34}},"loc":{"start":{"line":327,"column":62},"end":{"line":345,"column":1}},"line":327},"13":{"name":"(anonymous_13)","decl":{"start":{"line":348,"column":29},"end":{"line":348,"column":30}},"loc":{"start":{"line":348,"column":58},"end":{"line":364,"column":1}},"line":348},"14":{"name":"(anonymous_14)","decl":{"start":{"line":367,"column":30},"end":{"line":367,"column":31}},"loc":{"start":{"line":367,"column":59},"end":{"line":387,"column":1}},"line":367},"15":{"name":"(anonymous_15)","decl":{"start":{"line":391,"column":35},"end":{"line":391,"column":36}},"loc":{"start":{"line":391,"column":64},"end":{"line":408,"column":1}},"line":391}},"branchMap":{"0":{"loc":{"start":{"line":18,"column":8},"end":{"line":26,"column":9}},"type":"if","locations":[{"start":{"line":18,"column":8},"end":{"line":26,"column":9}},{"start":{"line":22,"column":15},"end":{"line":26,"column":9}}],"line":18},"1":{"loc":{"start":{"line":43,"column":8},"end":{"line":52,"column":9}},"type":"if","locations":[{"start":{"line":43,"column":8},"end":{"line":52,"column":9}},{"start":{"line":50,"column":15},"end":{"line":52,"column":9}}],"line":43},"2":{"loc":{"start":{"line":55,"column":8},"end":{"line":71,"column":9}},"type":"if","locations":[{"start":{"line":55,"column":8},"end":{"line":71,"column":9}},{"start":{},"end":{}}],"line":55},"3":{"loc":{"start":{"line":73,"column":8},"end":{"line":87,"column":9}},"type":"if","locations":[{"start":{"line":73,"column":8},"end":{"line":87,"column":9}},{"start":{},"end":{}}],"line":73},"4":{"loc":{"start":{"line":88,"column":8},"end":{"line":94,"column":9}},"type":"if","locations":[{"start":{"line":88,"column":8},"end":{"line":94,"column":9}},{"start":{"line":90,"column":15},"end":{"line":94,"column":9}}],"line":88},"5":{"loc":{"start":{"line":88,"column":12},"end":{"line":88,"column":55}},"type":"binary-expr","locations":[{"start":{"line":88,"column":12},"end":{"line":88,"column":29}},{"start":{"line":88,"column":33},"end":{"line":88,"column":55}}],"line":88},"6":{"loc":{"start":{"line":90,"column":15},"end":{"line":94,"column":9}},"type":"if","locations":[{"start":{"line":90,"column":15},"end":{"line":94,"column":9}},{"start":{"line":92,"column":15},"end":{"line":94,"column":9}}],"line":90},"7":{"loc":{"start":{"line":90,"column":19},"end":{"line":90,"column":63}},"type":"binary-expr","locations":[{"start":{"line":90,"column":19},"end":{"line":90,"column":37}},{"start":{"line":90,"column":41},"end":{"line":90,"column":63}}],"line":90},"8":{"loc":{"start":{"line":92,"column":15},"end":{"line":94,"column":9}},"type":"if","locations":[{"start":{"line":92,"column":15},"end":{"line":94,"column":9}},{"start":{},"end":{}}],"line":92},"9":{"loc":{"start":{"line":92,"column":19},"end":{"line":92,"column":63}},"type":"binary-expr","locations":[{"start":{"line":92,"column":19},"end":{"line":92,"column":36}},{"start":{"line":92,"column":40},"end":{"line":92,"column":63}}],"line":92},"10":{"loc":{"start":{"line":101,"column":26},"end":{"line":101,"column":96}},"type":"cond-expr","locations":[{"start":{"line":101,"column":51},"end":{"line":101,"column":75}},{"start":{"line":101,"column":78},"end":{"line":101,"column":96}}],"line":101},"11":{"loc":{"start":{"line":102,"column":32},"end":{"line":102,"column":115}},"type":"cond-expr","locations":[{"start":{"line":102,"column":71},"end":{"line":102,"column":94}},{"start":{"line":102,"column":97},"end":{"line":102,"column":115}}],"line":102},"12":{"loc":{"start":{"line":104,"column":33},"end":{"line":104,"column":130}},"type":"cond-expr","locations":[{"start":{"line":104,"column":73},"end":{"line":104,"column":109}},{"start":{"line":104,"column":112},"end":{"line":104,"column":130}}],"line":104},"13":{"loc":{"start":{"line":116,"column":8},"end":{"line":126,"column":9}},"type":"if","locations":[{"start":{"line":116,"column":8},"end":{"line":126,"column":9}},{"start":{"line":121,"column":13},"end":{"line":126,"column":9}}],"line":116},"14":{"loc":{"start":{"line":135,"column":26},"end":{"line":135,"column":112}},"type":"cond-expr","locations":[{"start":{"line":135,"column":51},"end":{"line":135,"column":73}},{"start":{"line":135,"column":76},"end":{"line":135,"column":112}}],"line":135},"15":{"loc":{"start":{"line":138,"column":8},"end":{"line":146,"column":9}},"type":"if","locations":[{"start":{"line":138,"column":8},"end":{"line":146,"column":9}},{"start":{"line":142,"column":15},"end":{"line":146,"column":9}}],"line":138},"16":{"loc":{"start":{"line":167,"column":8},"end":{"line":175,"column":9}},"type":"if","locations":[{"start":{"line":167,"column":8},"end":{"line":175,"column":9}},{"start":{"line":171,"column":15},"end":{"line":175,"column":9}}],"line":167},"17":{"loc":{"start":{"line":192,"column":4},"end":{"line":196,"column":5}},"type":"if","locations":[{"start":{"line":192,"column":4},"end":{"line":196,"column":5}},{"start":{},"end":{}}],"line":192},"18":{"loc":{"start":{"line":249,"column":8},"end":{"line":258,"column":9}},"type":"if","locations":[{"start":{"line":249,"column":8},"end":{"line":258,"column":9}},{"start":{"line":254,"column":13},"end":{"line":258,"column":9}}],"line":249},"19":{"loc":{"start":{"line":254,"column":13},"end":{"line":258,"column":9}},"type":"if","locations":[{"start":{"line":254,"column":13},"end":{"line":258,"column":9}},{"start":{},"end":{}}],"line":254},"20":{"loc":{"start":{"line":271,"column":8},"end":{"line":275,"column":9}},"type":"if","locations":[{"start":{"line":271,"column":8},"end":{"line":275,"column":9}},{"start":{},"end":{}}],"line":271},"21":{"loc":{"start":{"line":298,"column":8},"end":{"line":304,"column":9}},"type":"if","locations":[{"start":{"line":298,"column":8},"end":{"line":304,"column":9}},{"start":{},"end":{}}],"line":298},"22":{"loc":{"start":{"line":298,"column":12},"end":{"line":298,"column":95}},"type":"binary-expr","locations":[{"start":{"line":298,"column":12},"end":{"line":298,"column":56}},{"start":{"line":298,"column":60},"end":{"line":298,"column":95}}],"line":298},"23":{"loc":{"start":{"line":299,"column":12},"end":{"line":302,"column":19}},"type":"if","locations":[{"start":{"line":299,"column":12},"end":{"line":302,"column":19}},{"start":{},"end":{}}],"line":299},"24":{"loc":{"start":{"line":307,"column":18},"end":{"line":307,"column":98}},"type":"cond-expr","locations":[{"start":{"line":307,"column":55},"end":{"line":307,"column":75}},{"start":{"line":307,"column":78},"end":{"line":307,"column":98}}],"line":307},"25":{"loc":{"start":{"line":308,"column":19},"end":{"line":308,"column":96}},"type":"cond-expr","locations":[{"start":{"line":308,"column":54},"end":{"line":308,"column":72}},{"start":{"line":308,"column":75},"end":{"line":308,"column":96}}],"line":308},"26":{"loc":{"start":{"line":309,"column":23},"end":{"line":309,"column":112}},"type":"cond-expr","locations":[{"start":{"line":309,"column":62},"end":{"line":309,"column":84}},{"start":{"line":309,"column":87},"end":{"line":309,"column":112}}],"line":309},"27":{"loc":{"start":{"line":310,"column":25},"end":{"line":310,"column":120}},"type":"cond-expr","locations":[{"start":{"line":310,"column":66},"end":{"line":310,"column":90}},{"start":{"line":310,"column":93},"end":{"line":310,"column":120}}],"line":310},"28":{"loc":{"start":{"line":311,"column":23},"end":{"line":311,"column":112}},"type":"cond-expr","locations":[{"start":{"line":311,"column":62},"end":{"line":311,"column":84}},{"start":{"line":311,"column":87},"end":{"line":311,"column":112}}],"line":311},"29":{"loc":{"start":{"line":312,"column":31},"end":{"line":312,"column":144}},"type":"cond-expr","locations":[{"start":{"line":312,"column":78},"end":{"line":312,"column":108}},{"start":{"line":312,"column":111},"end":{"line":312,"column":144}}],"line":312},"30":{"loc":{"start":{"line":313,"column":20},"end":{"line":313,"column":100}},"type":"cond-expr","locations":[{"start":{"line":313,"column":56},"end":{"line":313,"column":75}},{"start":{"line":313,"column":78},"end":{"line":313,"column":100}}],"line":313}},"s":{"0":1,"1":1,"2":1,"3":1,"4":1,"5":1,"6":1,"7":0,"8":0,"9":0,"10":0,"11":0,"12":0,"13":0,"14":1,"15":0,"16":0,"17":0,"18":0,"19":0,"20":0,"21":0,"22":0,"23":0,"24":0,"25":0,"26":0,"27":0,"28":0,"29":0,"30":0,"31":0,"32":0,"33":0,"34":0,"35":0,"36":0,"37":0,"38":0,"39":0,"40":0,"41":0,"42":0,"43":0,"44":0,"45":0,"46":0,"47":0,"48":0,"49":0,"50":0,"51":0,"52":0,"53":0,"54":0,"55":0,"56":0,"57":1,"58":0,"59":0,"60":0,"61":0,"62":0,"63":0,"64":0,"65":1,"66":0,"67":0,"68":0,"69":0,"70":0,"71":0,"72":0,"73":0,"74":0,"75":0,"76":1,"77":0,"78":0,"79":0,"80":0,"81":0,"82":0,"83":1,"84":0,"85":0,"86":0,"87":0,"88":0,"89":0,"90":0,"91":0,"92":0,"93":0,"94":1,"95":0,"96":0,"97":0,"98":0,"99":0,"100":0,"101":0,"102":0,"103":1,"104":0,"105":0,"106":0,"107":0,"108":0,"109":0,"110":0,"111":0,"112":0,"113":0,"114":0,"115":0,"116":1,"117":0,"118":0,"119":0,"120":0,"121":0,"122":0,"123":1,"124":0,"125":0,"126":0,"127":0,"128":0,"129":1,"130":0,"131":0,"132":0,"133":0,"134":0,"135":1,"136":0,"137":0,"138":0,"139":0,"140":0,"141":0,"142":0,"143":1},"f":{"0":0,"1":0,"2":0,"3":0,"4":0,"5":0,"6":0,"7":0,"8":0,"9":0,"10":0,"11":0,"12":0,"13":0,"14":0,"15":0},"b":{"0":[0,0],"1":[0,0],"2":[0,0],"3":[0,0],"4":[0,0],"5":[0,0],"6":[0,0],"7":[0,0],"8":[0,0],"9":[0,0],"10":[0,0],"11":[0,0],"12":[0,0],"13":[0,0],"14":[0,0],"15":[0,0],"16":[0,0],"17":[0,0],"18":[0,0],"19":[0,0],"20":[0,0],"21":[0,0],"22":[0,0],"23":[0,0],"24":[0,0],"25":[0,0],"26":[0,0],"27":[0,0],"28":[0,0],"29":[0,0],"30":[0,0]},"_coverageSchema":"1a1c01bbd47fc00a2c39e90264f33305004495a9","hash":"06e57751f5150734a019a4be81d2a15c2abe3a8b"}
,"/inventory/routes/productCategory.js": {"path":"/inventory/routes/productCategory.js","statementMap":{"0":{"start":{"line":1,"column":15},"end":{"line":1,"column":42}},"1":{"start":{"line":2,"column":24},"end":{"line":2,"column":60}},"2":{"start":{"line":3,"column":23},"end":{"line":3,"column":43}},"3":{"start":{"line":4,"column":18},"end":{"line":4,"column":38}},"4":{"start":{"line":5,"column":11},"end":{"line":5,"column":23}},"5":{"start":{"line":6,"column":40},"end":{"line":6,"column":71}},"6":{"start":{"line":9,"column":0},"end":{"line":27,"column":3}},"7":{"start":{"line":10,"column":4},"end":{"line":26,"column":5}},"8":{"start":{"line":11,"column":8},"end":{"line":11,"column":58}},"9":{"start":{"line":12,"column":34},"end":{"line":16,"column":10}},"10":{"start":{"line":17,"column":8},"end":{"line":19,"column":10}},"11":{"start":{"line":22,"column":8},"end":{"line":22,"column":26}},"12":{"start":{"line":23,"column":8},"end":{"line":25,"column":11}},"13":{"start":{"line":30,"column":0},"end":{"line":49,"column":3}},"14":{"start":{"line":31,"column":4},"end":{"line":48,"column":5}},"15":{"start":{"line":32,"column":28},"end":{"line":32,"column":30}},"16":{"start":{"line":33,"column":27},"end":{"line":35,"column":10}},"17":{"start":{"line":36,"column":8},"end":{"line":38,"column":9}},"18":{"start":{"line":36,"column":21},"end":{"line":36,"column":22}},"19":{"start":{"line":37,"column":12},"end":{"line":37,"column":50}},"20":{"start":{"line":39,"column":8},"end":{"line":41,"column":10}},"21":{"start":{"line":44,"column":8},"end":{"line":44,"column":26}},"22":{"start":{"line":45,"column":8},"end":{"line":47,"column":11}},"23":{"start":{"line":52,"column":0},"end":{"line":67,"column":3}},"24":{"start":{"line":53,"column":4},"end":{"line":66,"column":5}},"25":{"start":{"line":54,"column":34},"end":{"line":58,"column":10}},"26":{"start":{"line":62,"column":8},"end":{"line":62,"column":26}},"27":{"start":{"line":63,"column":8},"end":{"line":65,"column":11}},"28":{"start":{"line":70,"column":0},"end":{"line":98,"column":3}},"29":{"start":{"line":71,"column":4},"end":{"line":97,"column":5}},"30":{"start":{"line":72,"column":32},"end":{"line":72,"column":34}},"31":{"start":{"line":73,"column":20},"end":{"line":73,"column":85}},"32":{"start":{"line":74,"column":8},"end":{"line":82,"column":9}},"33":{"start":{"line":74,"column":21},"end":{"line":74,"column":22}},"34":{"start":{"line":75,"column":25},"end":{"line":75,"column":27}},"35":{"start":{"line":76,"column":12},"end":{"line":76,"column":53}},"36":{"start":{"line":77,"column":12},"end":{"line":77,"column":60}},"37":{"start":{"line":78,"column":12},"end":{"line":78,"column":35}},"38":{"start":{"line":79,"column":12},"end":{"line":79,"column":35}},"39":{"start":{"line":80,"column":12},"end":{"line":80,"column":42}},"40":{"start":{"line":81,"column":12},"end":{"line":81,"column":23}},"41":{"start":{"line":83,"column":40},"end":{"line":83,"column":91}},"42":{"start":{"line":84,"column":8},"end":{"line":86,"column":11}},"43":{"start":{"line":88,"column":8},"end":{"line":88,"column":26}},"44":{"start":{"line":89,"column":8},"end":{"line":93,"column":9}},"45":{"start":{"line":90,"column":12},"end":{"line":92,"column":15}},"46":{"start":{"line":94,"column":8},"end":{"line":96,"column":11}},"47":{"start":{"line":101,"column":0},"end":{"line":119,"column":3}},"48":{"start":{"line":102,"column":4},"end":{"line":118,"column":5}},"49":{"start":{"line":103,"column":42},"end":{"line":108,"column":10}},"50":{"start":{"line":109,"column":8},"end":{"line":111,"column":11}},"51":{"start":{"line":114,"column":8},"end":{"line":114,"column":26}},"52":{"start":{"line":115,"column":8},"end":{"line":117,"column":11}},"53":{"start":{"line":121,"column":0},"end":{"line":121,"column":24}}},"fnMap":{"0":{"name":"(anonymous_0)","decl":{"start":{"line":9,"column":33},"end":{"line":9,"column":34}},"loc":{"start":{"line":9,"column":62},"end":{"line":27,"column":1}},"line":9},"1":{"name":"(anonymous_1)","decl":{"start":{"line":30,"column":38},"end":{"line":30,"column":39}},"loc":{"start":{"line":30,"column":67},"end":{"line":49,"column":1}},"line":30},"2":{"name":"(anonymous_2)","decl":{"start":{"line":52,"column":33},"end":{"line":52,"column":34}},"loc":{"start":{"line":52,"column":62},"end":{"line":67,"column":1}},"line":52},"3":{"name":"(anonymous_3)","decl":{"start":{"line":70,"column":34},"end":{"line":70,"column":35}},"loc":{"start":{"line":70,"column":63},"end":{"line":98,"column":1}},"line":70},"4":{"name":"(anonymous_4)","decl":{"start":{"line":101,"column":36},"end":{"line":101,"column":37}},"loc":{"start":{"line":101,"column":65},"end":{"line":119,"column":1}},"line":101}},"branchMap":{"0":{"loc":{"start":{"line":89,"column":8},"end":{"line":93,"column":9}},"type":"if","locations":[{"start":{"line":89,"column":8},"end":{"line":93,"column":9}},{"start":{},"end":{}}],"line":89}},"s":{"0":1,"1":1,"2":1,"3":1,"4":1,"5":1,"6":1,"7":0,"8":0,"9":0,"10":0,"11":0,"12":0,"13":1,"14":0,"15":0,"16":0,"17":0,"18":0,"19":0,"20":0,"21":0,"22":0,"23":1,"24":0,"25":0,"26":0,"27":0,"28":1,"29":0,"30":0,"31":0,"32":0,"33":0,"34":0,"35":0,"36":0,"37":0,"38":0,"39":0,"40":0,"41":0,"42":0,"43":0,"44":0,"45":0,"46":0,"47":1,"48":0,"49":0,"50":0,"51":0,"52":0,"53":1},"f":{"0":0,"1":0,"2":0,"3":0,"4":0},"b":{"0":[0,0]},"_coverageSchema":"1a1c01bbd47fc00a2c39e90264f33305004495a9","hash":"28ad0dcbc1cd65244e6b31fc4558a9cf546ca4a9"}
,"/inventory/routes/productTag.js": {"path":"/inventory/routes/productTag.js","statementMap":{"0":{"start":{"line":1,"column":15},"end":{"line":1,"column":42}},"1":{"start":{"line":2,"column":19},"end":{"line":2,"column":50}},"2":{"start":{"line":3,"column":23},"end":{"line":3,"column":43}},"3":{"start":{"line":4,"column":18},"end":{"line":4,"column":38}},"4":{"start":{"line":5,"column":11},"end":{"line":5,"column":23}},"5":{"start":{"line":6,"column":40},"end":{"line":6,"column":71}},"6":{"start":{"line":10,"column":0},"end":{"line":27,"column":3}},"7":{"start":{"line":11,"column":4},"end":{"line":26,"column":5}},"8":{"start":{"line":12,"column":28},"end":{"line":16,"column":10}},"9":{"start":{"line":17,"column":8},"end":{"line":19,"column":10}},"10":{"start":{"line":22,"column":8},"end":{"line":22,"column":26}},"11":{"start":{"line":23,"column":8},"end":{"line":25,"column":11}},"12":{"start":{"line":30,"column":0},"end":{"line":49,"column":3}},"13":{"start":{"line":31,"column":4},"end":{"line":48,"column":5}},"14":{"start":{"line":32,"column":23},"end":{"line":32,"column":25}},"15":{"start":{"line":33,"column":21},"end":{"line":35,"column":10}},"16":{"start":{"line":36,"column":8},"end":{"line":38,"column":9}},"17":{"start":{"line":36,"column":21},"end":{"line":36,"column":22}},"18":{"start":{"line":37,"column":12},"end":{"line":37,"column":39}},"19":{"start":{"line":39,"column":8},"end":{"line":41,"column":10}},"20":{"start":{"line":44,"column":8},"end":{"line":44,"column":26}},"21":{"start":{"line":45,"column":8},"end":{"line":47,"column":11}},"22":{"start":{"line":53,"column":0},"end":{"line":81,"column":3}},"23":{"start":{"line":54,"column":4},"end":{"line":80,"column":5}},"24":{"start":{"line":55,"column":26},"end":{"line":55,"column":28}},"25":{"start":{"line":56,"column":20},"end":{"line":56,"column":85}},"26":{"start":{"line":57,"column":8},"end":{"line":65,"column":9}},"27":{"start":{"line":57,"column":21},"end":{"line":57,"column":22}},"28":{"start":{"line":58,"column":25},"end":{"line":58,"column":27}},"29":{"start":{"line":59,"column":12},"end":{"line":59,"column":53}},"30":{"start":{"line":60,"column":12},"end":{"line":60,"column":58}},"31":{"start":{"line":61,"column":12},"end":{"line":61,"column":35}},"32":{"start":{"line":62,"column":12},"end":{"line":62,"column":35}},"33":{"start":{"line":63,"column":12},"end":{"line":63,"column":36}},"34":{"start":{"line":64,"column":12},"end":{"line":64,"column":23}},"35":{"start":{"line":66,"column":34},"end":{"line":66,"column":74}},"36":{"start":{"line":67,"column":8},"end":{"line":69,"column":11}},"37":{"start":{"line":71,"column":8},"end":{"line":71,"column":26}},"38":{"start":{"line":72,"column":8},"end":{"line":76,"column":9}},"39":{"start":{"line":73,"column":12},"end":{"line":75,"column":15}},"40":{"start":{"line":77,"column":8},"end":{"line":79,"column":11}},"41":{"start":{"line":84,"column":0},"end":{"line":102,"column":3}},"42":{"start":{"line":85,"column":4},"end":{"line":101,"column":5}},"43":{"start":{"line":86,"column":36},"end":{"line":91,"column":10}},"44":{"start":{"line":92,"column":8},"end":{"line":94,"column":11}},"45":{"start":{"line":97,"column":8},"end":{"line":97,"column":26}},"46":{"start":{"line":98,"column":8},"end":{"line":100,"column":11}},"47":{"start":{"line":104,"column":0},"end":{"line":104,"column":24}}},"fnMap":{"0":{"name":"(anonymous_0)","decl":{"start":{"line":10,"column":27},"end":{"line":10,"column":28}},"loc":{"start":{"line":10,"column":56},"end":{"line":27,"column":1}},"line":10},"1":{"name":"(anonymous_1)","decl":{"start":{"line":30,"column":32},"end":{"line":30,"column":33}},"loc":{"start":{"line":30,"column":61},"end":{"line":49,"column":1}},"line":30},"2":{"name":"(anonymous_2)","decl":{"start":{"line":53,"column":28},"end":{"line":53,"column":29}},"loc":{"start":{"line":53,"column":57},"end":{"line":81,"column":1}},"line":53},"3":{"name":"(anonymous_3)","decl":{"start":{"line":84,"column":30},"end":{"line":84,"column":31}},"loc":{"start":{"line":84,"column":59},"end":{"line":102,"column":1}},"line":84}},"branchMap":{"0":{"loc":{"start":{"line":72,"column":8},"end":{"line":76,"column":9}},"type":"if","locations":[{"start":{"line":72,"column":8},"end":{"line":76,"column":9}},{"start":{},"end":{}}],"line":72}},"s":{"0":1,"1":1,"2":1,"3":1,"4":1,"5":1,"6":1,"7":0,"8":0,"9":0,"10":0,"11":0,"12":1,"13":0,"14":0,"15":0,"16":0,"17":0,"18":0,"19":0,"20":0,"21":0,"22":1,"23":0,"24":0,"25":0,"26":0,"27":0,"28":0,"29":0,"30":0,"31":0,"32":0,"33":0,"34":0,"35":0,"36":0,"37":0,"38":0,"39":0,"40":0,"41":1,"42":0,"43":0,"44":0,"45":0,"46":0,"47":1},"f":{"0":0,"1":0,"2":0,"3":0},"b":{"0":[0,0]},"_coverageSchema":"1a1c01bbd47fc00a2c39e90264f33305004495a9","hash":"0f504c129938ee65d4d60fe3e8b483d5a1179d4e"}
,"/inventory/routes/ratingProduct.js": {"path":"/inventory/routes/ratingProduct.js","statementMap":{"0":{"start":{"line":1,"column":15},"end":{"line":1,"column":42}},"1":{"start":{"line":2,"column":18},"end":{"line":2,"column":38}},"2":{"start":{"line":3,"column":22},"end":{"line":3,"column":56}},"3":{"start":{"line":4,"column":11},"end":{"line":4,"column":23}},"4":{"start":{"line":7,"column":0},"end":{"line":23,"column":3}},"5":{"start":{"line":8,"column":4},"end":{"line":22,"column":5}},"6":{"start":{"line":9,"column":31},"end":{"line":13,"column":10}},"7":{"start":{"line":14,"column":8},"end":{"line":16,"column":11}},"8":{"start":{"line":18,"column":8},"end":{"line":18,"column":26}},"9":{"start":{"line":19,"column":8},"end":{"line":21,"column":11}},"10":{"start":{"line":26,"column":0},"end":{"line":42,"column":3}},"11":{"start":{"line":27,"column":4},"end":{"line":41,"column":5}},"12":{"start":{"line":28,"column":31},"end":{"line":32,"column":10}},"13":{"start":{"line":33,"column":8},"end":{"line":35,"column":11}},"14":{"start":{"line":37,"column":8},"end":{"line":37,"column":26}},"15":{"start":{"line":38,"column":8},"end":{"line":40,"column":11}},"16":{"start":{"line":46,"column":0},"end":{"line":69,"column":3}},"17":{"start":{"line":47,"column":4},"end":{"line":68,"column":5}},"18":{"start":{"line":48,"column":23},"end":{"line":53,"column":10}},"19":{"start":{"line":54,"column":8},"end":{"line":54,"column":27}},"20":{"start":{"line":55,"column":8},"end":{"line":57,"column":11}},"21":{"start":{"line":59,"column":8},"end":{"line":59,"column":26}},"22":{"start":{"line":60,"column":8},"end":{"line":64,"column":9}},"23":{"start":{"line":61,"column":12},"end":{"line":63,"column":15}},"24":{"start":{"line":65,"column":8},"end":{"line":67,"column":11}},"25":{"start":{"line":71,"column":0},"end":{"line":71,"column":24}}},"fnMap":{"0":{"name":"(anonymous_0)","decl":{"start":{"line":7,"column":31},"end":{"line":7,"column":32}},"loc":{"start":{"line":7,"column":60},"end":{"line":23,"column":1}},"line":7},"1":{"name":"(anonymous_1)","decl":{"start":{"line":26,"column":38},"end":{"line":26,"column":39}},"loc":{"start":{"line":26,"column":67},"end":{"line":42,"column":1}},"line":26},"2":{"name":"(anonymous_2)","decl":{"start":{"line":46,"column":30},"end":{"line":46,"column":31}},"loc":{"start":{"line":46,"column":59},"end":{"line":69,"column":1}},"line":46}},"branchMap":{"0":{"loc":{"start":{"line":52,"column":21},"end":{"line":52,"column":71}},"type":"cond-expr","locations":[{"start":{"line":52,"column":44},"end":{"line":52,"column":64}},{"start":{"line":52,"column":67},"end":{"line":52,"column":71}}],"line":52},"1":{"loc":{"start":{"line":60,"column":8},"end":{"line":64,"column":9}},"type":"if","locations":[{"start":{"line":60,"column":8},"end":{"line":64,"column":9}},{"start":{},"end":{}}],"line":60}},"s":{"0":1,"1":1,"2":1,"3":1,"4":1,"5":0,"6":0,"7":0,"8":0,"9":0,"10":1,"11":0,"12":0,"13":0,"14":0,"15":0,"16":1,"17":0,"18":0,"19":0,"20":0,"21":0,"22":0,"23":0,"24":0,"25":1},"f":{"0":0,"1":0,"2":0},"b":{"0":[0,0],"1":[0,0]},"_coverageSchema":"1a1c01bbd47fc00a2c39e90264f33305004495a9","hash":"f995a08b4d9b98d7d7182419cee3da1aa3876dff"}
,"/inventory/routes/wishProduct.js": {"path":"/inventory/routes/wishProduct.js","statementMap":{"0":{"start":{"line":1,"column":15},"end":{"line":1,"column":42}},"1":{"start":{"line":2,"column":20},"end":{"line":2,"column":52}},"2":{"start":{"line":3,"column":18},"end":{"line":3,"column":38}},"3":{"start":{"line":4,"column":16},"end":{"line":4,"column":44}},"4":{"start":{"line":5,"column":11},"end":{"line":5,"column":23}},"5":{"start":{"line":7,"column":0},"end":{"line":48,"column":3}},"6":{"start":{"line":8,"column":4},"end":{"line":47,"column":5}},"7":{"start":{"line":9,"column":8},"end":{"line":9,"column":35}},"8":{"start":{"line":10,"column":8},"end":{"line":10,"column":33}},"9":{"start":{"line":22,"column":8},"end":{"line":26,"column":9}},"10":{"start":{"line":23,"column":12},"end":{"line":25,"column":14}},"11":{"start":{"line":27,"column":28},"end":{"line":32,"column":10}},"12":{"start":{"line":33,"column":8},"end":{"line":33,"column":33}},"13":{"start":{"line":34,"column":8},"end":{"line":36,"column":10}},"14":{"start":{"line":38,"column":8},"end":{"line":38,"column":26}},"15":{"start":{"line":39,"column":8},"end":{"line":43,"column":9}},"16":{"start":{"line":40,"column":12},"end":{"line":42,"column":15}},"17":{"start":{"line":44,"column":8},"end":{"line":46,"column":11}},"18":{"start":{"line":50,"column":0},"end":{"line":71,"column":3}},"19":{"start":{"line":51,"column":4},"end":{"line":70,"column":5}},"20":{"start":{"line":52,"column":29},"end":{"line":56,"column":10}},"21":{"start":{"line":57,"column":8},"end":{"line":61,"column":9}},"22":{"start":{"line":58,"column":12},"end":{"line":60,"column":15}},"23":{"start":{"line":62,"column":8},"end":{"line":64,"column":11}},"24":{"start":{"line":66,"column":8},"end":{"line":66,"column":26}},"25":{"start":{"line":67,"column":8},"end":{"line":69,"column":11}},"26":{"start":{"line":73,"column":0},"end":{"line":102,"column":3}},"27":{"start":{"line":74,"column":4},"end":{"line":101,"column":5}},"28":{"start":{"line":75,"column":30},"end":{"line":80,"column":10}},"29":{"start":{"line":81,"column":8},"end":{"line":85,"column":9}},"30":{"start":{"line":82,"column":12},"end":{"line":84,"column":14}},"31":{"start":{"line":86,"column":36},"end":{"line":92,"column":10}},"32":{"start":{"line":93,"column":8},"end":{"line":95,"column":11}},"33":{"start":{"line":96,"column":8},"end":{"line":98,"column":11}},"34":{"start":{"line":100,"column":8},"end":{"line":100,"column":26}},"35":{"start":{"line":104,"column":0},"end":{"line":129,"column":3}},"36":{"start":{"line":105,"column":4},"end":{"line":128,"column":5}},"37":{"start":{"line":106,"column":30},"end":{"line":111,"column":10}},"38":{"start":{"line":112,"column":8},"end":{"line":116,"column":9}},"39":{"start":{"line":113,"column":12},"end":{"line":115,"column":15}},"40":{"start":{"line":117,"column":37},"end":{"line":121,"column":10}},"41":{"start":{"line":122,"column":8},"end":{"line":122,"column":45}},"42":{"start":{"line":123,"column":8},"end":{"line":125,"column":11}},"43":{"start":{"line":127,"column":8},"end":{"line":127,"column":26}},"44":{"start":{"line":130,"column":0},"end":{"line":130,"column":24}}},"fnMap":{"0":{"name":"(anonymous_0)","decl":{"start":{"line":7,"column":28},"end":{"line":7,"column":29}},"loc":{"start":{"line":7,"column":57},"end":{"line":48,"column":1}},"line":7},"1":{"name":"(anonymous_1)","decl":{"start":{"line":50,"column":28},"end":{"line":50,"column":29}},"loc":{"start":{"line":50,"column":57},"end":{"line":71,"column":1}},"line":50},"2":{"name":"(anonymous_2)","decl":{"start":{"line":73,"column":27},"end":{"line":73,"column":28}},"loc":{"start":{"line":73,"column":56},"end":{"line":102,"column":1}},"line":73},"3":{"name":"(anonymous_3)","decl":{"start":{"line":104,"column":30},"end":{"line":104,"column":31}},"loc":{"start":{"line":104,"column":59},"end":{"line":129,"column":1}},"line":104}},"branchMap":{"0":{"loc":{"start":{"line":22,"column":8},"end":{"line":26,"column":9}},"type":"if","locations":[{"start":{"line":22,"column":8},"end":{"line":26,"column":9}},{"start":{},"end":{}}],"line":22},"1":{"loc":{"start":{"line":39,"column":8},"end":{"line":43,"column":9}},"type":"if","locations":[{"start":{"line":39,"column":8},"end":{"line":43,"column":9}},{"start":{},"end":{}}],"line":39},"2":{"loc":{"start":{"line":57,"column":8},"end":{"line":61,"column":9}},"type":"if","locations":[{"start":{"line":57,"column":8},"end":{"line":61,"column":9}},{"start":{},"end":{}}],"line":57},"3":{"loc":{"start":{"line":81,"column":8},"end":{"line":85,"column":9}},"type":"if","locations":[{"start":{"line":81,"column":8},"end":{"line":85,"column":9}},{"start":{},"end":{}}],"line":81},"4":{"loc":{"start":{"line":112,"column":8},"end":{"line":116,"column":9}},"type":"if","locations":[{"start":{"line":112,"column":8},"end":{"line":116,"column":9}},{"start":{},"end":{}}],"line":112}},"s":{"0":1,"1":1,"2":1,"3":1,"4":1,"5":1,"6":0,"7":0,"8":0,"9":0,"10":0,"11":0,"12":0,"13":0,"14":0,"15":0,"16":0,"17":0,"18":1,"19":0,"20":0,"21":0,"22":0,"23":0,"24":0,"25":0,"26":1,"27":0,"28":0,"29":0,"30":0,"31":0,"32":0,"33":0,"34":0,"35":1,"36":0,"37":0,"38":0,"39":0,"40":0,"41":0,"42":0,"43":0,"44":1},"f":{"0":0,"1":0,"2":0,"3":0},"b":{"0":[0,0],"1":[0,0],"2":[0,0],"3":[0,0],"4":[0,0]},"_coverageSchema":"1a1c01bbd47fc00a2c39e90264f33305004495a9","hash":"78f6a0c79ffa3c664d2b5b1cdc2c79233e83c82e"}
,"/inventory/settings/database.js": {"path":"/inventory/settings/database.js","statementMap":{"0":{"start":{"line":1,"column":22},"end":{"line":1,"column":42}},"1":{"start":{"line":3,"column":19},"end":{"line":10,"column":2}},"2":{"start":{"line":12,"column":20},"end":{"line":20,"column":2}},"3":{"start":{"line":21,"column":0},"end":{"line":21,"column":49}}},"fnMap":{},"branchMap":{},"s":{"0":1,"1":1,"2":1,"3":1},"f":{},"b":{},"_coverageSchema":"1a1c01bbd47fc00a2c39e90264f33305004495a9","hash":"05c713c27178f3a7ea4d703dd264b8c9ca0d7fdb"}
,"/inventory/utils/utils.js": {"path":"/inventory/utils/utils.js","statementMap":{"0":{"start":{"line":1,"column":21},"end":{"line":5,"column":1}},"1":{"start":{"line":2,"column":2},"end":{"line":2,"column":23}},"2":{"start":{"line":3,"column":2},"end":{"line":3,"column":24}},"3":{"start":{"line":4,"column":2},"end":{"line":4,"column":55}},"4":{"start":{"line":8,"column":0},"end":{"line":8,"column":29}}},"fnMap":{"0":{"name":"(anonymous_0)","decl":{"start":{"line":1,"column":21},"end":{"line":1,"column":22}},"loc":{"start":{"line":1,"column":35},"end":{"line":5,"column":1}},"line":1}},"branchMap":{},"s":{"0":1,"1":73,"2":73,"3":73,"4":1},"f":{"0":73},"b":{},"_coverageSchema":"1a1c01bbd47fc00a2c39e90264f33305004495a9","hash":"d8959621e1352fdde74b3942c1ffe837085f83a6"}
}
