TN:
SF:app.js
FN:26,(anonymous_0)
FN:29,(anonymous_1)
FN:34,(anonymous_2)
FN:47,(anonymous_3)
FNF:4
FNH:0
FNDA:0,(anonymous_0)
FNDA:0,(anonymous_1)
FNDA:0,(anonymous_2)
FNDA:0,(anonymous_3)
DA:1,1
DA:2,1
DA:3,1
DA:4,1
DA:5,1
DA:6,1
DA:7,1
DA:8,1
DA:16,1
DA:17,1
DA:20,1
DA:21,0
DA:22,0
DA:23,0
DA:25,0
DA:27,0
DA:29,0
DA:32,0
DA:35,0
DA:36,0
DA:37,0
DA:38,0
DA:39,0
DA:40,0
DA:41,0
DA:42,0
DA:43,0
DA:44,0
DA:47,0
DA:49,1
DA:50,1
DA:51,1
DA:52,1
DA:55,1
DA:58,1
DA:59,1
DA:60,1
DA:61,1
DA:62,1
DA:63,1
DA:65,1
DA:66,1
DA:67,1
DA:68,1
DA:69,1
DA:70,1
DA:71,1
DA:72,1
DA:74,1
LF:49
LH:31
BRDA:20,0,0,0
BRDA:20,0,1,1
BRDA:49,1,0,1
BRDA:49,1,1,0
BRF:4
BRH:2
end_of_record
TN:
SF:models/cart.js
FNF:0
FNH:0
DA:1,1
DA:2,1
DA:3,1
DA:5,1
DA:21,1
LF:5
LH:5
BRDA:3,0,0,0
BRDA:3,0,1,1
BRF:2
BRH:1
end_of_record
TN:
SF:models/cartProduct.js
FNF:0
FNH:0
DA:1,1
DA:2,1
DA:3,1
DA:5,1
DA:27,1
LF:5
LH:5
BRDA:3,0,0,0
BRDA:3,0,1,1
BRF:2
BRH:1
end_of_record
TN:
SF:models/product.js
FNF:0
FNH:0
DA:1,1
DA:2,1
DA:3,1
DA:4,1
DA:6,1
DA:47,1
LF:6
LH:6
BRDA:4,0,0,0
BRDA:4,0,1,1
BRF:2
BRH:1
end_of_record
TN:
SF:models/productCategory.js
FNF:0
FNH:0
DA:1,1
DA:2,1
DA:3,1
DA:5,1
DA:25,1
LF:5
LH:5
BRDA:3,0,0,0
BRDA:3,0,1,1
BRF:2
BRH:1
end_of_record
TN:
SF:models/productTag.js
FNF:0
FNH:0
DA:1,1
DA:2,1
DA:3,1
DA:5,1
DA:26,1
LF:5
LH:5
BRDA:3,0,0,0
BRDA:3,0,1,1
BRF:2
BRH:1
end_of_record
TN:
SF:models/ratingProduct.js
FNF:0
FNH:0
DA:1,1
DA:2,1
DA:3,1
DA:5,1
DA:31,1
LF:5
LH:5
BRDA:3,0,0,0
BRDA:3,0,1,1
BRF:2
BRH:1
end_of_record
TN:
SF:models/wishProduct.js
FNF:0
FNH:0
DA:1,1
DA:2,1
DA:3,1
DA:5,1
DA:27,1
LF:5
LH:5
BRDA:3,0,0,0
BRDA:3,0,1,1
BRF:2
BRH:1
end_of_record
TN:
SF:routes/cartProduct.js
FN:7,(anonymous_0)
FN:47,(anonymous_1)
FN:110,(anonymous_2)
FN:152,(anonymous_3)
FN:184,(anonymous_4)
FN:187,(anonymous_5)
FNF:6
FNH:0
FNDA:0,(anonymous_0)
FNDA:0,(anonymous_1)
FNDA:0,(anonymous_2)
FNDA:0,(anonymous_3)
FNDA:0,(anonymous_4)
FNDA:0,(anonymous_5)
DA:1,1
DA:2,1
DA:3,1
DA:4,1
DA:5,1
DA:7,1
DA:8,0
DA:10,0
DA:11,0
DA:15,0
DA:35,0
DA:39,0
DA:47,1
DA:48,0
DA:49,0
DA:59,0
DA:60,0
DA:64,0
DA:79,0
DA:80,0
DA:85,0
DA:86,0
DA:89,0
DA:93,0
DA:98,0
DA:99,0
DA:100,0
DA:104,0
DA:110,1
DA:111,0
DA:112,0
DA:119,0
DA:120,0
DA:129,0
DA:135,0
DA:136,0
DA:140,0
DA:143,0
DA:146,0
DA:149,0
DA:152,1
DA:153,0
DA:154,0
DA:160,0
DA:161,0
DA:165,0
DA:171,0
DA:172,0
DA:173,0
DA:174,0
DA:178,0
DA:179,0
DA:184,1
DA:185,0
DA:186,0
DA:187,0
DA:188,0
DA:189,0
DA:191,0
DA:192,0
DA:193,0
DA:195,0
DA:199,0
DA:200,0
DA:206,1
LF:65
LH:11
BRDA:10,0,0,0
BRDA:10,0,1,0
BRDA:59,1,0,0
BRDA:59,1,1,0
BRDA:79,2,0,0
BRDA:79,2,1,0
BRDA:99,3,0,0
BRDA:99,3,1,0
BRDA:119,4,0,0
BRDA:119,4,1,0
BRDA:135,5,0,0
BRDA:135,5,1,0
BRDA:160,6,0,0
BRDA:160,6,1,0
BRDA:173,7,0,0
BRDA:173,7,1,0
BRF:16
BRH:0
end_of_record
TN:
SF:routes/product.js
FN:10,(anonymous_0)
FN:36,(anonymous_1)
FN:46,(anonymous_2)
FN:89,(anonymous_3)
FN:131,(anonymous_4)
FN:156,(anonymous_5)
FN:185,(anonymous_6)
FN:197,(anonymous_7)
FN:208,(anonymous_8)
FN:211,(anonymous_9)
FN:233,(anonymous_10)
FN:263,(anonymous_11)
FN:327,(anonymous_12)
FN:348,(anonymous_13)
FN:367,(anonymous_14)
FN:391,(anonymous_15)
FNF:16
FNH:0
FNDA:0,(anonymous_0)
FNDA:0,(anonymous_1)
FNDA:0,(anonymous_2)
FNDA:0,(anonymous_3)
FNDA:0,(anonymous_4)
FNDA:0,(anonymous_5)
FNDA:0,(anonymous_6)
FNDA:0,(anonymous_7)
FNDA:0,(anonymous_8)
FNDA:0,(anonymous_9)
FNDA:0,(anonymous_10)
FNDA:0,(anonymous_11)
FNDA:0,(anonymous_12)
FNDA:0,(anonymous_13)
FNDA:0,(anonymous_14)
FNDA:0,(anonymous_15)
DA:1,1
DA:2,1
DA:3,1
DA:4,1
DA:5,1
DA:6,1
DA:10,1
DA:11,0
DA:12,0
DA:18,0
DA:19,0
DA:23,0
DA:28,0
DA:29,0
DA:36,1
DA:37,0
DA:38,0
DA:39,0
DA:40,0
DA:41,0
DA:43,0
DA:44,0
DA:45,0
DA:47,0
DA:51,0
DA:53,0
DA:55,0
DA:56,0
DA:62,0
DA:63,0
DA:67,0
DA:68,0
DA:73,0
DA:74,0
DA:80,0
DA:81,0
DA:83,0
DA:84,0
DA:88,0
DA:89,0
DA:90,0
DA:91,0
DA:92,0
DA:93,0
DA:95,0
DA:97,0
DA:110,0
DA:115,0
DA:116,0
DA:117,0
DA:122,0
DA:123,0
DA:131,1
DA:132,0
DA:133,0
DA:138,0
DA:139,0
DA:143,0
DA:148,0
DA:149,0
DA:156,1
DA:157,0
DA:158,0
DA:159,0
DA:160,0
DA:161,0
DA:167,0
DA:168,0
DA:172,0
DA:177,0
DA:178,0
DA:185,1
DA:186,0
DA:192,0
DA:193,0
DA:197,0
DA:198,0
DA:202,0
DA:208,1
DA:209,0
DA:210,0
DA:211,0
DA:212,0
DA:213,0
DA:214,0
DA:215,0
DA:219,0
DA:223,0
DA:224,0
DA:233,1
DA:234,0
DA:235,0
DA:244,0
DA:245,0
DA:249,0
DA:250,0
DA:254,0
DA:255,0
DA:263,1
DA:264,0
DA:265,0
DA:271,0
DA:272,0
DA:298,0
DA:299,0
DA:300,0
DA:303,0
DA:306,0
DA:315,0
DA:319,0
DA:320,0
DA:327,1
DA:328,0
DA:329,0
DA:335,0
DA:336,0
DA:340,0
DA:341,0
DA:348,1
DA:349,0
DA:350,0
DA:355,0
DA:359,0
DA:360,0
DA:367,1
DA:368,0
DA:369,0
DA:374,0
DA:382,0
DA:383,0
DA:391,1
DA:392,0
DA:393,0
DA:394,0
DA:397,0
DA:398,0
DA:403,0
DA:404,0
DA:409,1
LF:139
LH:19
BRDA:18,0,0,0
BRDA:18,0,1,0
BRDA:43,1,0,0
BRDA:43,1,1,0
BRDA:55,2,0,0
BRDA:55,2,1,0
BRDA:73,3,0,0
BRDA:73,3,1,0
BRDA:88,4,0,0
BRDA:88,4,1,0
BRDA:88,5,0,0
BRDA:88,5,1,0
BRDA:90,6,0,0
BRDA:90,6,1,0
BRDA:90,7,0,0
BRDA:90,7,1,0
BRDA:92,8,0,0
BRDA:92,8,1,0
BRDA:92,9,0,0
BRDA:92,9,1,0
BRDA:101,10,0,0
BRDA:101,10,1,0
BRDA:102,11,0,0
BRDA:102,11,1,0
BRDA:104,12,0,0
BRDA:104,12,1,0
BRDA:116,13,0,0
BRDA:116,13,1,0
BRDA:135,14,0,0
BRDA:135,14,1,0
BRDA:138,15,0,0
BRDA:138,15,1,0
BRDA:167,16,0,0
BRDA:167,16,1,0
BRDA:192,17,0,0
BRDA:192,17,1,0
BRDA:249,18,0,0
BRDA:249,18,1,0
BRDA:254,19,0,0
BRDA:254,19,1,0
BRDA:271,20,0,0
BRDA:271,20,1,0
BRDA:298,21,0,0
BRDA:298,21,1,0
BRDA:298,22,0,0
BRDA:298,22,1,0
BRDA:299,23,0,0
BRDA:299,23,1,0
BRDA:307,24,0,0
BRDA:307,24,1,0
BRDA:308,25,0,0
BRDA:308,25,1,0
BRDA:309,26,0,0
BRDA:309,26,1,0
BRDA:310,27,0,0
BRDA:310,27,1,0
BRDA:311,28,0,0
BRDA:311,28,1,0
BRDA:312,29,0,0
BRDA:312,29,1,0
BRDA:313,30,0,0
BRDA:313,30,1,0
BRF:62
BRH:0
end_of_record
TN:
SF:routes/productCategory.js
FN:9,(anonymous_0)
FN:30,(anonymous_1)
FN:52,(anonymous_2)
FN:70,(anonymous_3)
FN:101,(anonymous_4)
FNF:5
FNH:0
FNDA:0,(anonymous_0)
FNDA:0,(anonymous_1)
FNDA:0,(anonymous_2)
FNDA:0,(anonymous_3)
FNDA:0,(anonymous_4)
DA:1,1
DA:2,1
DA:3,1
DA:4,1
DA:5,1
DA:6,1
DA:9,1
DA:10,0
DA:11,0
DA:12,0
DA:17,0
DA:22,0
DA:23,0
DA:30,1
DA:31,0
DA:32,0
DA:33,0
DA:36,0
DA:37,0
DA:39,0
DA:44,0
DA:45,0
DA:52,1
DA:53,0
DA:54,0
DA:62,0
DA:63,0
DA:70,1
DA:71,0
DA:72,0
DA:73,0
DA:74,0
DA:75,0
DA:76,0
DA:77,0
DA:78,0
DA:79,0
DA:80,0
DA:81,0
DA:83,0
DA:84,0
DA:88,0
DA:89,0
DA:90,0
DA:94,0
DA:101,1
DA:102,0
DA:103,0
DA:109,0
DA:114,0
DA:115,0
DA:121,1
LF:52
LH:12
BRDA:89,0,0,0
BRDA:89,0,1,0
BRF:2
BRH:0
end_of_record
TN:
SF:routes/productTag.js
FN:10,(anonymous_0)
FN:30,(anonymous_1)
FN:53,(anonymous_2)
FN:84,(anonymous_3)
FNF:4
FNH:0
FNDA:0,(anonymous_0)
FNDA:0,(anonymous_1)
FNDA:0,(anonymous_2)
FNDA:0,(anonymous_3)
DA:1,1
DA:2,1
DA:3,1
DA:4,1
DA:5,1
DA:6,1
DA:10,1
DA:11,0
DA:12,0
DA:17,0
DA:22,0
DA:23,0
DA:30,1
DA:31,0
DA:32,0
DA:33,0
DA:36,0
DA:37,0
DA:39,0
DA:44,0
DA:45,0
DA:53,1
DA:54,0
DA:55,0
DA:56,0
DA:57,0
DA:58,0
DA:59,0
DA:60,0
DA:61,0
DA:62,0
DA:63,0
DA:64,0
DA:66,0
DA:67,0
DA:71,0
DA:72,0
DA:73,0
DA:77,0
DA:84,1
DA:85,0
DA:86,0
DA:92,0
DA:97,0
DA:98,0
DA:104,1
LF:46
LH:11
BRDA:72,0,0,0
BRDA:72,0,1,0
BRF:2
BRH:0
end_of_record
TN:
SF:routes/ratingProduct.js
FN:7,(anonymous_0)
FN:26,(anonymous_1)
FN:46,(anonymous_2)
FNF:3
FNH:0
FNDA:0,(anonymous_0)
FNDA:0,(anonymous_1)
FNDA:0,(anonymous_2)
DA:1,1
DA:2,1
DA:3,1
DA:4,1
DA:7,1
DA:8,0
DA:9,0
DA:14,0
DA:18,0
DA:19,0
DA:26,1
DA:27,0
DA:28,0
DA:33,0
DA:37,0
DA:38,0
DA:46,1
DA:47,0
DA:48,0
DA:54,0
DA:55,0
DA:59,0
DA:60,0
DA:61,0
DA:65,0
DA:71,1
LF:26
LH:8
BRDA:52,0,0,0
BRDA:52,0,1,0
BRDA:60,1,0,0
BRDA:60,1,1,0
BRF:4
BRH:0
end_of_record
TN:
SF:routes/wishProduct.js
FN:7,(anonymous_0)
FN:50,(anonymous_1)
FN:73,(anonymous_2)
FN:104,(anonymous_3)
FNF:4
FNH:0
FNDA:0,(anonymous_0)
FNDA:0,(anonymous_1)
FNDA:0,(anonymous_2)
FNDA:0,(anonymous_3)
DA:1,1
DA:2,1
DA:3,1
DA:4,1
DA:5,1
DA:7,1
DA:8,0
DA:9,0
DA:10,0
DA:22,0
DA:23,0
DA:27,0
DA:33,0
DA:34,0
DA:38,0
DA:39,0
DA:40,0
DA:44,0
DA:50,1
DA:51,0
DA:52,0
DA:57,0
DA:58,0
DA:62,0
DA:66,0
DA:67,0
DA:73,1
DA:74,0
DA:75,0
DA:81,0
DA:82,0
DA:86,0
DA:93,0
DA:96,0
DA:100,0
DA:104,1
DA:105,0
DA:106,0
DA:112,0
DA:113,0
DA:117,0
DA:122,0
DA:123,0
DA:127,0
DA:130,1
LF:45
LH:10
BRDA:22,0,0,0
BRDA:22,0,1,0
BRDA:39,1,0,0
BRDA:39,1,1,0
BRDA:57,2,0,0
BRDA:57,2,1,0
BRDA:81,3,0,0
BRDA:81,3,1,0
BRDA:112,4,0,0
BRDA:112,4,1,0
BRF:10
BRH:0
end_of_record
TN:
SF:settings/database.js
FNF:0
FNH:0
DA:1,1
DA:3,1
DA:12,1
DA:21,1
LF:4
LH:4
BRF:0
BRH:0
end_of_record
TN:
SF:utils/utils.js
FN:1,(anonymous_0)
FNF:1
FNH:1
FNDA:73,(anonymous_0)
DA:1,1
DA:2,73
DA:3,73
DA:4,73
DA:8,1
LF:5
LH:5
BRF:0
BRH:0
end_of_record
