TN:
SF:app.js
FN:31,(anonymous_0)
FN:34,(anonymous_1)
FN:39,(anonymous_2)
FN:48,(anonymous_3)
FNF:4
FNH:2
FNDA:1,(anonymous_0)
FNDA:0,(anonymous_1)
FNDA:1,(anonymous_2)
FNDA:0,(anonymous_3)
DA:1,1
DA:2,1
DA:3,1
DA:4,1
DA:5,1
DA:6,1
DA:7,1
DA:8,1
DA:21,1
DA:22,1
DA:25,1
DA:26,1
DA:27,1
DA:28,1
DA:30,1
DA:32,1
DA:34,0
DA:37,1
DA:40,1
DA:41,1
DA:42,1
DA:48,0
DA:50,0
DA:51,0
DA:52,0
DA:53,0
DA:65,1
DA:68,1
DA:69,1
DA:70,1
DA:71,1
DA:72,1
DA:73,1
DA:77,1
LF:34
LH:28
BRDA:25,0,0,1
BRDA:25,0,1,0
BRDA:50,1,0,0
BRDA:50,1,1,0
BRF:4
BRH:1
end_of_record
TN:
SF:models/cartProduct.js
FNF:0
FNH:0
DA:1,1
DA:2,1
DA:3,1
DA:5,1
DA:27,1
LF:5
LH:5
BRDA:3,0,0,1
BRDA:3,0,1,0
BRF:2
BRH:1
end_of_record
TN:
SF:models/product.js
FNF:0
FNH:0
DA:1,1
DA:2,1
DA:3,1
DA:4,1
DA:6,1
DA:44,1
LF:6
LH:6
BRDA:4,0,0,1
BRDA:4,0,1,0
BRF:2
BRH:1
end_of_record
TN:
SF:models/productCategory.js
FNF:0
FNH:0
DA:1,1
DA:2,1
DA:3,1
DA:5,1
DA:22,1
LF:5
LH:5
BRDA:3,0,0,1
BRDA:3,0,1,0
BRF:2
BRH:1
end_of_record
TN:
SF:models/productTag.js
FNF:0
FNH:0
DA:1,1
DA:2,1
DA:3,1
DA:5,1
DA:24,1
LF:5
LH:5
BRDA:3,0,0,1
BRDA:3,0,1,0
BRF:2
BRH:1
end_of_record
TN:
SF:routes/cartProduct.js
FN:7,(anonymous_0)
FN:47,(anonymous_1)
FN:110,(anonymous_2)
FN:152,(anonymous_3)
FN:184,(anonymous_4)
FN:187,(anonymous_5)
FNF:6
FNH:0
FNDA:0,(anonymous_0)
FNDA:0,(anonymous_1)
FNDA:0,(anonymous_2)
FNDA:0,(anonymous_3)
FNDA:0,(anonymous_4)
FNDA:0,(anonymous_5)
DA:1,1
DA:2,1
DA:3,1
DA:4,1
DA:5,1
DA:7,1
DA:8,0
DA:10,0
DA:11,0
DA:15,0
DA:35,0
DA:39,0
DA:47,1
DA:48,0
DA:49,0
DA:59,0
DA:60,0
DA:64,0
DA:79,0
DA:80,0
DA:85,0
DA:86,0
DA:89,0
DA:93,0
DA:98,0
DA:99,0
DA:100,0
DA:104,0
DA:110,1
DA:111,0
DA:112,0
DA:119,0
DA:120,0
DA:129,0
DA:135,0
DA:136,0
DA:140,0
DA:143,0
DA:146,0
DA:149,0
DA:152,1
DA:153,0
DA:154,0
DA:160,0
DA:161,0
DA:165,0
DA:171,0
DA:172,0
DA:173,0
DA:174,0
DA:178,0
DA:179,0
DA:184,1
DA:185,0
DA:186,0
DA:187,0
DA:188,0
DA:189,0
DA:191,0
DA:192,0
DA:193,0
DA:195,0
DA:199,0
DA:200,0
DA:206,1
LF:65
LH:11
BRDA:10,0,0,0
BRDA:10,0,1,0
BRDA:59,1,0,0
BRDA:59,1,1,0
BRDA:79,2,0,0
BRDA:79,2,1,0
BRDA:99,3,0,0
BRDA:99,3,1,0
BRDA:119,4,0,0
BRDA:119,4,1,0
BRDA:135,5,0,0
BRDA:135,5,1,0
BRDA:160,6,0,0
BRDA:160,6,1,0
BRDA:173,7,0,0
BRDA:173,7,1,0
BRF:16
BRH:0
end_of_record
TN:
SF:routes/product.js
FN:9,(anonymous_0)
FN:35,(anonymous_1)
FN:44,(anonymous_2)
FN:68,(anonymous_3)
FN:73,(anonymous_4)
FN:114,(anonymous_5)
FN:142,(anonymous_6)
FN:171,(anonymous_7)
FN:183,(anonymous_8)
FN:194,(anonymous_9)
FN:197,(anonymous_10)
FN:219,(anonymous_11)
FN:249,(anonymous_12)
FN:264,(anonymous_13)
FN:275,(anonymous_14)
FN:314,(anonymous_15)
FN:335,(anonymous_16)
FN:354,(anonymous_17)
FNF:18
FNH:0
FNDA:0,(anonymous_0)
FNDA:0,(anonymous_1)
FNDA:0,(anonymous_2)
FNDA:0,(anonymous_3)
FNDA:0,(anonymous_4)
FNDA:0,(anonymous_5)
FNDA:0,(anonymous_6)
FNDA:0,(anonymous_7)
FNDA:0,(anonymous_8)
FNDA:0,(anonymous_9)
FNDA:0,(anonymous_10)
FNDA:0,(anonymous_11)
FNDA:0,(anonymous_12)
FNDA:0,(anonymous_13)
FNDA:0,(anonymous_14)
FNDA:0,(anonymous_15)
FNDA:0,(anonymous_16)
FNDA:0,(anonymous_17)
DA:1,1
DA:2,1
DA:3,1
DA:4,1
DA:5,1
DA:6,1
DA:9,1
DA:10,0
DA:11,0
DA:17,0
DA:18,0
DA:22,0
DA:27,0
DA:28,0
DA:35,1
DA:36,0
DA:37,0
DA:40,0
DA:41,0
DA:42,0
DA:43,0
DA:45,0
DA:49,0
DA:51,0
DA:59,0
DA:67,0
DA:69,0
DA:72,0
DA:74,0
DA:75,0
DA:79,0
DA:80,0
DA:94,0
DA:99,0
DA:100,0
DA:101,0
DA:106,0
DA:114,1
DA:115,0
DA:116,0
DA:117,0
DA:118,0
DA:119,0
DA:124,0
DA:125,0
DA:129,0
DA:134,0
DA:135,0
DA:142,1
DA:143,0
DA:144,0
DA:145,0
DA:146,0
DA:147,0
DA:153,0
DA:154,0
DA:158,0
DA:163,0
DA:164,0
DA:171,1
DA:172,0
DA:178,0
DA:179,0
DA:183,0
DA:184,0
DA:188,0
DA:194,1
DA:195,0
DA:196,0
DA:197,0
DA:198,0
DA:199,0
DA:200,0
DA:201,0
DA:205,0
DA:209,0
DA:210,0
DA:219,1
DA:220,0
DA:221,0
DA:230,0
DA:231,0
DA:235,0
DA:236,0
DA:240,0
DA:241,0
DA:249,1
DA:250,0
DA:251,0
DA:257,0
DA:258,0
DA:262,0
DA:263,0
DA:264,0
DA:265,0
DA:270,0
DA:273,0
DA:274,0
DA:275,0
DA:276,0
DA:281,0
DA:284,0
DA:285,0
DA:286,0
DA:289,0
DA:291,0
DA:302,0
DA:306,0
DA:307,0
DA:314,1
DA:315,0
DA:316,0
DA:322,0
DA:323,0
DA:327,0
DA:328,0
DA:335,1
DA:336,0
DA:337,0
DA:342,0
DA:346,0
DA:347,0
DA:354,1
DA:355,0
DA:356,0
DA:361,0
DA:369,0
DA:370,0
DA:376,1
LF:129
LH:18
BRDA:17,0,0,0
BRDA:17,0,1,0
BRDA:41,1,0,0
BRDA:41,1,1,0
BRDA:74,2,0,0
BRDA:74,2,1,0
BRDA:83,3,0,0
BRDA:83,3,1,0
BRDA:84,4,0,0
BRDA:84,4,1,0
BRDA:87,5,0,0
BRDA:87,5,1,0
BRDA:89,6,0,0
BRDA:89,6,1,0
BRDA:100,7,0,0
BRDA:100,7,1,0
BRDA:124,8,0,0
BRDA:124,8,1,0
BRDA:153,9,0,0
BRDA:153,9,1,0
BRDA:178,10,0,0
BRDA:178,10,1,0
BRDA:235,11,0,0
BRDA:235,11,1,0
BRDA:240,12,0,0
BRDA:240,12,1,0
BRDA:257,13,0,0
BRDA:257,13,1,0
BRDA:262,14,0,0
BRDA:262,14,1,0
BRDA:273,15,0,0
BRDA:273,15,1,0
BRDA:284,16,0,0
BRDA:284,16,1,0
BRDA:284,17,0,0
BRDA:284,17,1,0
BRDA:285,18,0,0
BRDA:285,18,1,0
BRDA:292,19,0,0
BRDA:292,19,1,0
BRDA:293,20,0,0
BRDA:293,20,1,0
BRDA:294,21,0,0
BRDA:294,21,1,0
BRDA:295,22,0,0
BRDA:295,22,1,0
BRDA:296,23,0,0
BRDA:296,23,1,0
BRDA:297,24,0,0
BRDA:297,24,1,0
BRDA:298,25,0,0
BRDA:298,25,1,0
BRDA:299,26,0,0
BRDA:299,26,1,0
BRDA:300,27,0,0
BRDA:300,27,1,0
BRF:56
BRH:0
end_of_record
TN:
SF:settings/database.js
FNF:0
FNH:0
DA:1,1
DA:3,1
DA:12,1
DA:21,1
LF:4
LH:4
BRF:0
BRH:0
end_of_record
TN:
SF:utils/utils.js
FN:1,(anonymous_0)
FNF:1
FNH:1
FNDA:39,(anonymous_0)
DA:1,1
DA:2,39
DA:3,39
DA:4,39
DA:9,1
LF:5
LH:5
BRF:0
BRH:0
end_of_record
